<?xml version="1.0" encoding="UTF-8"?>
<!-- Generated by org.testng.reporters.JUnitXMLReporter -->
<testsuite ignored="47" hostname="macbookpro" failures="10" tests="38" name="Default Test(failed)(failed)(failed)(failed)(failed)(failed)(failed)(failed)" time="4733.577" errors="0" timestamp="2025-10-03T18:13:35 IST">
  <testcase classname="Trial.Functions" name="@BeforeMethod setup" time="20.795">
    <failure type="org.openqa.selenium.SessionNotCreatedException" message="Could not start a new session. Response code 500. Message: An unknown server-side error occurred while processing the command. Original error: Could not find a connected Android device in 20220ms. 
Host info: host: &amp;apos;macbookpro&amp;apos;, ip: &amp;apos;fe80:0:0:0:4:af29:a702:1064%en0&amp;apos;
Build info: version: &amp;apos;4.16.1&amp;apos;, revision: &amp;apos;9b4c83354e&amp;apos;
System info: os.name: &amp;apos;Mac OS X&amp;apos;, os.arch: &amp;apos;x86_64&amp;apos;, os.version: &amp;apos;15.7&amp;apos;, java.version: &amp;apos;17.0.7&amp;apos;
Driver info: io.appium.java_client.android.AndroidDriver
Command: [null, newSession {capabilities=[{platformName=ANDROID}], desiredCapabilities=Capabilities {platformName: ANDROID}}]
Capabilities {platformName: ANDROID}">
      <![CDATA[org.openqa.selenium.SessionNotCreatedException: Could not start a new session. Response code 500. Message: An unknown server-side error occurred while processing the command. Original error: Could not find a connected Android device in 20220ms. 
Host info: host: 'macbookpro', ip: 'fe80:0:0:0:4:af29:a702:1064%en0'
Build info: version: '4.16.1', revision: '9b4c83354e'
System info: os.name: 'Mac OS X', os.arch: 'x86_64', os.version: '15.7', java.version: '17.0.7'
Driver info: io.appium.java_client.android.AndroidDriver
Command: [null, newSession {capabilities=[{platformName=ANDROID}], desiredCapabilities=Capabilities {platformName: ANDROID}}]
Capabilities {platformName: ANDROID}
at org.openqa.selenium.remote.ProtocolHandshake.createSession(ProtocolHandshake.java:140)
at io.appium.java_client.remote.AppiumProtocolHandshake.createSession(AppiumProtocolHandshake.java:133)
at io.appium.java_client.remote.AppiumProtocolHandshake.createSession(AppiumProtocolHandshake.java:102)
at io.appium.java_client.remote.AppiumCommandExecutor.createSession(AppiumCommandExecutor.java:176)
at io.appium.java_client.remote.AppiumCommandExecutor.execute(AppiumCommandExecutor.java:237)
at org.openqa.selenium.remote.RemoteWebDriver.execute(RemoteWebDriver.java:523)
at io.appium.java_client.AppiumDriver.startSession(AppiumDriver.java:268)
at org.openqa.selenium.remote.RemoteWebDriver.<init>(RemoteWebDriver.java:164)
at io.appium.java_client.AppiumDriver.<init>(AppiumDriver.java:90)
at io.appium.java_client.AppiumDriver.<init>(AppiumDriver.java:102)
at io.appium.java_client.android.AndroidDriver.<init>(AndroidDriver.java:109)
at Trial.Functions.setup(Functions.java:1879)
at java.base/java.util.ArrayList.forEach(ArrayList.java:1511)
... Removed 33 stack frames]]>
    </failure>
  </testcase> <!-- @BeforeMethod setup -->
  <testcase classname="Trial.LiveStream_script" name="@AfterMethod tearDown" time="0.0">
    <skipped/>
  </testcase> <!-- @AfterMethod tearDown -->
  <testcase classname="Trial.Functions" name="@BeforeMethod setup" time="0.0">
    <skipped/>
  </testcase> <!-- @BeforeMethod setup -->
  <testcase classname="Trial.LiveStream_script" name="@AfterMethod tearDown" time="0.0">
    <skipped/>
  </testcase> <!-- @AfterMethod tearDown -->
  <testcase classname="Trial.Functions" name="@BeforeMethod setup" time="0.0">
    <skipped/>
  </testcase> <!-- @BeforeMethod setup -->
  <testcase classname="Trial.LiveStream_script" name="@AfterMethod tearDown" time="0.0">
    <skipped/>
  </testcase> <!-- @AfterMethod tearDown -->
  <testcase classname="Trial.Functions" name="@BeforeMethod setup" time="0.0">
    <skipped/>
  </testcase> <!-- @BeforeMethod setup -->
  <testcase classname="Trial.LiveStream_script" name="@AfterMethod tearDown" time="0.0">
    <skipped/>
  </testcase> <!-- @AfterMethod tearDown -->
  <testcase classname="Trial.Functions" name="@BeforeMethod setup" time="0.0">
    <skipped/>
  </testcase> <!-- @BeforeMethod setup -->
  <testcase classname="Trial.LiveStream_script" name="@AfterMethod tearDown" time="0.0">
    <skipped/>
  </testcase> <!-- @AfterMethod tearDown -->
  <testcase classname="Trial.Functions" name="@BeforeMethod setup" time="20.32">
    <failure type="org.openqa.selenium.SessionNotCreatedException" message="Could not start a new session. Response code 500. Message: An unknown server-side error occurred while processing the command. Original error: Could not find a connected Android device in 20106ms. 
Host info: host: &amp;apos;macbookpro&amp;apos;, ip: &amp;apos;fe80:0:0:0:4:af29:a702:1064%en0&amp;apos;
Build info: version: &amp;apos;4.16.1&amp;apos;, revision: &amp;apos;9b4c83354e&amp;apos;
System info: os.name: &amp;apos;Mac OS X&amp;apos;, os.arch: &amp;apos;x86_64&amp;apos;, os.version: &amp;apos;15.7&amp;apos;, java.version: &amp;apos;17.0.7&amp;apos;
Driver info: io.appium.java_client.android.AndroidDriver
Command: [null, newSession {capabilities=[{platformName=ANDROID}], desiredCapabilities=Capabilities {platformName: ANDROID}}]
Capabilities {platformName: ANDROID}">
      <![CDATA[org.openqa.selenium.SessionNotCreatedException: Could not start a new session. Response code 500. Message: An unknown server-side error occurred while processing the command. Original error: Could not find a connected Android device in 20106ms. 
Host info: host: 'macbookpro', ip: 'fe80:0:0:0:4:af29:a702:1064%en0'
Build info: version: '4.16.1', revision: '9b4c83354e'
System info: os.name: 'Mac OS X', os.arch: 'x86_64', os.version: '15.7', java.version: '17.0.7'
Driver info: io.appium.java_client.android.AndroidDriver
Command: [null, newSession {capabilities=[{platformName=ANDROID}], desiredCapabilities=Capabilities {platformName: ANDROID}}]
Capabilities {platformName: ANDROID}
at org.openqa.selenium.remote.ProtocolHandshake.createSession(ProtocolHandshake.java:140)
at io.appium.java_client.remote.AppiumProtocolHandshake.createSession(AppiumProtocolHandshake.java:133)
at io.appium.java_client.remote.AppiumProtocolHandshake.createSession(AppiumProtocolHandshake.java:102)
at io.appium.java_client.remote.AppiumCommandExecutor.createSession(AppiumCommandExecutor.java:176)
at io.appium.java_client.remote.AppiumCommandExecutor.execute(AppiumCommandExecutor.java:237)
at org.openqa.selenium.remote.RemoteWebDriver.execute(RemoteWebDriver.java:523)
at io.appium.java_client.AppiumDriver.startSession(AppiumDriver.java:268)
at org.openqa.selenium.remote.RemoteWebDriver.<init>(RemoteWebDriver.java:164)
at io.appium.java_client.AppiumDriver.<init>(AppiumDriver.java:90)
at io.appium.java_client.AppiumDriver.<init>(AppiumDriver.java:102)
at io.appium.java_client.android.AndroidDriver.<init>(AndroidDriver.java:109)
at Trial.Functions.setup(Functions.java:1879)
at java.base/java.util.ArrayList.forEach(ArrayList.java:1511)
... Removed 33 stack frames]]>
    </failure>
  </testcase> <!-- @BeforeMethod setup -->
  <testcase classname="Trial.Reel_Script" name="@AfterMethod tearDown" time="0.0">
    <skipped/>
  </testcase> <!-- @AfterMethod tearDown -->
  <testcase classname="Trial.Functions" name="@BeforeMethod setup" time="0.0">
    <skipped/>
  </testcase> <!-- @BeforeMethod setup -->
  <testcase classname="Trial.Reel_Script" name="@AfterMethod tearDown" time="0.0">
    <skipped/>
  </testcase> <!-- @AfterMethod tearDown -->
  <testcase classname="Trial.Functions" name="@BeforeMethod setup" time="0.0">
    <skipped/>
  </testcase> <!-- @BeforeMethod setup -->
  <testcase classname="Trial.Reel_Script" name="@AfterMethod tearDown" time="0.0">
    <skipped/>
  </testcase> <!-- @AfterMethod tearDown -->
  <testcase classname="Trial.Functions" name="@BeforeMethod setup" time="0.0">
    <skipped/>
  </testcase> <!-- @BeforeMethod setup -->
  <testcase classname="Trial.Reel_Script" name="@AfterMethod tearDown" time="0.0">
    <skipped/>
  </testcase> <!-- @AfterMethod tearDown -->
  <testcase classname="Trial.Functions" name="@BeforeMethod setup" time="0.0">
    <skipped/>
  </testcase> <!-- @BeforeMethod setup -->
  <testcase classname="Trial.Reel_Script" name="@AfterMethod tearDown" time="0.0">
    <skipped/>
  </testcase> <!-- @AfterMethod tearDown -->
  <testcase classname="Trial.Functions" name="@BeforeMethod setup" time="0.0">
    <skipped/>
  </testcase> <!-- @BeforeMethod setup -->
  <testcase classname="Trial.Reel_Script" name="@AfterMethod tearDown" time="0.0">
    <skipped/>
  </testcase> <!-- @AfterMethod tearDown -->
  <testcase classname="Trial.Functions" name="@BeforeMethod setup" time="0.0">
    <skipped/>
  </testcase> <!-- @BeforeMethod setup -->
  <testcase classname="Trial.Reel_Script" name="@AfterMethod tearDown" time="0.0">
    <skipped/>
  </testcase> <!-- @AfterMethod tearDown -->
  <testcase classname="Trial.Functions" name="@BeforeMethod setup" time="0.0">
    <skipped/>
  </testcase> <!-- @BeforeMethod setup -->
  <testcase classname="Trial.Reel_Script" name="@AfterMethod tearDown" time="0.0">
    <skipped/>
  </testcase> <!-- @AfterMethod tearDown -->
  <testcase classname="Trial.Functions" name="@BeforeMethod setup" time="0.0">
    <skipped/>
  </testcase> <!-- @BeforeMethod setup -->
  <testcase classname="Trial.Reel_Script" name="@AfterMethod tearDown" time="0.0">
    <skipped/>
  </testcase> <!-- @AfterMethod tearDown -->
  <testcase classname="Trial.Functions" name="@BeforeMethod setup" time="0.0">
    <skipped/>
  </testcase> <!-- @BeforeMethod setup -->
  <testcase classname="Trial.Reel_Script" name="@AfterMethod tearDown" time="0.0">
    <skipped/>
  </testcase> <!-- @AfterMethod tearDown -->
  <testcase classname="Trial.Functions" name="@BeforeMethod setup" time="0.0">
    <skipped/>
  </testcase> <!-- @BeforeMethod setup -->
  <testcase classname="Trial.Reel_Script" name="@AfterMethod tearDown" time="0.0">
    <skipped/>
  </testcase> <!-- @AfterMethod tearDown -->
  <testcase classname="Trial.Functions" name="@BeforeMethod setup" time="0.0">
    <skipped/>
  </testcase> <!-- @BeforeMethod setup -->
  <testcase classname="Trial.Reel_Script" name="@AfterMethod tearDown" time="0.0">
    <skipped/>
  </testcase> <!-- @AfterMethod tearDown -->
  <testcase classname="Trial.Functions" name="@BeforeMethod setup" time="0.0">
    <skipped/>
  </testcase> <!-- @BeforeMethod setup -->
  <testcase classname="Trial.Reel_Script" name="@AfterMethod tearDown" time="0.0">
    <skipped/>
  </testcase> <!-- @AfterMethod tearDown -->
  <testcase classname="Trial.Video_Script" name="tearDown" time="0.606"/>
  <testcase classname="Trial.Video_Script" name="SearcchVideoplayerComment10" time="202.186">
    <skipped/>
  </testcase> <!-- SearcchVideoplayerComment10 -->
  <testcase classname="Trial.Video_Script" name="SearcchVideoplayerComment10" time="202.066">
    <failure type="org.openqa.selenium.TimeoutException" message="Expected condition failed: waiting for Trial.Functions$1@24d8f87a (tried for 200 second(s) with 500 milliseconds interval)
Build info: version: &amp;apos;4.16.1&amp;apos;, revision: &amp;apos;9b4c83354e&amp;apos;
System info: os.name: &amp;apos;Mac OS X&amp;apos;, os.arch: &amp;apos;x86_64&amp;apos;, os.version: &amp;apos;15.7&amp;apos;, java.version: &amp;apos;17.0.7&amp;apos;
Driver info: io.appium.java_client.android.AndroidDriver
Capabilities {appium:appActivity: com.threesixteen.app.ui.act..., appium:appPackage: com.threesixteen.app, appium:autoGrantPermissions: true, appium:automationName: UiAutomator2, appium:databaseEnabled: false, appium:desired: {appActivity: com.threesixteen.app.ui.act..., appPackage: com.threesixteen.app, autoGrantPermissions: true, automationName: UiAutomator2, disableSuppressAccessibilityService: true, ignoreHiddenApiPolicyError: true, noReset: true, platformName: ANDROID, platformVersion: 14}, appium:deviceApiLevel: 34, appium:deviceManufacturer: vivo, appium:deviceModel: I2127, appium:deviceName: 13793294180004Z, appium:deviceScreenDensity: 440, appium:deviceScreenSize: 1080x2408, appium:deviceUDID: 13793294180004Z, appium:disableSuppressAccessibilityService: true, appium:ignoreHiddenApiPolicyError: true, appium:javascriptEnabled: true, appium:locationContextEnabled: false, appium:networkConnectionEnabled: true, appium:noReset: true, appium:pixelRatio: 2.75, appium:platformVersion: 14, appium:statBarHeight: 88, appium:takesScreenshot: true, appium:viewportRect: {height: 2138, left: 0, top: 88, width: 1080}, appium:warnings: {}, appium:webStorageEnabled: false, platformName: ANDROID}
Session ID: 109df9b6-9c79-4369-b033-c7337b73b620">
      <![CDATA[org.openqa.selenium.TimeoutException: Expected condition failed: waiting for Trial.Functions$1@24d8f87a (tried for 200 second(s) with 500 milliseconds interval)
Build info: version: '4.16.1', revision: '9b4c83354e'
System info: os.name: 'Mac OS X', os.arch: 'x86_64', os.version: '15.7', java.version: '17.0.7'
Driver info: io.appium.java_client.android.AndroidDriver
Capabilities {appium:appActivity: com.threesixteen.app.ui.act..., appium:appPackage: com.threesixteen.app, appium:autoGrantPermissions: true, appium:automationName: UiAutomator2, appium:databaseEnabled: false, appium:desired: {appActivity: com.threesixteen.app.ui.act..., appPackage: com.threesixteen.app, autoGrantPermissions: true, automationName: UiAutomator2, disableSuppressAccessibilityService: true, ignoreHiddenApiPolicyError: true, noReset: true, platformName: ANDROID, platformVersion: 14}, appium:deviceApiLevel: 34, appium:deviceManufacturer: vivo, appium:deviceModel: I2127, appium:deviceName: 13793294180004Z, appium:deviceScreenDensity: 440, appium:deviceScreenSize: 1080x2408, appium:deviceUDID: 13793294180004Z, appium:disableSuppressAccessibilityService: true, appium:ignoreHiddenApiPolicyError: true, appium:javascriptEnabled: true, appium:locationContextEnabled: false, appium:networkConnectionEnabled: true, appium:noReset: true, appium:pixelRatio: 2.75, appium:platformVersion: 14, appium:statBarHeight: 88, appium:takesScreenshot: true, appium:viewportRect: {height: 2138, left: 0, top: 88, width: 1080}, appium:warnings: {}, appium:webStorageEnabled: false, platformName: ANDROID}
Session ID: 109df9b6-9c79-4369-b033-c7337b73b620
at org.openqa.selenium.support.ui.WebDriverWait.timeoutException(WebDriverWait.java:84)
at org.openqa.selenium.support.ui.FluentWait.until(FluentWait.java:229)
at Trial.Functions.clickAndWaitForElementWithXpath1(Functions.java:47)
at Trial.Functions.OpenSearch(Functions.java:1149)
at Trial.Video_Script.SearcchVideoplayerComment10(Video_Script.java:354)
at java.base/java.util.ArrayList.forEach(ArrayList.java:1511)
... Removed 27 stack frames]]>
    </failure>
  </testcase> <!-- SearcchVideoplayerComment10 -->
  <testcase classname="Trial.Video_Script" name="searchvideoplayerLikeWatchNWin11" time="203.065">
    <skipped/>
  </testcase> <!-- searchvideoplayerLikeWatchNWin11 -->
  <testcase classname="Trial.Video_Script" name="searchvideoplayerLikeWatchNWin11" time="201.31">
    <failure type="org.openqa.selenium.TimeoutException" message="Expected condition failed: waiting for Trial.Functions$1@10b3ea72 (tried for 200 second(s) with 500 milliseconds interval)
Build info: version: &amp;apos;4.16.1&amp;apos;, revision: &amp;apos;9b4c83354e&amp;apos;
System info: os.name: &amp;apos;Mac OS X&amp;apos;, os.arch: &amp;apos;x86_64&amp;apos;, os.version: &amp;apos;15.7&amp;apos;, java.version: &amp;apos;17.0.7&amp;apos;
Driver info: io.appium.java_client.android.AndroidDriver
Capabilities {appium:appActivity: com.threesixteen.app.ui.act..., appium:appPackage: com.threesixteen.app, appium:autoGrantPermissions: true, appium:automationName: UiAutomator2, appium:databaseEnabled: false, appium:desired: {appActivity: com.threesixteen.app.ui.act..., appPackage: com.threesixteen.app, autoGrantPermissions: true, automationName: UiAutomator2, disableSuppressAccessibilityService: true, ignoreHiddenApiPolicyError: true, noReset: true, platformName: ANDROID, platformVersion: 14}, appium:deviceApiLevel: 34, appium:deviceManufacturer: vivo, appium:deviceModel: I2127, appium:deviceName: 13793294180004Z, appium:deviceScreenDensity: 440, appium:deviceScreenSize: 1080x2408, appium:deviceUDID: 13793294180004Z, appium:disableSuppressAccessibilityService: true, appium:ignoreHiddenApiPolicyError: true, appium:javascriptEnabled: true, appium:locationContextEnabled: false, appium:networkConnectionEnabled: true, appium:noReset: true, appium:pixelRatio: 2.75, appium:platformVersion: 14, appium:statBarHeight: 88, appium:takesScreenshot: true, appium:viewportRect: {height: 2138, left: 0, top: 88, width: 1080}, appium:warnings: {}, appium:webStorageEnabled: false, platformName: ANDROID}
Session ID: 92626fa0-a9d7-41a4-a88b-8d42b67fe52c">
      <![CDATA[org.openqa.selenium.TimeoutException: Expected condition failed: waiting for Trial.Functions$1@10b3ea72 (tried for 200 second(s) with 500 milliseconds interval)
Build info: version: '4.16.1', revision: '9b4c83354e'
System info: os.name: 'Mac OS X', os.arch: 'x86_64', os.version: '15.7', java.version: '17.0.7'
Driver info: io.appium.java_client.android.AndroidDriver
Capabilities {appium:appActivity: com.threesixteen.app.ui.act..., appium:appPackage: com.threesixteen.app, appium:autoGrantPermissions: true, appium:automationName: UiAutomator2, appium:databaseEnabled: false, appium:desired: {appActivity: com.threesixteen.app.ui.act..., appPackage: com.threesixteen.app, autoGrantPermissions: true, automationName: UiAutomator2, disableSuppressAccessibilityService: true, ignoreHiddenApiPolicyError: true, noReset: true, platformName: ANDROID, platformVersion: 14}, appium:deviceApiLevel: 34, appium:deviceManufacturer: vivo, appium:deviceModel: I2127, appium:deviceName: 13793294180004Z, appium:deviceScreenDensity: 440, appium:deviceScreenSize: 1080x2408, appium:deviceUDID: 13793294180004Z, appium:disableSuppressAccessibilityService: true, appium:ignoreHiddenApiPolicyError: true, appium:javascriptEnabled: true, appium:locationContextEnabled: false, appium:networkConnectionEnabled: true, appium:noReset: true, appium:pixelRatio: 2.75, appium:platformVersion: 14, appium:statBarHeight: 88, appium:takesScreenshot: true, appium:viewportRect: {height: 2138, left: 0, top: 88, width: 1080}, appium:warnings: {}, appium:webStorageEnabled: false, platformName: ANDROID}
Session ID: 92626fa0-a9d7-41a4-a88b-8d42b67fe52c
at org.openqa.selenium.support.ui.WebDriverWait.timeoutException(WebDriverWait.java:84)
at org.openqa.selenium.support.ui.FluentWait.until(FluentWait.java:229)
at Trial.Functions.clickAndWaitForElementWithXpath1(Functions.java:47)
at Trial.Functions.OpenSearch(Functions.java:1149)
at Trial.Video_Script.searchvideoplayerLikeWatchNWin11(Video_Script.java:396)
at java.base/java.util.ArrayList.forEach(ArrayList.java:1511)
... Removed 27 stack frames]]>
    </failure>
  </testcase> <!-- searchvideoplayerLikeWatchNWin11 -->
  <testcase classname="Trial.Video_Script" name="IRLSearchVideoTest12" time="201.698">
    <skipped/>
  </testcase> <!-- IRLSearchVideoTest12 -->
  <testcase classname="Trial.Video_Script" name="IRLSearchVideoTest12" time="201.707">
    <failure type="org.openqa.selenium.TimeoutException" message="Expected condition failed: waiting for Trial.Functions$1@5246453e (tried for 200 second(s) with 500 milliseconds interval)
Build info: version: &amp;apos;4.16.1&amp;apos;, revision: &amp;apos;9b4c83354e&amp;apos;
System info: os.name: &amp;apos;Mac OS X&amp;apos;, os.arch: &amp;apos;x86_64&amp;apos;, os.version: &amp;apos;15.7&amp;apos;, java.version: &amp;apos;17.0.7&amp;apos;
Driver info: io.appium.java_client.android.AndroidDriver
Capabilities {appium:appActivity: com.threesixteen.app.ui.act..., appium:appPackage: com.threesixteen.app, appium:autoGrantPermissions: true, appium:automationName: UiAutomator2, appium:databaseEnabled: false, appium:desired: {appActivity: com.threesixteen.app.ui.act..., appPackage: com.threesixteen.app, autoGrantPermissions: true, automationName: UiAutomator2, disableSuppressAccessibilityService: true, ignoreHiddenApiPolicyError: true, noReset: true, platformName: ANDROID, platformVersion: 14}, appium:deviceApiLevel: 34, appium:deviceManufacturer: vivo, appium:deviceModel: I2127, appium:deviceName: 13793294180004Z, appium:deviceScreenDensity: 440, appium:deviceScreenSize: 1080x2408, appium:deviceUDID: 13793294180004Z, appium:disableSuppressAccessibilityService: true, appium:ignoreHiddenApiPolicyError: true, appium:javascriptEnabled: true, appium:locationContextEnabled: false, appium:networkConnectionEnabled: true, appium:noReset: true, appium:pixelRatio: 2.75, appium:platformVersion: 14, appium:statBarHeight: 88, appium:takesScreenshot: true, appium:viewportRect: {height: 2138, left: 0, top: 88, width: 1080}, appium:warnings: {}, appium:webStorageEnabled: false, platformName: ANDROID}
Session ID: 55b8aeba-6d26-4fde-bb45-a5db113fcb06">
      <![CDATA[org.openqa.selenium.TimeoutException: Expected condition failed: waiting for Trial.Functions$1@5246453e (tried for 200 second(s) with 500 milliseconds interval)
Build info: version: '4.16.1', revision: '9b4c83354e'
System info: os.name: 'Mac OS X', os.arch: 'x86_64', os.version: '15.7', java.version: '17.0.7'
Driver info: io.appium.java_client.android.AndroidDriver
Capabilities {appium:appActivity: com.threesixteen.app.ui.act..., appium:appPackage: com.threesixteen.app, appium:autoGrantPermissions: true, appium:automationName: UiAutomator2, appium:databaseEnabled: false, appium:desired: {appActivity: com.threesixteen.app.ui.act..., appPackage: com.threesixteen.app, autoGrantPermissions: true, automationName: UiAutomator2, disableSuppressAccessibilityService: true, ignoreHiddenApiPolicyError: true, noReset: true, platformName: ANDROID, platformVersion: 14}, appium:deviceApiLevel: 34, appium:deviceManufacturer: vivo, appium:deviceModel: I2127, appium:deviceName: 13793294180004Z, appium:deviceScreenDensity: 440, appium:deviceScreenSize: 1080x2408, appium:deviceUDID: 13793294180004Z, appium:disableSuppressAccessibilityService: true, appium:ignoreHiddenApiPolicyError: true, appium:javascriptEnabled: true, appium:locationContextEnabled: false, appium:networkConnectionEnabled: true, appium:noReset: true, appium:pixelRatio: 2.75, appium:platformVersion: 14, appium:statBarHeight: 88, appium:takesScreenshot: true, appium:viewportRect: {height: 2138, left: 0, top: 88, width: 1080}, appium:warnings: {}, appium:webStorageEnabled: false, platformName: ANDROID}
Session ID: 55b8aeba-6d26-4fde-bb45-a5db113fcb06
at org.openqa.selenium.support.ui.WebDriverWait.timeoutException(WebDriverWait.java:84)
at org.openqa.selenium.support.ui.FluentWait.until(FluentWait.java:229)
at Trial.Functions.clickAndWaitForElementWithXpath1(Functions.java:47)
at Trial.Functions.OpenSearch(Functions.java:1149)
at Trial.Video_Script.IRLSearchVideoTest12(Video_Script.java:445)
at java.base/java.util.ArrayList.forEach(ArrayList.java:1511)
... Removed 27 stack frames]]>
    </failure>
  </testcase> <!-- IRLSearchVideoTest12 -->
  <testcase classname="Trial.Video_Script" name="MinecraftSearchVideoTest13" time="202.178">
    <skipped/>
  </testcase> <!-- MinecraftSearchVideoTest13 -->
  <testcase classname="Trial.Video_Script" name="MinecraftSearchVideoTest13" time="201.469">
    <failure type="org.openqa.selenium.TimeoutException" message="Expected condition failed: waiting for Trial.Functions$1@51db8b10 (tried for 200 second(s) with 500 milliseconds interval)
Build info: version: &amp;apos;4.16.1&amp;apos;, revision: &amp;apos;9b4c83354e&amp;apos;
System info: os.name: &amp;apos;Mac OS X&amp;apos;, os.arch: &amp;apos;x86_64&amp;apos;, os.version: &amp;apos;15.7&amp;apos;, java.version: &amp;apos;17.0.7&amp;apos;
Driver info: io.appium.java_client.android.AndroidDriver
Capabilities {appium:appActivity: com.threesixteen.app.ui.act..., appium:appPackage: com.threesixteen.app, appium:autoGrantPermissions: true, appium:automationName: UiAutomator2, appium:databaseEnabled: false, appium:desired: {appActivity: com.threesixteen.app.ui.act..., appPackage: com.threesixteen.app, autoGrantPermissions: true, automationName: UiAutomator2, disableSuppressAccessibilityService: true, ignoreHiddenApiPolicyError: true, noReset: true, platformName: ANDROID, platformVersion: 14}, appium:deviceApiLevel: 34, appium:deviceManufacturer: vivo, appium:deviceModel: I2127, appium:deviceName: 13793294180004Z, appium:deviceScreenDensity: 440, appium:deviceScreenSize: 1080x2408, appium:deviceUDID: 13793294180004Z, appium:disableSuppressAccessibilityService: true, appium:ignoreHiddenApiPolicyError: true, appium:javascriptEnabled: true, appium:locationContextEnabled: false, appium:networkConnectionEnabled: true, appium:noReset: true, appium:pixelRatio: 2.75, appium:platformVersion: 14, appium:statBarHeight: 88, appium:takesScreenshot: true, appium:viewportRect: {height: 2138, left: 0, top: 88, width: 1080}, appium:warnings: {}, appium:webStorageEnabled: false, platformName: ANDROID}
Session ID: 0a5880d2-92b6-450b-8982-60efd0b6fccc">
      <![CDATA[org.openqa.selenium.TimeoutException: Expected condition failed: waiting for Trial.Functions$1@51db8b10 (tried for 200 second(s) with 500 milliseconds interval)
Build info: version: '4.16.1', revision: '9b4c83354e'
System info: os.name: 'Mac OS X', os.arch: 'x86_64', os.version: '15.7', java.version: '17.0.7'
Driver info: io.appium.java_client.android.AndroidDriver
Capabilities {appium:appActivity: com.threesixteen.app.ui.act..., appium:appPackage: com.threesixteen.app, appium:autoGrantPermissions: true, appium:automationName: UiAutomator2, appium:databaseEnabled: false, appium:desired: {appActivity: com.threesixteen.app.ui.act..., appPackage: com.threesixteen.app, autoGrantPermissions: true, automationName: UiAutomator2, disableSuppressAccessibilityService: true, ignoreHiddenApiPolicyError: true, noReset: true, platformName: ANDROID, platformVersion: 14}, appium:deviceApiLevel: 34, appium:deviceManufacturer: vivo, appium:deviceModel: I2127, appium:deviceName: 13793294180004Z, appium:deviceScreenDensity: 440, appium:deviceScreenSize: 1080x2408, appium:deviceUDID: 13793294180004Z, appium:disableSuppressAccessibilityService: true, appium:ignoreHiddenApiPolicyError: true, appium:javascriptEnabled: true, appium:locationContextEnabled: false, appium:networkConnectionEnabled: true, appium:noReset: true, appium:pixelRatio: 2.75, appium:platformVersion: 14, appium:statBarHeight: 88, appium:takesScreenshot: true, appium:viewportRect: {height: 2138, left: 0, top: 88, width: 1080}, appium:warnings: {}, appium:webStorageEnabled: false, platformName: ANDROID}
Session ID: 0a5880d2-92b6-450b-8982-60efd0b6fccc
at org.openqa.selenium.support.ui.WebDriverWait.timeoutException(WebDriverWait.java:84)
at org.openqa.selenium.support.ui.FluentWait.until(FluentWait.java:229)
at Trial.Functions.clickAndWaitForElementWithXpath1(Functions.java:47)
at Trial.Functions.OpenSearch(Functions.java:1149)
at Trial.Video_Script.MinecraftSearchVideoTest13(Video_Script.java:472)
at java.base/java.util.ArrayList.forEach(ArrayList.java:1511)
... Removed 27 stack frames]]>
    </failure>
  </testcase> <!-- MinecraftSearchVideoTest13 -->
  <testcase classname="Trial.Video_Script" name="MinecraftSearchVideolikecommentandsharecount19" time="202.304">
    <skipped/>
  </testcase> <!-- MinecraftSearchVideolikecommentandsharecount19 -->
  <testcase classname="Trial.Video_Script" name="MinecraftSearchVideolikecommentandsharecount19" time="201.843">
    <failure type="org.openqa.selenium.TimeoutException" message="Expected condition failed: waiting for Trial.Functions$1@6ef99da8 (tried for 200 second(s) with 500 milliseconds interval)
Build info: version: &amp;apos;4.16.1&amp;apos;, revision: &amp;apos;9b4c83354e&amp;apos;
System info: os.name: &amp;apos;Mac OS X&amp;apos;, os.arch: &amp;apos;x86_64&amp;apos;, os.version: &amp;apos;15.7&amp;apos;, java.version: &amp;apos;17.0.7&amp;apos;
Driver info: io.appium.java_client.android.AndroidDriver
Capabilities {appium:appActivity: com.threesixteen.app.ui.act..., appium:appPackage: com.threesixteen.app, appium:autoGrantPermissions: true, appium:automationName: UiAutomator2, appium:databaseEnabled: false, appium:desired: {appActivity: com.threesixteen.app.ui.act..., appPackage: com.threesixteen.app, autoGrantPermissions: true, automationName: UiAutomator2, disableSuppressAccessibilityService: true, ignoreHiddenApiPolicyError: true, noReset: true, platformName: ANDROID, platformVersion: 14}, appium:deviceApiLevel: 34, appium:deviceManufacturer: vivo, appium:deviceModel: I2127, appium:deviceName: 13793294180004Z, appium:deviceScreenDensity: 440, appium:deviceScreenSize: 1080x2408, appium:deviceUDID: 13793294180004Z, appium:disableSuppressAccessibilityService: true, appium:ignoreHiddenApiPolicyError: true, appium:javascriptEnabled: true, appium:locationContextEnabled: false, appium:networkConnectionEnabled: true, appium:noReset: true, appium:pixelRatio: 2.75, appium:platformVersion: 14, appium:statBarHeight: 88, appium:takesScreenshot: true, appium:viewportRect: {height: 2138, left: 0, top: 88, width: 1080}, appium:warnings: {}, appium:webStorageEnabled: false, platformName: ANDROID}
Session ID: 1839d059-fd17-460e-b320-d10f1d10daad">
      <![CDATA[org.openqa.selenium.TimeoutException: Expected condition failed: waiting for Trial.Functions$1@6ef99da8 (tried for 200 second(s) with 500 milliseconds interval)
Build info: version: '4.16.1', revision: '9b4c83354e'
System info: os.name: 'Mac OS X', os.arch: 'x86_64', os.version: '15.7', java.version: '17.0.7'
Driver info: io.appium.java_client.android.AndroidDriver
Capabilities {appium:appActivity: com.threesixteen.app.ui.act..., appium:appPackage: com.threesixteen.app, appium:autoGrantPermissions: true, appium:automationName: UiAutomator2, appium:databaseEnabled: false, appium:desired: {appActivity: com.threesixteen.app.ui.act..., appPackage: com.threesixteen.app, autoGrantPermissions: true, automationName: UiAutomator2, disableSuppressAccessibilityService: true, ignoreHiddenApiPolicyError: true, noReset: true, platformName: ANDROID, platformVersion: 14}, appium:deviceApiLevel: 34, appium:deviceManufacturer: vivo, appium:deviceModel: I2127, appium:deviceName: 13793294180004Z, appium:deviceScreenDensity: 440, appium:deviceScreenSize: 1080x2408, appium:deviceUDID: 13793294180004Z, appium:disableSuppressAccessibilityService: true, appium:ignoreHiddenApiPolicyError: true, appium:javascriptEnabled: true, appium:locationContextEnabled: false, appium:networkConnectionEnabled: true, appium:noReset: true, appium:pixelRatio: 2.75, appium:platformVersion: 14, appium:statBarHeight: 88, appium:takesScreenshot: true, appium:viewportRect: {height: 2138, left: 0, top: 88, width: 1080}, appium:warnings: {}, appium:webStorageEnabled: false, platformName: ANDROID}
Session ID: 1839d059-fd17-460e-b320-d10f1d10daad
at org.openqa.selenium.support.ui.WebDriverWait.timeoutException(WebDriverWait.java:84)
at org.openqa.selenium.support.ui.FluentWait.until(FluentWait.java:229)
at Trial.Functions.clickAndWaitForElementWithXpath1(Functions.java:47)
at Trial.Functions.OpenSearch(Functions.java:1149)
at Trial.Video_Script.MinecraftSearchVideolikecommentandsharecount19(Video_Script.java:757)
at java.base/java.util.ArrayList.forEach(ArrayList.java:1511)
... Removed 27 stack frames]]>
    </failure>
  </testcase> <!-- MinecraftSearchVideolikecommentandsharecount19 -->
  <testcase classname="Trial.Video_Script" name="SearchVideoPIP21" time="202.124">
    <skipped/>
  </testcase> <!-- SearchVideoPIP21 -->
  <testcase classname="Trial.Video_Script" name="SearchVideoPIP21" time="201.952">
    <failure type="org.openqa.selenium.TimeoutException" message="Expected condition failed: waiting for Trial.Functions$1@5196648a (tried for 200 second(s) with 500 milliseconds interval)
Build info: version: &amp;apos;4.16.1&amp;apos;, revision: &amp;apos;9b4c83354e&amp;apos;
System info: os.name: &amp;apos;Mac OS X&amp;apos;, os.arch: &amp;apos;x86_64&amp;apos;, os.version: &amp;apos;15.7&amp;apos;, java.version: &amp;apos;17.0.7&amp;apos;
Driver info: io.appium.java_client.android.AndroidDriver
Capabilities {appium:appActivity: com.threesixteen.app.ui.act..., appium:appPackage: com.threesixteen.app, appium:autoGrantPermissions: true, appium:automationName: UiAutomator2, appium:databaseEnabled: false, appium:desired: {appActivity: com.threesixteen.app.ui.act..., appPackage: com.threesixteen.app, autoGrantPermissions: true, automationName: UiAutomator2, disableSuppressAccessibilityService: true, ignoreHiddenApiPolicyError: true, noReset: true, platformName: ANDROID, platformVersion: 14}, appium:deviceApiLevel: 34, appium:deviceManufacturer: vivo, appium:deviceModel: I2127, appium:deviceName: 13793294180004Z, appium:deviceScreenDensity: 440, appium:deviceScreenSize: 1080x2408, appium:deviceUDID: 13793294180004Z, appium:disableSuppressAccessibilityService: true, appium:ignoreHiddenApiPolicyError: true, appium:javascriptEnabled: true, appium:locationContextEnabled: false, appium:networkConnectionEnabled: true, appium:noReset: true, appium:pixelRatio: 2.75, appium:platformVersion: 14, appium:statBarHeight: 88, appium:takesScreenshot: true, appium:viewportRect: {height: 2138, left: 0, top: 88, width: 1080}, appium:warnings: {}, appium:webStorageEnabled: false, platformName: ANDROID}
Session ID: 07bc9bdb-da64-4d0c-a026-e53c982514d6">
      <![CDATA[org.openqa.selenium.TimeoutException: Expected condition failed: waiting for Trial.Functions$1@5196648a (tried for 200 second(s) with 500 milliseconds interval)
Build info: version: '4.16.1', revision: '9b4c83354e'
System info: os.name: 'Mac OS X', os.arch: 'x86_64', os.version: '15.7', java.version: '17.0.7'
Driver info: io.appium.java_client.android.AndroidDriver
Capabilities {appium:appActivity: com.threesixteen.app.ui.act..., appium:appPackage: com.threesixteen.app, appium:autoGrantPermissions: true, appium:automationName: UiAutomator2, appium:databaseEnabled: false, appium:desired: {appActivity: com.threesixteen.app.ui.act..., appPackage: com.threesixteen.app, autoGrantPermissions: true, automationName: UiAutomator2, disableSuppressAccessibilityService: true, ignoreHiddenApiPolicyError: true, noReset: true, platformName: ANDROID, platformVersion: 14}, appium:deviceApiLevel: 34, appium:deviceManufacturer: vivo, appium:deviceModel: I2127, appium:deviceName: 13793294180004Z, appium:deviceScreenDensity: 440, appium:deviceScreenSize: 1080x2408, appium:deviceUDID: 13793294180004Z, appium:disableSuppressAccessibilityService: true, appium:ignoreHiddenApiPolicyError: true, appium:javascriptEnabled: true, appium:locationContextEnabled: false, appium:networkConnectionEnabled: true, appium:noReset: true, appium:pixelRatio: 2.75, appium:platformVersion: 14, appium:statBarHeight: 88, appium:takesScreenshot: true, appium:viewportRect: {height: 2138, left: 0, top: 88, width: 1080}, appium:warnings: {}, appium:webStorageEnabled: false, platformName: ANDROID}
Session ID: 07bc9bdb-da64-4d0c-a026-e53c982514d6
at org.openqa.selenium.support.ui.WebDriverWait.timeoutException(WebDriverWait.java:84)
at org.openqa.selenium.support.ui.FluentWait.until(FluentWait.java:229)
at Trial.Functions.clickAndWaitForElementWithXpath1(Functions.java:47)
at Trial.Functions.OpenSearch(Functions.java:1149)
at Trial.Video_Script.SearchVideoPIP21(Video_Script.java:930)
at java.base/java.util.ArrayList.forEach(ArrayList.java:1511)
... Removed 27 stack frames]]>
    </failure>
  </testcase> <!-- SearchVideoPIP21 -->
  <testcase classname="Trial.LiveStream_script" name="liveplayerFanrank4" time="221.552">
    <skipped/>
  </testcase> <!-- liveplayerFanrank4 -->
  <testcase classname="Trial.LiveStream_script" name="liveplayerFanrank4" time="224.081">
    <failure type="org.openqa.selenium.TimeoutException" message="Expected condition failed: waiting for Trial.Functions$1@6c05ae65 (tried for 200 second(s) with 500 milliseconds interval)
Build info: version: &amp;apos;4.16.1&amp;apos;, revision: &amp;apos;9b4c83354e&amp;apos;
System info: os.name: &amp;apos;Mac OS X&amp;apos;, os.arch: &amp;apos;x86_64&amp;apos;, os.version: &amp;apos;15.7&amp;apos;, java.version: &amp;apos;17.0.7&amp;apos;
Driver info: io.appium.java_client.android.AndroidDriver
Capabilities {appium:appActivity: com.threesixteen.app.ui.act..., appium:appPackage: com.threesixteen.app, appium:autoGrantPermissions: true, appium:automationName: UiAutomator2, appium:databaseEnabled: false, appium:desired: {appActivity: com.threesixteen.app.ui.act..., appPackage: com.threesixteen.app, autoGrantPermissions: true, automationName: UiAutomator2, disableSuppressAccessibilityService: true, ignoreHiddenApiPolicyError: true, noReset: true, platformName: ANDROID, platformVersion: 14}, appium:deviceApiLevel: 34, appium:deviceManufacturer: vivo, appium:deviceModel: I2127, appium:deviceName: 13793294180004Z, appium:deviceScreenDensity: 440, appium:deviceScreenSize: 1080x2408, appium:deviceUDID: 13793294180004Z, appium:disableSuppressAccessibilityService: true, appium:ignoreHiddenApiPolicyError: true, appium:javascriptEnabled: true, appium:locationContextEnabled: false, appium:networkConnectionEnabled: true, appium:noReset: true, appium:pixelRatio: 2.75, appium:platformVersion: 14, appium:statBarHeight: 88, appium:takesScreenshot: true, appium:viewportRect: {height: 2138, left: 0, top: 88, width: 1080}, appium:warnings: {}, appium:webStorageEnabled: false, platformName: ANDROID}
Session ID: 1b1e20e3-315b-4c50-ada9-4ad2fbb418c8">
      <![CDATA[org.openqa.selenium.TimeoutException: Expected condition failed: waiting for Trial.Functions$1@6c05ae65 (tried for 200 second(s) with 500 milliseconds interval)
Build info: version: '4.16.1', revision: '9b4c83354e'
System info: os.name: 'Mac OS X', os.arch: 'x86_64', os.version: '15.7', java.version: '17.0.7'
Driver info: io.appium.java_client.android.AndroidDriver
Capabilities {appium:appActivity: com.threesixteen.app.ui.act..., appium:appPackage: com.threesixteen.app, appium:autoGrantPermissions: true, appium:automationName: UiAutomator2, appium:databaseEnabled: false, appium:desired: {appActivity: com.threesixteen.app.ui.act..., appPackage: com.threesixteen.app, autoGrantPermissions: true, automationName: UiAutomator2, disableSuppressAccessibilityService: true, ignoreHiddenApiPolicyError: true, noReset: true, platformName: ANDROID, platformVersion: 14}, appium:deviceApiLevel: 34, appium:deviceManufacturer: vivo, appium:deviceModel: I2127, appium:deviceName: 13793294180004Z, appium:deviceScreenDensity: 440, appium:deviceScreenSize: 1080x2408, appium:deviceUDID: 13793294180004Z, appium:disableSuppressAccessibilityService: true, appium:ignoreHiddenApiPolicyError: true, appium:javascriptEnabled: true, appium:locationContextEnabled: false, appium:networkConnectionEnabled: true, appium:noReset: true, appium:pixelRatio: 2.75, appium:platformVersion: 14, appium:statBarHeight: 88, appium:takesScreenshot: true, appium:viewportRect: {height: 2138, left: 0, top: 88, width: 1080}, appium:warnings: {}, appium:webStorageEnabled: false, platformName: ANDROID}
Session ID: 1b1e20e3-315b-4c50-ada9-4ad2fbb418c8
at org.openqa.selenium.support.ui.WebDriverWait.timeoutException(WebDriverWait.java:84)
at org.openqa.selenium.support.ui.FluentWait.until(FluentWait.java:229)
at Trial.Functions.clickAndWaitForElementWithXpath1(Functions.java:47)
at Trial.LiveStream_script.liveplayerFanrank4(LiveStream_script.java:162)
at java.base/java.util.ArrayList.forEach(ArrayList.java:1511)
... Removed 27 stack frames]]>
    </failure>
  </testcase> <!-- liveplayerFanrank4 -->
  <testcase classname="Trial.LiveStream_script" name="LivebuttonotimeronstreamINSEARCH11" time="201.642">
    <skipped/>
  </testcase> <!-- LivebuttonotimeronstreamINSEARCH11 -->
  <testcase classname="Trial.LiveStream_script" name="LivebuttonotimeronstreamINSEARCH11" time="201.903">
    <failure type="org.openqa.selenium.TimeoutException" message="Expected condition failed: waiting for Trial.Functions$1@36461330 (tried for 200 second(s) with 500 milliseconds interval)
Build info: version: &amp;apos;4.16.1&amp;apos;, revision: &amp;apos;9b4c83354e&amp;apos;
System info: os.name: &amp;apos;Mac OS X&amp;apos;, os.arch: &amp;apos;x86_64&amp;apos;, os.version: &amp;apos;15.7&amp;apos;, java.version: &amp;apos;17.0.7&amp;apos;
Driver info: io.appium.java_client.android.AndroidDriver
Capabilities {appium:appActivity: com.threesixteen.app.ui.act..., appium:appPackage: com.threesixteen.app, appium:autoGrantPermissions: true, appium:automationName: UiAutomator2, appium:databaseEnabled: false, appium:desired: {appActivity: com.threesixteen.app.ui.act..., appPackage: com.threesixteen.app, autoGrantPermissions: true, automationName: UiAutomator2, disableSuppressAccessibilityService: true, ignoreHiddenApiPolicyError: true, noReset: true, platformName: ANDROID, platformVersion: 14}, appium:deviceApiLevel: 34, appium:deviceManufacturer: vivo, appium:deviceModel: I2127, appium:deviceName: 13793294180004Z, appium:deviceScreenDensity: 440, appium:deviceScreenSize: 1080x2408, appium:deviceUDID: 13793294180004Z, appium:disableSuppressAccessibilityService: true, appium:ignoreHiddenApiPolicyError: true, appium:javascriptEnabled: true, appium:locationContextEnabled: false, appium:networkConnectionEnabled: true, appium:noReset: true, appium:pixelRatio: 2.75, appium:platformVersion: 14, appium:statBarHeight: 88, appium:takesScreenshot: true, appium:viewportRect: {height: 2138, left: 0, top: 88, width: 1080}, appium:warnings: {}, appium:webStorageEnabled: false, platformName: ANDROID}
Session ID: 62376c38-4088-4167-837f-8373c7755964">
      <![CDATA[org.openqa.selenium.TimeoutException: Expected condition failed: waiting for Trial.Functions$1@36461330 (tried for 200 second(s) with 500 milliseconds interval)
Build info: version: '4.16.1', revision: '9b4c83354e'
System info: os.name: 'Mac OS X', os.arch: 'x86_64', os.version: '15.7', java.version: '17.0.7'
Driver info: io.appium.java_client.android.AndroidDriver
Capabilities {appium:appActivity: com.threesixteen.app.ui.act..., appium:appPackage: com.threesixteen.app, appium:autoGrantPermissions: true, appium:automationName: UiAutomator2, appium:databaseEnabled: false, appium:desired: {appActivity: com.threesixteen.app.ui.act..., appPackage: com.threesixteen.app, autoGrantPermissions: true, automationName: UiAutomator2, disableSuppressAccessibilityService: true, ignoreHiddenApiPolicyError: true, noReset: true, platformName: ANDROID, platformVersion: 14}, appium:deviceApiLevel: 34, appium:deviceManufacturer: vivo, appium:deviceModel: I2127, appium:deviceName: 13793294180004Z, appium:deviceScreenDensity: 440, appium:deviceScreenSize: 1080x2408, appium:deviceUDID: 13793294180004Z, appium:disableSuppressAccessibilityService: true, appium:ignoreHiddenApiPolicyError: true, appium:javascriptEnabled: true, appium:locationContextEnabled: false, appium:networkConnectionEnabled: true, appium:noReset: true, appium:pixelRatio: 2.75, appium:platformVersion: 14, appium:statBarHeight: 88, appium:takesScreenshot: true, appium:viewportRect: {height: 2138, left: 0, top: 88, width: 1080}, appium:warnings: {}, appium:webStorageEnabled: false, platformName: ANDROID}
Session ID: 62376c38-4088-4167-837f-8373c7755964
at org.openqa.selenium.support.ui.WebDriverWait.timeoutException(WebDriverWait.java:84)
at org.openqa.selenium.support.ui.FluentWait.until(FluentWait.java:229)
at Trial.Functions.clickAndWaitForElementWithXpath1(Functions.java:47)
at Trial.Functions.OpenSearch(Functions.java:1149)
at Trial.LiveStream_script.LivebuttonotimeronstreamINSEARCH11(LiveStream_script.java:448)
at java.base/java.util.ArrayList.forEach(ArrayList.java:1511)
... Removed 27 stack frames]]>
    </failure>
  </testcase> <!-- LivebuttonotimeronstreamINSEARCH11 -->
  <testcase classname="Trial.LiveStream_script" name="ProCreatorTagoProfileTest20" time="201.949">
    <skipped/>
  </testcase> <!-- ProCreatorTagoProfileTest20 -->
  <testcase classname="Trial.LiveStream_script" name="ProCreatorTagoProfileTest20" time="201.481">
    <failure type="org.openqa.selenium.TimeoutException" message="Expected condition failed: waiting for Trial.Functions$1@71de023f (tried for 200 second(s) with 500 milliseconds interval)
Build info: version: &amp;apos;4.16.1&amp;apos;, revision: &amp;apos;9b4c83354e&amp;apos;
System info: os.name: &amp;apos;Mac OS X&amp;apos;, os.arch: &amp;apos;x86_64&amp;apos;, os.version: &amp;apos;15.7&amp;apos;, java.version: &amp;apos;17.0.7&amp;apos;
Driver info: io.appium.java_client.android.AndroidDriver
Capabilities {appium:appActivity: com.threesixteen.app.ui.act..., appium:appPackage: com.threesixteen.app, appium:autoGrantPermissions: true, appium:automationName: UiAutomator2, appium:databaseEnabled: false, appium:desired: {appActivity: com.threesixteen.app.ui.act..., appPackage: com.threesixteen.app, autoGrantPermissions: true, automationName: UiAutomator2, disableSuppressAccessibilityService: true, ignoreHiddenApiPolicyError: true, noReset: true, platformName: ANDROID, platformVersion: 14}, appium:deviceApiLevel: 34, appium:deviceManufacturer: vivo, appium:deviceModel: I2127, appium:deviceName: 13793294180004Z, appium:deviceScreenDensity: 440, appium:deviceScreenSize: 1080x2408, appium:deviceUDID: 13793294180004Z, appium:disableSuppressAccessibilityService: true, appium:ignoreHiddenApiPolicyError: true, appium:javascriptEnabled: true, appium:locationContextEnabled: false, appium:networkConnectionEnabled: true, appium:noReset: true, appium:pixelRatio: 2.75, appium:platformVersion: 14, appium:statBarHeight: 88, appium:takesScreenshot: true, appium:viewportRect: {height: 2138, left: 0, top: 88, width: 1080}, appium:warnings: {}, appium:webStorageEnabled: false, platformName: ANDROID}
Session ID: 8e1c8467-ff7d-4161-b2b0-b53bf51cc5e8">
      <![CDATA[org.openqa.selenium.TimeoutException: Expected condition failed: waiting for Trial.Functions$1@71de023f (tried for 200 second(s) with 500 milliseconds interval)
Build info: version: '4.16.1', revision: '9b4c83354e'
System info: os.name: 'Mac OS X', os.arch: 'x86_64', os.version: '15.7', java.version: '17.0.7'
Driver info: io.appium.java_client.android.AndroidDriver
Capabilities {appium:appActivity: com.threesixteen.app.ui.act..., appium:appPackage: com.threesixteen.app, appium:autoGrantPermissions: true, appium:automationName: UiAutomator2, appium:databaseEnabled: false, appium:desired: {appActivity: com.threesixteen.app.ui.act..., appPackage: com.threesixteen.app, autoGrantPermissions: true, automationName: UiAutomator2, disableSuppressAccessibilityService: true, ignoreHiddenApiPolicyError: true, noReset: true, platformName: ANDROID, platformVersion: 14}, appium:deviceApiLevel: 34, appium:deviceManufacturer: vivo, appium:deviceModel: I2127, appium:deviceName: 13793294180004Z, appium:deviceScreenDensity: 440, appium:deviceScreenSize: 1080x2408, appium:deviceUDID: 13793294180004Z, appium:disableSuppressAccessibilityService: true, appium:ignoreHiddenApiPolicyError: true, appium:javascriptEnabled: true, appium:locationContextEnabled: false, appium:networkConnectionEnabled: true, appium:noReset: true, appium:pixelRatio: 2.75, appium:platformVersion: 14, appium:statBarHeight: 88, appium:takesScreenshot: true, appium:viewportRect: {height: 2138, left: 0, top: 88, width: 1080}, appium:warnings: {}, appium:webStorageEnabled: false, platformName: ANDROID}
Session ID: 8e1c8467-ff7d-4161-b2b0-b53bf51cc5e8
at org.openqa.selenium.support.ui.WebDriverWait.timeoutException(WebDriverWait.java:84)
at org.openqa.selenium.support.ui.FluentWait.until(FluentWait.java:229)
at Trial.Functions.clickAndWaitForElementWithXpath1(Functions.java:47)
at Trial.Functions.OpenSearch(Functions.java:1149)
at Trial.LiveStream_script.ProCreatorTagoProfileTest20(LiveStream_script.java:944)
at java.base/java.util.ArrayList.forEach(ArrayList.java:1511)
... Removed 27 stack frames]]>
    </failure>
  </testcase> <!-- ProCreatorTagoProfileTest20 -->
  <testcase classname="Trial.LiveStream_script" name="ProStreamOpenedFanRank22" time="220.538">
    <skipped/>
  </testcase> <!-- ProStreamOpenedFanRank22 -->
  <testcase classname="Trial.LiveStream_script" name="ProStreamOpenedFanRank22" time="0.004">
    <failure type="org.openqa.selenium.NoSuchSessionException" message="Session ID is null. Using WebDriver after calling quit()?
Build info: version: &amp;apos;4.16.1&amp;apos;, revision: &amp;apos;9b4c83354e&amp;apos;
System info: os.name: &amp;apos;Mac OS X&amp;apos;, os.arch: &amp;apos;x86_64&amp;apos;, os.version: &amp;apos;15.7&amp;apos;, java.version: &amp;apos;17.0.7&amp;apos;
Driver info: io.appium.java_client.android.AndroidDriver
Command: [null, findElement {using=xpath, value=//*[contains(@text,&amp;apos;Following&amp;apos;)]}]
Capabilities {appium:appActivity: com.threesixteen.app.ui.act..., appium:appPackage: com.threesixteen.app, appium:autoGrantPermissions: true, appium:automationName: UiAutomator2, appium:databaseEnabled: false, appium:desired: {appActivity: com.threesixteen.app.ui.act..., appPackage: com.threesixteen.app, autoGrantPermissions: true, automationName: UiAutomator2, disableSuppressAccessibilityService: true, ignoreHiddenApiPolicyError: true, noReset: true, platformName: ANDROID, platformVersion: 14}, appium:deviceApiLevel: 34, appium:deviceManufacturer: vivo, appium:deviceModel: I2127, appium:deviceName: 13793294180004Z, appium:deviceScreenDensity: 440, appium:deviceScreenSize: 1080x2408, appium:deviceUDID: 13793294180004Z, appium:disableSuppressAccessibilityService: true, appium:ignoreHiddenApiPolicyError: true, appium:javascriptEnabled: true, appium:locationContextEnabled: false, appium:networkConnectionEnabled: true, appium:noReset: true, appium:pixelRatio: 2.75, appium:platformVersion: 14, appium:statBarHeight: 88, appium:takesScreenshot: true, appium:viewportRect: {height: 2138, left: 0, top: 88, width: 1080}, appium:warnings: {}, appium:webStorageEnabled: false, platformName: ANDROID}">
      <![CDATA[org.openqa.selenium.NoSuchSessionException: Session ID is null. Using WebDriver after calling quit()?
Build info: version: '4.16.1', revision: '9b4c83354e'
System info: os.name: 'Mac OS X', os.arch: 'x86_64', os.version: '15.7', java.version: '17.0.7'
Driver info: io.appium.java_client.android.AndroidDriver
Command: [null, findElement {using=xpath, value=//*[contains(@text,'Following')]}]
Capabilities {appium:appActivity: com.threesixteen.app.ui.act..., appium:appPackage: com.threesixteen.app, appium:autoGrantPermissions: true, appium:automationName: UiAutomator2, appium:databaseEnabled: false, appium:desired: {appActivity: com.threesixteen.app.ui.act..., appPackage: com.threesixteen.app, autoGrantPermissions: true, automationName: UiAutomator2, disableSuppressAccessibilityService: true, ignoreHiddenApiPolicyError: true, noReset: true, platformName: ANDROID, platformVersion: 14}, appium:deviceApiLevel: 34, appium:deviceManufacturer: vivo, appium:deviceModel: I2127, appium:deviceName: 13793294180004Z, appium:deviceScreenDensity: 440, appium:deviceScreenSize: 1080x2408, appium:deviceUDID: 13793294180004Z, appium:disableSuppressAccessibilityService: true, appium:ignoreHiddenApiPolicyError: true, appium:javascriptEnabled: true, appium:locationContextEnabled: false, appium:networkConnectionEnabled: true, appium:noReset: true, appium:pixelRatio: 2.75, appium:platformVersion: 14, appium:statBarHeight: 88, appium:takesScreenshot: true, appium:viewportRect: {height: 2138, left: 0, top: 88, width: 1080}, appium:warnings: {}, appium:webStorageEnabled: false, platformName: ANDROID}
at org.openqa.selenium.remote.HttpCommandExecutor.execute(HttpCommandExecutor.java:152)
at io.appium.java_client.remote.AppiumCommandExecutor.execute(AppiumCommandExecutor.java:237)
at org.openqa.selenium.remote.RemoteWebDriver.execute(RemoteWebDriver.java:523)
at org.openqa.selenium.remote.ElementLocation$ElementFinder$2.findElement(ElementLocation.java:165)
at org.openqa.selenium.remote.ElementLocation.findElement(ElementLocation.java:59)
at org.openqa.selenium.remote.RemoteWebDriver.findElement(RemoteWebDriver.java:360)
at org.openqa.selenium.remote.RemoteWebDriver.findElement(RemoteWebDriver.java:354)
at Trial.Functions.OpenLivetStream(Functions.java:129)
at Trial.LiveStream_script.ProStreamOpenedFanRank22(LiveStream_script.java:1022)
at java.base/java.util.ArrayList.forEach(ArrayList.java:1511)
... Removed 27 stack frames]]>
    </failure>
  </testcase> <!-- ProStreamOpenedFanRank22 -->
  <testcase classname="Trial.LiveStream_script" name="Protabliveplayerrortate23" time="0.0">
    <skipped/>
  </testcase> <!-- Protabliveplayerrortate23 -->
  <testcase classname="Trial.LiveStream_script" name="ProCreatorTagOnJonthanTest28" time="0.001">
    <skipped/>
  </testcase> <!-- ProCreatorTagOnJonthanTest28 -->
  <testcase classname="Trial.LiveStream_script" name="ProRecordedStreamForProUsers29" time="0.0">
    <skipped/>
  </testcase> <!-- ProRecordedStreamForProUsers29 -->
  <testcase classname="Trial.LiveStream_script" name="MidtioerRecordedStreamForProUsers30" time="0.0">
    <skipped/>
  </testcase> <!-- MidtioerRecordedStreamForProUsers30 -->
  <testcase classname="Trial.Reel_Script" name="SearchReelTest2" time="0.003">
    <skipped/>
  </testcase> <!-- SearchReelTest2 -->
  <testcase classname="Trial.Reel_Script" name="SelfProfieReelTest3" time="0.0">
    <skipped/>
  </testcase> <!-- SelfProfieReelTest3 -->
  <testcase classname="Trial.Reel_Script" name="OthersProfileReellTest6" time="0.0">
    <skipped/>
  </testcase> <!-- OthersProfileReellTest6 -->
  <testcase classname="Trial.Reel_Script" name="OthersPofileReelScroll10" time="0.0">
    <skipped/>
  </testcase> <!-- OthersPofileReelScroll10 -->
  <testcase classname="Trial.Reel_Script" name="ReelTestonSeachAllTab11" time="0.0">
    <skipped/>
  </testcase> <!-- ReelTestonSeachAllTab11 -->
  <testcase classname="Trial.Reel_Script" name="ReelDelete15" time="0.001">
    <skipped/>
  </testcase> <!-- ReelDelete15 -->
  <testcase classname="Trial.Reel_Script" name="ReelUploadNewReel16" time="0.0">
    <skipped/>
  </testcase> <!-- ReelUploadNewReel16 -->
  <testcase classname="Trial.Reel_Script" name="ReelOpenfromVideoRecommendationse17" time="0.0">
    <skipped/>
  </testcase> <!-- ReelOpenfromVideoRecommendationse17 -->
  <testcase classname="Trial.Reel_Script" name="Reelsftertabswitch18" time="0.0">
    <skipped/>
  </testcase> <!-- Reelsftertabswitch18 -->
  <testcase classname="Trial.Reel_Script" name="ReelsftercomingfromBackground19" time="0.0">
    <skipped/>
  </testcase> <!-- ReelsftercomingfromBackground19 -->
  <testcase classname="Trial.Reel_Script" name="ReelsAfterComingFromBackgroundTooLong20" time="0.0">
    <skipped/>
  </testcase> <!-- ReelsAfterComingFromBackgroundTooLong20 -->
  <testcase classname="Trial.Reel_Script" name="CentralReelTabReelPlayingOrNot21" time="0.0">
    <skipped/>
  </testcase> <!-- CentralReelTabReelPlayingOrNot21 -->
  <testcase classname="Trial.Reel_Script" name="SearchReelPlayingOrNot22" time="0.0">
    <skipped/>
  </testcase> <!-- SearchReelPlayingOrNot22 -->
  <testcase classname="Trial.Reel_Script" name="HorizontalReelTestAfterMiniPlayer14" time="0.0">
    <ignored/>
  </testcase> <!-- HorizontalReelTestAfterMiniPlayer14 -->
  <testcase classname="Trial.Video_Script" name="VideominiPlayertofullAndPlaybackSpeedChange01" time="0.0">
    <ignored/>
  </testcase> <!-- VideominiPlayertofullAndPlaybackSpeedChange01 -->
  <testcase classname="Trial.LiveStream_script" name="MissedTabContentisplaying26" time="0.0">
    <ignored/>
  </testcase> <!-- MissedTabContentisplaying26 -->
  <testcase classname="Trial.Video_Script" name="VideoWatcchAndWinCoinsDetailsandRecommededVideo8" time="0.0">
    <ignored/>
  </testcase> <!-- VideoWatcchAndWinCoinsDetailsandRecommededVideo8 -->
  <testcase classname="Trial.LiveStream_script" name="livestreamwatccanwin2" time="0.0">
    <ignored/>
  </testcase> <!-- livestreamwatccanwin2 -->
  <testcase classname="Trial.Reel_Script" name="ReelsTestAfterTabsSwitch7" time="0.0">
    <ignored/>
  </testcase> <!-- ReelsTestAfterTabsSwitch7 -->
  <testcase classname="Trial.Video_Script" name="Videotagsandtimer191" time="0.0">
    <ignored/>
  </testcase> <!-- Videotagsandtimer191 -->
  <testcase classname="Trial.Video_Script" name="VideoqualityChangeAfterRotation23" time="0.0">
    <ignored/>
  </testcase> <!-- VideoqualityChangeAfterRotation23 -->
  <testcase classname="Trial.LiveStream_script" name="liveStreaRecommendedFeed14" time="0.0">
    <ignored/>
  </testcase> <!-- liveStreaRecommendedFeed14 -->
  <testcase classname="Trial.LiveStream_script" name="livestreamGiftsticker15" time="0.0">
    <ignored/>
  </testcase> <!-- livestreamGiftsticker15 -->
  <testcase classname="Trial.Video_Script" name="VideoPIPtofullscreentest2" time="0.0">
    <ignored/>
  </testcase> <!-- VideoPIPtofullscreentest2 -->
  <testcase classname="Trial.Video_Script" name="VideoPlayerTimerMuteButton18" time="0.0">
    <ignored/>
  </testcase> <!-- VideoPlayerTimerMuteButton18 -->
  <testcase classname="Trial.Video_Script" name="Videoplayerrotate14" time="0.0">
    <ignored/>
  </testcase> <!-- Videoplayerrotate14 -->
  <testcase classname="Trial.LiveStream_script" name="livestreamemojis13" time="0.0">
    <ignored/>
  </testcase> <!-- livestreamemojis13 -->
  <testcase classname="Trial.Video_Script" name="VideoQualitychangeafterPIP5" time="0.0">
    <ignored/>
  </testcase> <!-- VideoQualitychangeafterPIP5 -->
  <testcase classname="Trial.Video_Script" name="VideomuteUnmuteAfterScreenRtoatatE20" time="0.0">
    <ignored/>
  </testcase> <!-- VideomuteUnmuteAfterScreenRtoatatE20 -->
  <testcase classname="Trial.LiveStream_script" name="liveplayercomennt3" time="0.0">
    <ignored/>
  </testcase> <!-- liveplayercomennt3 -->
  <testcase classname="Trial.Video_Script" name="Videoprogress24" time="0.0">
    <ignored/>
  </testcase> <!-- Videoprogress24 -->
  <testcase classname="Trial.Reel_Script" name="ReelTestAfterVideoMiniPlayer12" time="0.0">
    <ignored/>
  </testcase> <!-- ReelTestAfterVideoMiniPlayer12 -->
  <testcase classname="Trial.LiveStream_script" name="liveplayershare12" time="0.0">
    <ignored/>
  </testcase> <!-- liveplayershare12 -->
  <testcase classname="Trial.LiveStream_script" name="ProBagesTet18" time="0.0">
    <ignored/>
  </testcase> <!-- ProBagesTet18 -->
  <testcase classname="Trial.Video_Script" name="videoqualitychnage15" time="0.0">
    <ignored/>
  </testcase> <!-- videoqualitychnage15 -->
  <testcase classname="Trial.LiveStream_script" name="livestreaminetractivemoreIRL8" time="0.0">
    <ignored/>
  </testcase> <!-- livestreaminetractivemoreIRL8 -->
  <testcase classname="Trial.Video_Script" name="SearchVideoRotate22" time="0.0">
    <ignored/>
  </testcase> <!-- SearchVideoRotate22 -->
  <testcase classname="Trial.LiveStream_script" name="ProStreamPIP24" time="0.0">
    <ignored/>
  </testcase> <!-- ProStreamPIP24 -->
  <testcase classname="Trial.LiveStream_script" name="livestreaminetractivepolls7" time="0.0">
    <ignored/>
  </testcase> <!-- livestreaminetractivepolls7 -->
  <testcase classname="Trial.LiveStream_script" name="liveStreamfreeStickerDonate16" time="0.0">
    <ignored/>
  </testcase> <!-- liveStreamfreeStickerDonate16 -->
  <testcase classname="Trial.LiveStream_script" name="livestreamGiftstickerINLANDSCAPE17" time="0.0">
    <ignored/>
  </testcase> <!-- livestreamGiftstickerINLANDSCAPE17 -->
  <testcase classname="Trial.Video_Script" name="VideoMiniPlayerTabSwittch9" time="0.0">
    <ignored/>
  </testcase> <!-- VideoMiniPlayerTabSwittch9 -->
  <testcase classname="Trial.Video_Script" name="VideomuteunmuteafterPIP4" time="0.0">
    <ignored/>
  </testcase> <!-- VideomuteunmuteafterPIP4 -->
  <testcase classname="Trial.LiveStream_script" name="Livebuttonotimeronstreaminprotab10" time="0.0">
    <ignored/>
  </testcase> <!-- Livebuttonotimeronstreaminprotab10 -->
  <testcase classname="Trial.Video_Script" name="VideoPlayerForwardBackward6" time="0.0">
    <ignored/>
  </testcase> <!-- VideoPlayerForwardBackward6 -->
  <testcase classname="Trial.LiveStream_script" name="LiveMiniplayertabswittch1" time="0.0">
    <ignored/>
  </testcase> <!-- LiveMiniplayertabswittch1 -->
  <testcase classname="Trial.LiveStream_script" name="GiveawaysContentisplaying27" time="0.0">
    <ignored/>
  </testcase> <!-- GiveawaysContentisplaying27 -->
  <testcase classname="Trial.Video_Script" name="Videoplayermuteunute16" time="0.0">
    <ignored/>
  </testcase> <!-- Videoplayermuteunute16 -->
  <testcase classname="Trial.Video_Script" name="Videoplayerplaybackspeed17" time="0.0">
    <ignored/>
  </testcase> <!-- Videoplayerplaybackspeed17 -->
  <testcase classname="Trial.LiveStream_script" name="ProCreatorlist21" time="0.0">
    <ignored/>
  </testcase> <!-- ProCreatorlist21 -->
  <testcase classname="Trial.Reel_Script" name="CentralReelMuteUnmute4" time="0.0">
    <ignored/>
  </testcase> <!-- CentralReelMuteUnmute4 -->
  <testcase classname="Trial.Reel_Script" name="CentralReelsScroll50TimesAndTest8" time="0.0">
    <ignored/>
  </testcase> <!-- CentralReelsScroll50TimesAndTest8 -->
  <testcase classname="Trial.LiveStream_script" name="ProStreamComment19" time="0.0">
    <ignored/>
  </testcase> <!-- ProStreamComment19 -->
  <testcase classname="Trial.Reel_Script" name="ReelTestAfterLiveStreamMiniPlayer13" time="0.0">
    <ignored/>
  </testcase> <!-- ReelTestAfterLiveStreamMiniPlayer13 -->
  <testcase classname="Trial.LiveStream_script" name="FreePreviewTimerForPro31" time="0.0">
    <ignored/>
  </testcase> <!-- FreePreviewTimerForPro31 -->
  <testcase classname="Trial.LiveStream_script" name="DataCheckHomePage25" time="0.0">
    <ignored/>
  </testcase> <!-- DataCheckHomePage25 -->
  <testcase classname="Trial.LiveStream_script" name="livestreamwatchandwin6" time="0.0">
    <ignored/>
  </testcase> <!-- livestreamwatchandwin6 -->
  <testcase classname="Trial.Reel_Script" name="HorizontalReelTabTest5" time="0.0">
    <ignored/>
  </testcase> <!-- HorizontalReelTabTest5 -->
  <testcase classname="Trial.Video_Script" name="VideoPlayerComment7" time="0.0">
    <ignored/>
  </testcase> <!-- VideoPlayerComment7 -->
  <testcase classname="Trial.Reel_Script" name="CentralReelTest1" time="0.0">
    <ignored/>
  </testcase> <!-- CentralReelTest1 -->
</testsuite> <!-- Default Test(failed)(failed)(failed)(failed)(failed)(failed)(failed)(failed) -->
