<?xml version="1.0" encoding="UTF-8"?>
<!-- Generated by org.testng.reporters.JUnitXMLReporter -->
<testsuite ignored="52" hostname="rooterhitmishra" failures="11" tests="88" name="Default Test(failed)(failed)" time="9616.488" errors="0" timestamp="2024-08-31T11:40:04 IST">
  <testcase classname="Trial.Functions" name="@BeforeMethod setup" time="20.239">
    <failure type="org.openqa.selenium.SessionNotCreatedException" message="Could not start a new session. Response code 500. Message: An unknown server-side error occurred while processing the command. Original error: Could not find a connected Android device in 20066ms. 
Host info: host: &amp;apos;rooterhitmishra&amp;apos;, ip: &amp;apos;fe80:0:0:0:4d8:4580:9f58:c5cb%en0&amp;apos;
Build info: version: &amp;apos;4.16.1&amp;apos;, revision: &amp;apos;9b4c83354e&amp;apos;
System info: os.name: &amp;apos;Mac OS X&amp;apos;, os.arch: &amp;apos;x86_64&amp;apos;, os.version: &amp;apos;14.6.1&amp;apos;, java.version: &amp;apos;17.0.7&amp;apos;
Driver info: io.appium.java_client.android.AndroidDriver
Command: [null, newSession {desiredCapabilities=Capabilities {platformName: ANDROID}, capabilities=[{platformName=ANDROID}]}]
Capabilities {platformName: ANDROID}">
      <![CDATA[org.openqa.selenium.SessionNotCreatedException: Could not start a new session. Response code 500. Message: An unknown server-side error occurred while processing the command. Original error: Could not find a connected Android device in 20066ms. 
Host info: host: 'rooterhitmishra', ip: 'fe80:0:0:0:4d8:4580:9f58:c5cb%en0'
Build info: version: '4.16.1', revision: '9b4c83354e'
System info: os.name: 'Mac OS X', os.arch: 'x86_64', os.version: '14.6.1', java.version: '17.0.7'
Driver info: io.appium.java_client.android.AndroidDriver
Command: [null, newSession {desiredCapabilities=Capabilities {platformName: ANDROID}, capabilities=[{platformName=ANDROID}]}]
Capabilities {platformName: ANDROID}
at org.openqa.selenium.remote.ProtocolHandshake.createSession(ProtocolHandshake.java:140)
at io.appium.java_client.remote.AppiumProtocolHandshake.createSession(AppiumProtocolHandshake.java:133)
at io.appium.java_client.remote.AppiumProtocolHandshake.createSession(AppiumProtocolHandshake.java:102)
at io.appium.java_client.remote.AppiumCommandExecutor.createSession(AppiumCommandExecutor.java:176)
at io.appium.java_client.remote.AppiumCommandExecutor.execute(AppiumCommandExecutor.java:237)
at org.openqa.selenium.remote.RemoteWebDriver.execute(RemoteWebDriver.java:523)
at io.appium.java_client.AppiumDriver.startSession(AppiumDriver.java:268)
at org.openqa.selenium.remote.RemoteWebDriver.<init>(RemoteWebDriver.java:164)
at io.appium.java_client.AppiumDriver.<init>(AppiumDriver.java:90)
at io.appium.java_client.AppiumDriver.<init>(AppiumDriver.java:102)
at io.appium.java_client.android.AndroidDriver.<init>(AndroidDriver.java:109)
at Trial.Functions.setup(Functions.java:975)
at java.base/java.util.ArrayList.forEach(ArrayList.java:1511)
... Removed 33 stack frames]]>
    </failure>
  </testcase> <!-- @BeforeMethod setup -->
  <testcase classname="Trial.Explorepage_Script" name="@AfterMethod tearDown" time="0.0">
    <skipped/>
  </testcase> <!-- @AfterMethod tearDown -->
  <testcase classname="Trial.Functions" name="@BeforeMethod setup" time="0.0">
    <skipped/>
  </testcase> <!-- @BeforeMethod setup -->
  <testcase classname="Trial.Explorepage_Script" name="@AfterMethod tearDown" time="0.0">
    <skipped/>
  </testcase> <!-- @AfterMethod tearDown -->
  <testcase classname="Trial.Functions" name="@BeforeMethod setup" time="0.0">
    <skipped/>
  </testcase> <!-- @BeforeMethod setup -->
  <testcase classname="Trial.Explorepage_Script" name="@AfterMethod tearDown" time="0.0">
    <skipped/>
  </testcase> <!-- @AfterMethod tearDown -->
  <testcase classname="Trial.Functions" name="@BeforeMethod setup" time="0.0">
    <skipped/>
  </testcase> <!-- @BeforeMethod setup -->
  <testcase classname="Trial.Explorepage_Script" name="@AfterMethod tearDown" time="0.0">
    <skipped/>
  </testcase> <!-- @AfterMethod tearDown -->
  <testcase classname="Trial.Functions" name="@BeforeMethod setup" time="20.219">
    <failure type="org.openqa.selenium.SessionNotCreatedException" message="Could not start a new session. Response code 500. Message: An unknown server-side error occurred while processing the command. Original error: Could not find a connected Android device in 20153ms. 
Host info: host: &amp;apos;rooterhitmishra&amp;apos;, ip: &amp;apos;fe80:0:0:0:4d8:4580:9f58:c5cb%en0&amp;apos;
Build info: version: &amp;apos;4.16.1&amp;apos;, revision: &amp;apos;9b4c83354e&amp;apos;
System info: os.name: &amp;apos;Mac OS X&amp;apos;, os.arch: &amp;apos;x86_64&amp;apos;, os.version: &amp;apos;14.6.1&amp;apos;, java.version: &amp;apos;17.0.7&amp;apos;
Driver info: io.appium.java_client.android.AndroidDriver
Command: [null, newSession {desiredCapabilities=Capabilities {platformName: ANDROID}, capabilities=[{platformName=ANDROID}]}]
Capabilities {platformName: ANDROID}">
      <![CDATA[org.openqa.selenium.SessionNotCreatedException: Could not start a new session. Response code 500. Message: An unknown server-side error occurred while processing the command. Original error: Could not find a connected Android device in 20153ms. 
Host info: host: 'rooterhitmishra', ip: 'fe80:0:0:0:4d8:4580:9f58:c5cb%en0'
Build info: version: '4.16.1', revision: '9b4c83354e'
System info: os.name: 'Mac OS X', os.arch: 'x86_64', os.version: '14.6.1', java.version: '17.0.7'
Driver info: io.appium.java_client.android.AndroidDriver
Command: [null, newSession {desiredCapabilities=Capabilities {platformName: ANDROID}, capabilities=[{platformName=ANDROID}]}]
Capabilities {platformName: ANDROID}
at org.openqa.selenium.remote.ProtocolHandshake.createSession(ProtocolHandshake.java:140)
at io.appium.java_client.remote.AppiumProtocolHandshake.createSession(AppiumProtocolHandshake.java:133)
at io.appium.java_client.remote.AppiumProtocolHandshake.createSession(AppiumProtocolHandshake.java:102)
at io.appium.java_client.remote.AppiumCommandExecutor.createSession(AppiumCommandExecutor.java:176)
at io.appium.java_client.remote.AppiumCommandExecutor.execute(AppiumCommandExecutor.java:237)
at org.openqa.selenium.remote.RemoteWebDriver.execute(RemoteWebDriver.java:523)
at io.appium.java_client.AppiumDriver.startSession(AppiumDriver.java:268)
at org.openqa.selenium.remote.RemoteWebDriver.<init>(RemoteWebDriver.java:164)
at io.appium.java_client.AppiumDriver.<init>(AppiumDriver.java:90)
at io.appium.java_client.AppiumDriver.<init>(AppiumDriver.java:102)
at io.appium.java_client.android.AndroidDriver.<init>(AndroidDriver.java:109)
at Trial.Functions.setup(Functions.java:975)
at java.base/java.util.ArrayList.forEach(ArrayList.java:1511)
... Removed 33 stack frames]]>
    </failure>
  </testcase> <!-- @BeforeMethod setup -->
  <testcase classname="Trial.InAppNotification_Script" name="@AfterMethod tearDown" time="0.0">
    <skipped/>
  </testcase> <!-- @AfterMethod tearDown -->
  <testcase classname="Trial.Functions" name="@BeforeMethod setup" time="0.0">
    <skipped/>
  </testcase> <!-- @BeforeMethod setup -->
  <testcase classname="Trial.InAppNotification_Script" name="@AfterMethod tearDown" time="0.0">
    <skipped/>
  </testcase> <!-- @AfterMethod tearDown -->
  <testcase classname="Trial.Functions" name="@BeforeMethod setup" time="20.253">
    <failure type="org.openqa.selenium.SessionNotCreatedException" message="Could not start a new session. Response code 500. Message: An unknown server-side error occurred while processing the command. Original error: Could not find a connected Android device in 20197ms. 
Host info: host: &amp;apos;rooterhitmishra&amp;apos;, ip: &amp;apos;fe80:0:0:0:4d8:4580:9f58:c5cb%en0&amp;apos;
Build info: version: &amp;apos;4.16.1&amp;apos;, revision: &amp;apos;9b4c83354e&amp;apos;
System info: os.name: &amp;apos;Mac OS X&amp;apos;, os.arch: &amp;apos;x86_64&amp;apos;, os.version: &amp;apos;14.6.1&amp;apos;, java.version: &amp;apos;17.0.7&amp;apos;
Driver info: io.appium.java_client.android.AndroidDriver
Command: [null, newSession {desiredCapabilities=Capabilities {platformName: ANDROID}, capabilities=[{platformName=ANDROID}]}]
Capabilities {platformName: ANDROID}">
      <![CDATA[org.openqa.selenium.SessionNotCreatedException: Could not start a new session. Response code 500. Message: An unknown server-side error occurred while processing the command. Original error: Could not find a connected Android device in 20197ms. 
Host info: host: 'rooterhitmishra', ip: 'fe80:0:0:0:4d8:4580:9f58:c5cb%en0'
Build info: version: '4.16.1', revision: '9b4c83354e'
System info: os.name: 'Mac OS X', os.arch: 'x86_64', os.version: '14.6.1', java.version: '17.0.7'
Driver info: io.appium.java_client.android.AndroidDriver
Command: [null, newSession {desiredCapabilities=Capabilities {platformName: ANDROID}, capabilities=[{platformName=ANDROID}]}]
Capabilities {platformName: ANDROID}
at org.openqa.selenium.remote.ProtocolHandshake.createSession(ProtocolHandshake.java:140)
at io.appium.java_client.remote.AppiumProtocolHandshake.createSession(AppiumProtocolHandshake.java:133)
at io.appium.java_client.remote.AppiumProtocolHandshake.createSession(AppiumProtocolHandshake.java:102)
at io.appium.java_client.remote.AppiumCommandExecutor.createSession(AppiumCommandExecutor.java:176)
at io.appium.java_client.remote.AppiumCommandExecutor.execute(AppiumCommandExecutor.java:237)
at org.openqa.selenium.remote.RemoteWebDriver.execute(RemoteWebDriver.java:523)
at io.appium.java_client.AppiumDriver.startSession(AppiumDriver.java:268)
at org.openqa.selenium.remote.RemoteWebDriver.<init>(RemoteWebDriver.java:164)
at io.appium.java_client.AppiumDriver.<init>(AppiumDriver.java:90)
at io.appium.java_client.AppiumDriver.<init>(AppiumDriver.java:102)
at io.appium.java_client.android.AndroidDriver.<init>(AndroidDriver.java:109)
at Trial.Functions.setup(Functions.java:975)
at java.base/java.util.ArrayList.forEach(ArrayList.java:1511)
... Removed 33 stack frames]]>
    </failure>
  </testcase> <!-- @BeforeMethod setup -->
  <testcase classname="Trial.Coin_Count" name="@AfterMethod tearDown" time="0.0">
    <skipped/>
  </testcase> <!-- @AfterMethod tearDown -->
  <testcase classname="Trial.Functions" name="@BeforeMethod setup" time="0.0">
    <skipped/>
  </testcase> <!-- @BeforeMethod setup -->
  <testcase classname="Trial.Coin_Count" name="@AfterMethod tearDown" time="0.0">
    <skipped/>
  </testcase> <!-- @AfterMethod tearDown -->
  <testcase classname="Trial.Reel_Script" name="SelfProfieReelTest3" time="221.349"/>
  <testcase classname="Trial.Reel_Script" name="HorizontalReelTabTest5" time="496.253"/>
  <testcase classname="Trial.Reel_Script" name="ReelTestAfterLiveStreamMiniPlayer13" time="503.429"/>
  <testcase classname="Trial.Reel_Script" name="HorizontalReelTestAfterMiniPlayer14" time="516.557"/>
  <testcase classname="Trial.LikesCount_Script" name="LikesCountOnReel01" time="216.133">
    <skipped/>
  </testcase> <!-- LikesCountOnReel01 -->
  <testcase classname="Trial.LikesCount_Script" name="LikesCountOnReel01" time="133.701"/>
  <testcase classname="Trial.LikesCount_Script" name="LikesCountOnVideo02" time="149.624">
    <skipped/>
  </testcase> <!-- LikesCountOnVideo02 -->
  <testcase classname="Trial.LikesCount_Script" name="LikesCountOnVideo02" time="147.816">
    <failure type="org.openqa.selenium.TimeoutException" message="Expected condition failed: waiting for Trial.Functions$1@563ab6d5 (tried for 100 second(s) with 500 milliseconds interval)
Build info: version: &amp;apos;4.16.1&amp;apos;, revision: &amp;apos;9b4c83354e&amp;apos;
System info: os.name: &amp;apos;Mac OS X&amp;apos;, os.arch: &amp;apos;x86_64&amp;apos;, os.version: &amp;apos;14.6.1&amp;apos;, java.version: &amp;apos;17.0.7&amp;apos;
Driver info: io.appium.java_client.android.AndroidDriver
Capabilities {appium:appActivity: com.threesixteen.app.ui.act..., appium:appPackage: com.threesixteen.app, appium:autoGrantPermissions: true, appium:databaseEnabled: false, appium:desired: {appActivity: com.threesixteen.app.ui.act..., appPackage: com.threesixteen.app, autoGrantPermissions: true, ignoreHiddenApiPolicyError: true, noReset: true, platformName: ANDROID, platformVersion: 14}, appium:deviceApiLevel: 34, appium:deviceManufacturer: vivo, appium:deviceModel: I2127, appium:deviceName: 13793294180004Z, appium:deviceScreenDensity: 440, appium:deviceScreenSize: 1080x2408, appium:deviceUDID: 13793294180004Z, appium:ignoreHiddenApiPolicyError: true, appium:javascriptEnabled: true, appium:locationContextEnabled: false, appium:networkConnectionEnabled: true, appium:noReset: true, appium:pixelRatio: 2.75, appium:platformVersion: 14, appium:statBarHeight: 88, appium:takesScreenshot: true, appium:viewportRect: {height: 2138, left: 0, top: 88, width: 1080}, appium:warnings: {}, appium:webStorageEnabled: false, platformName: ANDROID}
Session ID: 02ab6876-d036-4ceb-b10c-ce75845dd76e">
      <![CDATA[org.openqa.selenium.TimeoutException: Expected condition failed: waiting for Trial.Functions$1@563ab6d5 (tried for 100 second(s) with 500 milliseconds interval)
Build info: version: '4.16.1', revision: '9b4c83354e'
System info: os.name: 'Mac OS X', os.arch: 'x86_64', os.version: '14.6.1', java.version: '17.0.7'
Driver info: io.appium.java_client.android.AndroidDriver
Capabilities {appium:appActivity: com.threesixteen.app.ui.act..., appium:appPackage: com.threesixteen.app, appium:autoGrantPermissions: true, appium:databaseEnabled: false, appium:desired: {appActivity: com.threesixteen.app.ui.act..., appPackage: com.threesixteen.app, autoGrantPermissions: true, ignoreHiddenApiPolicyError: true, noReset: true, platformName: ANDROID, platformVersion: 14}, appium:deviceApiLevel: 34, appium:deviceManufacturer: vivo, appium:deviceModel: I2127, appium:deviceName: 13793294180004Z, appium:deviceScreenDensity: 440, appium:deviceScreenSize: 1080x2408, appium:deviceUDID: 13793294180004Z, appium:ignoreHiddenApiPolicyError: true, appium:javascriptEnabled: true, appium:locationContextEnabled: false, appium:networkConnectionEnabled: true, appium:noReset: true, appium:pixelRatio: 2.75, appium:platformVersion: 14, appium:statBarHeight: 88, appium:takesScreenshot: true, appium:viewportRect: {height: 2138, left: 0, top: 88, width: 1080}, appium:warnings: {}, appium:webStorageEnabled: false, platformName: ANDROID}
Session ID: 02ab6876-d036-4ceb-b10c-ce75845dd76e
at org.openqa.selenium.support.ui.WebDriverWait.timeoutException(WebDriverWait.java:84)
at org.openqa.selenium.support.ui.FluentWait.until(FluentWait.java:229)
at Trial.Functions.clickAndWaitForElementWithXpath1(Functions.java:53)
at Trial.LikesCount_Script.LikesCountOnVideo02(LikesCount_Script.java:186)
at java.base/java.util.ArrayList.forEach(ArrayList.java:1511)
... Removed 27 stack frames]]>
    </failure>
  </testcase> <!-- LikesCountOnVideo02 -->
  <testcase classname="Trial.Pro" name="SoulZerefRecordedStreamPro13" time="157.548">
    <skipped/>
  </testcase> <!-- SoulZerefRecordedStreamPro13 -->
  <testcase classname="Trial.Pro" name="SoulZerefRecordedStreamPro13" time="160.256">
    <failure type="org.openqa.selenium.TimeoutException" message="Expected condition failed: waiting for Trial.Functions$2@45ea6c24 (tried for 100 second(s) with 500 milliseconds interval)
Build info: version: &amp;apos;4.16.1&amp;apos;, revision: &amp;apos;9b4c83354e&amp;apos;
System info: os.name: &amp;apos;Mac OS X&amp;apos;, os.arch: &amp;apos;x86_64&amp;apos;, os.version: &amp;apos;14.6.1&amp;apos;, java.version: &amp;apos;17.0.7&amp;apos;
Driver info: io.appium.java_client.android.AndroidDriver
Capabilities {appium:appActivity: com.threesixteen.app.ui.act..., appium:appPackage: com.threesixteen.app, appium:autoGrantPermissions: true, appium:databaseEnabled: false, appium:desired: {appActivity: com.threesixteen.app.ui.act..., appPackage: com.threesixteen.app, autoGrantPermissions: true, ignoreHiddenApiPolicyError: true, noReset: true, platformName: ANDROID, platformVersion: 14}, appium:deviceApiLevel: 34, appium:deviceManufacturer: vivo, appium:deviceModel: I2127, appium:deviceName: 13793294180004Z, appium:deviceScreenDensity: 440, appium:deviceScreenSize: 1080x2408, appium:deviceUDID: 13793294180004Z, appium:ignoreHiddenApiPolicyError: true, appium:javascriptEnabled: true, appium:locationContextEnabled: false, appium:networkConnectionEnabled: true, appium:noReset: true, appium:pixelRatio: 2.75, appium:platformVersion: 14, appium:statBarHeight: 88, appium:takesScreenshot: true, appium:viewportRect: {height: 2138, left: 0, top: 88, width: 1080}, appium:warnings: {}, appium:webStorageEnabled: false, platformName: ANDROID}
Session ID: 1b3d6aeb-9565-439c-8b32-0c9d6e418ee9">
      <![CDATA[org.openqa.selenium.TimeoutException: Expected condition failed: waiting for Trial.Functions$2@45ea6c24 (tried for 100 second(s) with 500 milliseconds interval)
Build info: version: '4.16.1', revision: '9b4c83354e'
System info: os.name: 'Mac OS X', os.arch: 'x86_64', os.version: '14.6.1', java.version: '17.0.7'
Driver info: io.appium.java_client.android.AndroidDriver
Capabilities {appium:appActivity: com.threesixteen.app.ui.act..., appium:appPackage: com.threesixteen.app, appium:autoGrantPermissions: true, appium:databaseEnabled: false, appium:desired: {appActivity: com.threesixteen.app.ui.act..., appPackage: com.threesixteen.app, autoGrantPermissions: true, ignoreHiddenApiPolicyError: true, noReset: true, platformName: ANDROID, platformVersion: 14}, appium:deviceApiLevel: 34, appium:deviceManufacturer: vivo, appium:deviceModel: I2127, appium:deviceName: 13793294180004Z, appium:deviceScreenDensity: 440, appium:deviceScreenSize: 1080x2408, appium:deviceUDID: 13793294180004Z, appium:ignoreHiddenApiPolicyError: true, appium:javascriptEnabled: true, appium:locationContextEnabled: false, appium:networkConnectionEnabled: true, appium:noReset: true, appium:pixelRatio: 2.75, appium:platformVersion: 14, appium:statBarHeight: 88, appium:takesScreenshot: true, appium:viewportRect: {height: 2138, left: 0, top: 88, width: 1080}, appium:warnings: {}, appium:webStorageEnabled: false, platformName: ANDROID}
Session ID: 1b3d6aeb-9565-439c-8b32-0c9d6e418ee9
at org.openqa.selenium.support.ui.WebDriverWait.timeoutException(WebDriverWait.java:84)
at org.openqa.selenium.support.ui.FluentWait.until(FluentWait.java:229)
at Trial.Functions.clickAndWaitForElementWithId(Functions.java:109)
at Trial.Functions.MuteRecordedStream(Functions.java:398)
at Trial.Pro.SoulZerefRecordedStreamPro13(Pro.java:527)
at java.base/java.util.ArrayList.forEach(ArrayList.java:1511)
... Removed 27 stack frames]]>
    </failure>
  </testcase> <!-- SoulZerefRecordedStreamPro13 -->
  <testcase classname="Trial.Pro" name="Bit8GoldyRecordedStreamPro14" time="59.221"/>
  <testcase classname="Trial.Pro" name="PitajiplayzRecordedStreamPro38" time="64.773"/>
  <testcase classname="Trial.Pro" name="IGRIRecordedStreamPro39" time="60.933"/>
  <testcase classname="Trial.Pro" name="kaztroRecordedStreamPro40" time="63.108"/>
  <testcase classname="Trial.Pro" name="DemondproXRecordedStreamPro41" time="120.113">
    <skipped/>
  </testcase> <!-- DemondproXRecordedStreamPro41 -->
  <testcase classname="Trial.Pro" name="DemondproXRecordedStreamPro41" time="117.906">
    <failure type="org.openqa.selenium.TimeoutException" message="Expected condition failed: waiting for Trial.Functions$2@fca54c5 (tried for 100 second(s) with 500 milliseconds interval)
Build info: version: &amp;apos;4.16.1&amp;apos;, revision: &amp;apos;9b4c83354e&amp;apos;
System info: os.name: &amp;apos;Mac OS X&amp;apos;, os.arch: &amp;apos;x86_64&amp;apos;, os.version: &amp;apos;14.6.1&amp;apos;, java.version: &amp;apos;17.0.7&amp;apos;
Driver info: io.appium.java_client.android.AndroidDriver
Capabilities {appium:appActivity: com.threesixteen.app.ui.act..., appium:appPackage: com.threesixteen.app, appium:autoGrantPermissions: true, appium:databaseEnabled: false, appium:desired: {appActivity: com.threesixteen.app.ui.act..., appPackage: com.threesixteen.app, autoGrantPermissions: true, ignoreHiddenApiPolicyError: true, noReset: true, platformName: ANDROID, platformVersion: 14}, appium:deviceApiLevel: 34, appium:deviceManufacturer: vivo, appium:deviceModel: I2127, appium:deviceName: 13793294180004Z, appium:deviceScreenDensity: 440, appium:deviceScreenSize: 1080x2408, appium:deviceUDID: 13793294180004Z, appium:ignoreHiddenApiPolicyError: true, appium:javascriptEnabled: true, appium:locationContextEnabled: false, appium:networkConnectionEnabled: true, appium:noReset: true, appium:pixelRatio: 2.75, appium:platformVersion: 14, appium:statBarHeight: 88, appium:takesScreenshot: true, appium:viewportRect: {height: 2138, left: 0, top: 88, width: 1080}, appium:warnings: {}, appium:webStorageEnabled: false, platformName: ANDROID}
Session ID: 057dd9b4-3bed-4030-b0f3-d308f815deac">
      <![CDATA[org.openqa.selenium.TimeoutException: Expected condition failed: waiting for Trial.Functions$2@fca54c5 (tried for 100 second(s) with 500 milliseconds interval)
Build info: version: '4.16.1', revision: '9b4c83354e'
System info: os.name: 'Mac OS X', os.arch: 'x86_64', os.version: '14.6.1', java.version: '17.0.7'
Driver info: io.appium.java_client.android.AndroidDriver
Capabilities {appium:appActivity: com.threesixteen.app.ui.act..., appium:appPackage: com.threesixteen.app, appium:autoGrantPermissions: true, appium:databaseEnabled: false, appium:desired: {appActivity: com.threesixteen.app.ui.act..., appPackage: com.threesixteen.app, autoGrantPermissions: true, ignoreHiddenApiPolicyError: true, noReset: true, platformName: ANDROID, platformVersion: 14}, appium:deviceApiLevel: 34, appium:deviceManufacturer: vivo, appium:deviceModel: I2127, appium:deviceName: 13793294180004Z, appium:deviceScreenDensity: 440, appium:deviceScreenSize: 1080x2408, appium:deviceUDID: 13793294180004Z, appium:ignoreHiddenApiPolicyError: true, appium:javascriptEnabled: true, appium:locationContextEnabled: false, appium:networkConnectionEnabled: true, appium:noReset: true, appium:pixelRatio: 2.75, appium:platformVersion: 14, appium:statBarHeight: 88, appium:takesScreenshot: true, appium:viewportRect: {height: 2138, left: 0, top: 88, width: 1080}, appium:warnings: {}, appium:webStorageEnabled: false, platformName: ANDROID}
Session ID: 057dd9b4-3bed-4030-b0f3-d308f815deac
at org.openqa.selenium.support.ui.WebDriverWait.timeoutException(WebDriverWait.java:84)
at org.openqa.selenium.support.ui.FluentWait.until(FluentWait.java:229)
at Trial.Functions.clickAndWaitForElementWithId(Functions.java:109)
at Trial.Functions.MuteRecordedStream(Functions.java:301)
at Trial.Pro.DemondproXRecordedStreamPro41(Pro.java:1271)
at java.base/java.util.ArrayList.forEach(ArrayList.java:1511)
... Removed 27 stack frames]]>
    </failure>
  </testcase> <!-- DemondproXRecordedStreamPro41 -->
  <testcase classname="Trial.Pro" name="ProStreamPIP42" time="65.659"/>
  <testcase classname="Trial.Pro" name="SIGIRecordedStreamPro43" time="82.444"/>
  <testcase classname="Trial.Pro" name="FEARLESSESPORTSRecordedStreamPro44" time="62.029"/>
  <testcase classname="Trial.Pro" name="UltraOPRecordedStreamPro45" time="67.736"/>
  <testcase classname="Trial.Pro" name="AdenRecordedStreamPro46" time="58.423"/>
  <testcase classname="Trial.Pro" name="GAmingPUJARecordedStreamPro47" time="61.788"/>
  <testcase classname="Trial.Pro" name="FBDJAATGAMERRecordedStreamPro48" time="62.139"/>
  <testcase classname="Trial.Pro" name="RepublicArmyRecordedStreamPro49" time="64.777"/>
  <testcase classname="Trial.Pro" name="LuciferSauravRecordedStreamPro50" time="60.203"/>
  <testcase classname="Trial.Pro" name="IYDLazyRecordedStreamPro51" time="63.254"/>
  <testcase classname="Trial.Pro" name="SuRYanShExDRecordedStreamPro52" time="59.511"/>
  <testcase classname="Trial.Pro" name="livestreamGiftstickerINLANDSCAPE53" time="39.719"/>
  <testcase classname="Trial.Pro" name="ThoppiRecordedStreamPro55" time="61.239"/>
  <testcase classname="Trial.Pro" name="Followingtabliveplayerrortate56" time="73.538"/>
  <testcase classname="Trial.Pro" name="APLEsportsRecordedStreamPro51" time="59.3"/>
  <testcase classname="Trial.Pro" name="DataCheckHomePage58" time="131.096">
    <skipped/>
  </testcase> <!-- DataCheckHomePage58 -->
  <testcase classname="Trial.Pro" name="DataCheckHomePage58" time="121.516">
    <failure type="org.openqa.selenium.NoSuchElementException" message="An element could not be located on the page using the given search parameters.
For documentation on this error, please visit: https://www.selenium.dev/documentation/webdriver/troubleshooting/errors#no-such-element-exception
Build info: version: &amp;apos;4.16.1&amp;apos;, revision: &amp;apos;9b4c83354e&amp;apos;
System info: os.name: &amp;apos;Mac OS X&amp;apos;, os.arch: &amp;apos;x86_64&amp;apos;, os.version: &amp;apos;14.6.1&amp;apos;, java.version: &amp;apos;17.0.7&amp;apos;
Driver info: io.appium.java_client.android.AndroidDriver
Command: [0931803b-fab0-451d-8b63-ee84cd672c00, findElement {using=-android uiautomator, value=new UiScrollable(new UiSelector().text(&amp;quot;Esports&amp;quot;)).setAsHorizontalList().scrollForward()}]
Capabilities {appium:appActivity: com.threesixteen.app.ui.act..., appium:appPackage: com.threesixteen.app, appium:autoGrantPermissions: true, appium:databaseEnabled: false, appium:desired: {appActivity: com.threesixteen.app.ui.act..., appPackage: com.threesixteen.app, autoGrantPermissions: true, ignoreHiddenApiPolicyError: true, noReset: true, platformName: ANDROID, platformVersion: 14}, appium:deviceApiLevel: 34, appium:deviceManufacturer: vivo, appium:deviceModel: I2127, appium:deviceName: 13793294180004Z, appium:deviceScreenDensity: 440, appium:deviceScreenSize: 1080x2408, appium:deviceUDID: 13793294180004Z, appium:ignoreHiddenApiPolicyError: true, appium:javascriptEnabled: true, appium:locationContextEnabled: false, appium:networkConnectionEnabled: true, appium:noReset: true, appium:pixelRatio: 2.75, appium:platformVersion: 14, appium:statBarHeight: 88, appium:takesScreenshot: true, appium:viewportRect: {height: 2138, left: 0, top: 88, width: 1080}, appium:warnings: {}, appium:webStorageEnabled: false, platformName: ANDROID}
Session ID: 0931803b-fab0-451d-8b63-ee84cd672c00">
      <![CDATA[org.openqa.selenium.NoSuchElementException: An element could not be located on the page using the given search parameters.
For documentation on this error, please visit: https://www.selenium.dev/documentation/webdriver/troubleshooting/errors#no-such-element-exception
Build info: version: '4.16.1', revision: '9b4c83354e'
System info: os.name: 'Mac OS X', os.arch: 'x86_64', os.version: '14.6.1', java.version: '17.0.7'
Driver info: io.appium.java_client.android.AndroidDriver
Command: [0931803b-fab0-451d-8b63-ee84cd672c00, findElement {using=-android uiautomator, value=new UiScrollable(new UiSelector().text("Esports")).setAsHorizontalList().scrollForward()}]
Capabilities {appium:appActivity: com.threesixteen.app.ui.act..., appium:appPackage: com.threesixteen.app, appium:autoGrantPermissions: true, appium:databaseEnabled: false, appium:desired: {appActivity: com.threesixteen.app.ui.act..., appPackage: com.threesixteen.app, autoGrantPermissions: true, ignoreHiddenApiPolicyError: true, noReset: true, platformName: ANDROID, platformVersion: 14}, appium:deviceApiLevel: 34, appium:deviceManufacturer: vivo, appium:deviceModel: I2127, appium:deviceName: 13793294180004Z, appium:deviceScreenDensity: 440, appium:deviceScreenSize: 1080x2408, appium:deviceUDID: 13793294180004Z, appium:ignoreHiddenApiPolicyError: true, appium:javascriptEnabled: true, appium:locationContextEnabled: false, appium:networkConnectionEnabled: true, appium:noReset: true, appium:pixelRatio: 2.75, appium:platformVersion: 14, appium:statBarHeight: 88, appium:takesScreenshot: true, appium:viewportRect: {height: 2138, left: 0, top: 88, width: 1080}, appium:warnings: {}, appium:webStorageEnabled: false, platformName: ANDROID}
Session ID: 0931803b-fab0-451d-8b63-ee84cd672c00
at org.openqa.selenium.remote.codec.w3c.W3CHttpResponseCodec.createException(W3CHttpResponseCodec.java:200)
at org.openqa.selenium.remote.codec.w3c.W3CHttpResponseCodec.decode(W3CHttpResponseCodec.java:133)
at org.openqa.selenium.remote.codec.w3c.W3CHttpResponseCodec.decode(W3CHttpResponseCodec.java:52)
at org.openqa.selenium.remote.HttpCommandExecutor.execute(HttpCommandExecutor.java:191)
at io.appium.java_client.remote.AppiumCommandExecutor.execute(AppiumCommandExecutor.java:237)
at org.openqa.selenium.remote.RemoteWebDriver.execute(RemoteWebDriver.java:523)
at org.openqa.selenium.remote.ElementLocation$ElementFinder$2.findElement(ElementLocation.java:165)
at org.openqa.selenium.remote.ElementLocation.findElement(ElementLocation.java:59)
at org.openqa.selenium.remote.RemoteWebDriver.findElement(RemoteWebDriver.java:360)
at org.openqa.selenium.remote.RemoteWebDriver.findElement(RemoteWebDriver.java:354)
at Trial.Pro.DataCheckHomePage58(Pro.java:1943)
at java.base/java.util.ArrayList.forEach(ArrayList.java:1511)
... Removed 31 stack frames]]>
    </failure>
  </testcase> <!-- DataCheckHomePage58 -->
  <testcase classname="Trial.Pro" name="SnaxgamingRecordedStreamPro59" time="63.464"/>
  <testcase classname="Trial.Pro" name="sp4hariRecordedStreamPro60" time="63.059"/>
  <testcase classname="Trial.Pro" name="CalvinReyecordedStreamPro61" time="62.543"/>
  <testcase classname="Trial.Pro" name="SidenavExtendpro62" time="3.166"/>
  <testcase classname="Trial.Pro" name="EXTROVERTOGRecordedStreamPro63" time="59.631"/>
  <testcase classname="Trial.Pro" name="BlackDaYGamingRecordedStreamPro64" time="60.755"/>
  <testcase classname="Trial.Pro" name="KIARAAGAMINGRecordedStreamPro65" time="61.499"/>
  <testcase classname="Trial.Pro" name="AdiiPLaYZRecordedStreamPro66" time="63.472"/>
  <testcase classname="Trial.Pro" name="CaramelRecordedStreamPro67" time="60.791"/>
  <testcase classname="Trial.Pro" name="VENOMGAMINGRecordedStreamPro68" time="64.545"/>
  <testcase classname="Trial.Pro" name="YtbotfluxRecordedStreamPro69" time="65.421"/>
  <testcase classname="Trial.Pro" name="CrockyMDRecordedStreamPro70" time="65.238"/>
  <testcase classname="Trial.Pro" name="ShreemanlegendRecordedStreamPro71" time="60.204"/>
  <testcase classname="Trial.Pro" name="QUEENNISLIVERecordedStreamPro72" time="63.816"/>
  <testcase classname="Trial.Pro" name="SwasthiGAmingRecordedStreamPro73" time="61.606"/>
  <testcase classname="Trial.Pro" name="IydmaxpllayzRecordedStreamPro74" time="66.198"/>
  <testcase classname="Trial.Pro" name="RAOFFLIVERecordedStreamPro75" time="51.077"/>
  <testcase classname="Trial.Pro" name="DevilIsOnRecordedStreamPro76" time="60.864"/>
  <testcase classname="Trial.Pro" name="MalluVinerGamingRecordedStreamPro77" time="60.539"/>
  <testcase classname="Trial.Pro" name="PIPPAPORecordedStreamPr078" time="60.344"/>
  <testcase classname="Trial.Pro" name="JokerKiHveliRecordedStreamPro79" time="62.632"/>
  <testcase classname="Trial.Pro" name="JB10RecordedStreamPro80" time="59.778"/>
  <testcase classname="Trial.Pro" name="GIGIGONEMADRecordedStreamPro81" time="59.151"/>
  <testcase classname="Trial.Pro" name="MissedTabContentisplaying81" time="32.878"/>
  <testcase classname="Trial.Pro" name="GiveawaysContentisplaying82" time="118.176">
    <skipped/>
  </testcase> <!-- GiveawaysContentisplaying82 -->
  <testcase classname="Trial.Pro" name="GiveawaysContentisplaying82" time="119.237">
    <failure type="org.openqa.selenium.TimeoutException" message="Expected condition failed: waiting for Trial.Functions$1@51d22bb0 (tried for 100 second(s) with 500 milliseconds interval)
Build info: version: &amp;apos;4.16.1&amp;apos;, revision: &amp;apos;9b4c83354e&amp;apos;
System info: os.name: &amp;apos;Mac OS X&amp;apos;, os.arch: &amp;apos;x86_64&amp;apos;, os.version: &amp;apos;14.6.1&amp;apos;, java.version: &amp;apos;17.0.7&amp;apos;
Driver info: io.appium.java_client.android.AndroidDriver
Capabilities {appium:appActivity: com.threesixteen.app.ui.act..., appium:appPackage: com.threesixteen.app, appium:autoGrantPermissions: true, appium:databaseEnabled: false, appium:desired: {appActivity: com.threesixteen.app.ui.act..., appPackage: com.threesixteen.app, autoGrantPermissions: true, ignoreHiddenApiPolicyError: true, noReset: true, platformName: ANDROID, platformVersion: 14}, appium:deviceApiLevel: 34, appium:deviceManufacturer: vivo, appium:deviceModel: I2127, appium:deviceName: 13793294180004Z, appium:deviceScreenDensity: 440, appium:deviceScreenSize: 1080x2408, appium:deviceUDID: 13793294180004Z, appium:ignoreHiddenApiPolicyError: true, appium:javascriptEnabled: true, appium:locationContextEnabled: false, appium:networkConnectionEnabled: true, appium:noReset: true, appium:pixelRatio: 2.75, appium:platformVersion: 14, appium:statBarHeight: 88, appium:takesScreenshot: true, appium:viewportRect: {height: 2138, left: 0, top: 88, width: 1080}, appium:warnings: {}, appium:webStorageEnabled: false, platformName: ANDROID}
Session ID: ceeb4e3c-d054-4c07-ab94-9d3e81948d7c">
      <![CDATA[org.openqa.selenium.TimeoutException: Expected condition failed: waiting for Trial.Functions$1@51d22bb0 (tried for 100 second(s) with 500 milliseconds interval)
Build info: version: '4.16.1', revision: '9b4c83354e'
System info: os.name: 'Mac OS X', os.arch: 'x86_64', os.version: '14.6.1', java.version: '17.0.7'
Driver info: io.appium.java_client.android.AndroidDriver
Capabilities {appium:appActivity: com.threesixteen.app.ui.act..., appium:appPackage: com.threesixteen.app, appium:autoGrantPermissions: true, appium:databaseEnabled: false, appium:desired: {appActivity: com.threesixteen.app.ui.act..., appPackage: com.threesixteen.app, autoGrantPermissions: true, ignoreHiddenApiPolicyError: true, noReset: true, platformName: ANDROID, platformVersion: 14}, appium:deviceApiLevel: 34, appium:deviceManufacturer: vivo, appium:deviceModel: I2127, appium:deviceName: 13793294180004Z, appium:deviceScreenDensity: 440, appium:deviceScreenSize: 1080x2408, appium:deviceUDID: 13793294180004Z, appium:ignoreHiddenApiPolicyError: true, appium:javascriptEnabled: true, appium:locationContextEnabled: false, appium:networkConnectionEnabled: true, appium:noReset: true, appium:pixelRatio: 2.75, appium:platformVersion: 14, appium:statBarHeight: 88, appium:takesScreenshot: true, appium:viewportRect: {height: 2138, left: 0, top: 88, width: 1080}, appium:warnings: {}, appium:webStorageEnabled: false, platformName: ANDROID}
Session ID: ceeb4e3c-d054-4c07-ab94-9d3e81948d7c
at org.openqa.selenium.support.ui.WebDriverWait.timeoutException(WebDriverWait.java:84)
at org.openqa.selenium.support.ui.FluentWait.until(FluentWait.java:229)
at Trial.Functions.clickAndWaitForElementWithXpath1(Functions.java:53)
at Trial.Pro.GiveawaysContentisplaying82(Pro.java:2603)
at java.base/java.util.ArrayList.forEach(ArrayList.java:1511)
... Removed 27 stack frames]]>
    </failure>
  </testcase> <!-- GiveawaysContentisplaying82 -->
  <testcase classname="Trial.Pro" name="CYNTHIAISLIVERecordedStreamPro83" time="59.885"/>
  <testcase classname="Trial.Pro" name="bit8beg4mercy84" time="59.967"/>
  <testcase classname="Trial.Pro" name="LETSGTAMERecordedStreamPro85" time="62.6"/>
  <testcase classname="Trial.Pro" name="SubscriptioncancelledPack86" time="13.016"/>
  <testcase classname="Trial.Pro" name="Subscriptioncancelled7daysPack87" time="3.402"/>
  <testcase classname="Trial.Pro" name="Subscriptioncancelled30DayPack88" time="4.572"/>
  <testcase classname="Trial.Pro" name="Subscriptioncancelled180DPack89" time="4.145"/>
  <testcase classname="Trial.Pro" name="Subscriptioncancelled3365DayPack90" time="3.539"/>
  <testcase classname="Trial.Pro" name="ProPurchasehistoryandTokenValidation91" time="13.065">
    <skipped/>
  </testcase> <!-- ProPurchasehistoryandTokenValidation91 -->
  <testcase classname="Trial.Pro" name="ProPurchasehistoryandTokenValidation91" time="13.155">
    <failure type="org.openqa.selenium.NoSuchElementException" message="An element could not be located on the page using the given search parameters.
For documentation on this error, please visit: https://www.selenium.dev/documentation/webdriver/troubleshooting/errors#no-such-element-exception
Build info: version: &amp;apos;4.16.1&amp;apos;, revision: &amp;apos;9b4c83354e&amp;apos;
System info: os.name: &amp;apos;Mac OS X&amp;apos;, os.arch: &amp;apos;x86_64&amp;apos;, os.version: &amp;apos;14.6.1&amp;apos;, java.version: &amp;apos;17.0.7&amp;apos;
Driver info: io.appium.java_client.android.AndroidDriver
Command: [699c28a5-e43e-47b9-9abd-4291577e3a25, findElement {using=xpath, value=/hierarchy/android.widget.FrameLayout/android.widget.LinearLayout/android.widget.FrameLayout/android.widget.LinearLayout/android.widget.FrameLayout/android.view.ViewGroup/android.widget.FrameLayout/android.view.ViewGroup/android.webkit.WebView/android.webkit.WebView/android.view.View/android.view.View[3]/android.view.View/android.view.View/android.widget.TextView[1]}]
Capabilities {appium:appActivity: com.threesixteen.app.ui.act..., appium:appPackage: com.threesixteen.app, appium:autoGrantPermissions: true, appium:databaseEnabled: false, appium:desired: {appActivity: com.threesixteen.app.ui.act..., appPackage: com.threesixteen.app, autoGrantPermissions: true, ignoreHiddenApiPolicyError: true, noReset: true, platformName: ANDROID, platformVersion: 14}, appium:deviceApiLevel: 34, appium:deviceManufacturer: vivo, appium:deviceModel: I2127, appium:deviceName: 13793294180004Z, appium:deviceScreenDensity: 440, appium:deviceScreenSize: 1080x2408, appium:deviceUDID: 13793294180004Z, appium:ignoreHiddenApiPolicyError: true, appium:javascriptEnabled: true, appium:locationContextEnabled: false, appium:networkConnectionEnabled: true, appium:noReset: true, appium:pixelRatio: 2.75, appium:platformVersion: 14, appium:statBarHeight: 88, appium:takesScreenshot: true, appium:viewportRect: {height: 2138, left: 0, top: 88, width: 1080}, appium:warnings: {}, appium:webStorageEnabled: false, platformName: ANDROID}
Session ID: 699c28a5-e43e-47b9-9abd-4291577e3a25">
      <![CDATA[org.openqa.selenium.NoSuchElementException: An element could not be located on the page using the given search parameters.
For documentation on this error, please visit: https://www.selenium.dev/documentation/webdriver/troubleshooting/errors#no-such-element-exception
Build info: version: '4.16.1', revision: '9b4c83354e'
System info: os.name: 'Mac OS X', os.arch: 'x86_64', os.version: '14.6.1', java.version: '17.0.7'
Driver info: io.appium.java_client.android.AndroidDriver
Command: [699c28a5-e43e-47b9-9abd-4291577e3a25, findElement {using=xpath, value=/hierarchy/android.widget.FrameLayout/android.widget.LinearLayout/android.widget.FrameLayout/android.widget.LinearLayout/android.widget.FrameLayout/android.view.ViewGroup/android.widget.FrameLayout/android.view.ViewGroup/android.webkit.WebView/android.webkit.WebView/android.view.View/android.view.View[3]/android.view.View/android.view.View/android.widget.TextView[1]}]
Capabilities {appium:appActivity: com.threesixteen.app.ui.act..., appium:appPackage: com.threesixteen.app, appium:autoGrantPermissions: true, appium:databaseEnabled: false, appium:desired: {appActivity: com.threesixteen.app.ui.act..., appPackage: com.threesixteen.app, autoGrantPermissions: true, ignoreHiddenApiPolicyError: true, noReset: true, platformName: ANDROID, platformVersion: 14}, appium:deviceApiLevel: 34, appium:deviceManufacturer: vivo, appium:deviceModel: I2127, appium:deviceName: 13793294180004Z, appium:deviceScreenDensity: 440, appium:deviceScreenSize: 1080x2408, appium:deviceUDID: 13793294180004Z, appium:ignoreHiddenApiPolicyError: true, appium:javascriptEnabled: true, appium:locationContextEnabled: false, appium:networkConnectionEnabled: true, appium:noReset: true, appium:pixelRatio: 2.75, appium:platformVersion: 14, appium:statBarHeight: 88, appium:takesScreenshot: true, appium:viewportRect: {height: 2138, left: 0, top: 88, width: 1080}, appium:warnings: {}, appium:webStorageEnabled: false, platformName: ANDROID}
Session ID: 699c28a5-e43e-47b9-9abd-4291577e3a25
at org.openqa.selenium.remote.codec.w3c.W3CHttpResponseCodec.createException(W3CHttpResponseCodec.java:200)
at org.openqa.selenium.remote.codec.w3c.W3CHttpResponseCodec.decode(W3CHttpResponseCodec.java:133)
at org.openqa.selenium.remote.codec.w3c.W3CHttpResponseCodec.decode(W3CHttpResponseCodec.java:52)
at org.openqa.selenium.remote.HttpCommandExecutor.execute(HttpCommandExecutor.java:191)
at io.appium.java_client.remote.AppiumCommandExecutor.execute(AppiumCommandExecutor.java:237)
at org.openqa.selenium.remote.RemoteWebDriver.execute(RemoteWebDriver.java:523)
at org.openqa.selenium.remote.ElementLocation$ElementFinder$2.findElement(ElementLocation.java:165)
at org.openqa.selenium.remote.ElementLocation.findElement(ElementLocation.java:59)
at org.openqa.selenium.remote.RemoteWebDriver.findElement(RemoteWebDriver.java:360)
at org.openqa.selenium.remote.RemoteWebDriver.findElement(RemoteWebDriver.java:354)
at Trial.Pro.ProPurchasehistoryandTokenValidation91(Pro.java:3066)
at java.base/java.util.ArrayList.forEach(ArrayList.java:1511)
... Removed 31 stack frames]]>
    </failure>
  </testcase> <!-- ProPurchasehistoryandTokenValidation91 -->
  <testcase classname="Trial.Pro" name="Logout110" time="22.818"/>
  <testcase classname="Trial.TaskPage_Script" name="Taskpage1" time="101.034">
    <skipped/>
  </testcase> <!-- Taskpage1 -->
  <testcase classname="Trial.TaskPage_Script" name="Taskpage1" time="100.573">
    <failure type="org.openqa.selenium.TimeoutException" message="Expected condition failed: waiting for Trial.Functions$1@41b3441a (tried for 100 second(s) with 500 milliseconds interval)
Build info: version: &amp;apos;4.16.1&amp;apos;, revision: &amp;apos;9b4c83354e&amp;apos;
System info: os.name: &amp;apos;Mac OS X&amp;apos;, os.arch: &amp;apos;x86_64&amp;apos;, os.version: &amp;apos;14.6.1&amp;apos;, java.version: &amp;apos;17.0.7&amp;apos;
Driver info: io.appium.java_client.android.AndroidDriver
Capabilities {appium:appActivity: com.threesixteen.app.ui.act..., appium:appPackage: com.threesixteen.app, appium:autoGrantPermissions: true, appium:databaseEnabled: false, appium:desired: {appActivity: com.threesixteen.app.ui.act..., appPackage: com.threesixteen.app, autoGrantPermissions: true, ignoreHiddenApiPolicyError: true, noReset: true, platformName: ANDROID, platformVersion: 14}, appium:deviceApiLevel: 34, appium:deviceManufacturer: vivo, appium:deviceModel: I2127, appium:deviceName: 13793294180004Z, appium:deviceScreenDensity: 440, appium:deviceScreenSize: 1080x2408, appium:deviceUDID: 13793294180004Z, appium:ignoreHiddenApiPolicyError: true, appium:javascriptEnabled: true, appium:locationContextEnabled: false, appium:networkConnectionEnabled: true, appium:noReset: true, appium:pixelRatio: 2.75, appium:platformVersion: 14, appium:statBarHeight: 88, appium:takesScreenshot: true, appium:viewportRect: {height: 2138, left: 0, top: 88, width: 1080}, appium:warnings: {}, appium:webStorageEnabled: false, platformName: ANDROID}
Session ID: 2b6a0a45-5ae2-4158-8710-35fa72efe1da">
      <![CDATA[org.openqa.selenium.TimeoutException: Expected condition failed: waiting for Trial.Functions$1@41b3441a (tried for 100 second(s) with 500 milliseconds interval)
Build info: version: '4.16.1', revision: '9b4c83354e'
System info: os.name: 'Mac OS X', os.arch: 'x86_64', os.version: '14.6.1', java.version: '17.0.7'
Driver info: io.appium.java_client.android.AndroidDriver
Capabilities {appium:appActivity: com.threesixteen.app.ui.act..., appium:appPackage: com.threesixteen.app, appium:autoGrantPermissions: true, appium:databaseEnabled: false, appium:desired: {appActivity: com.threesixteen.app.ui.act..., appPackage: com.threesixteen.app, autoGrantPermissions: true, ignoreHiddenApiPolicyError: true, noReset: true, platformName: ANDROID, platformVersion: 14}, appium:deviceApiLevel: 34, appium:deviceManufacturer: vivo, appium:deviceModel: I2127, appium:deviceName: 13793294180004Z, appium:deviceScreenDensity: 440, appium:deviceScreenSize: 1080x2408, appium:deviceUDID: 13793294180004Z, appium:ignoreHiddenApiPolicyError: true, appium:javascriptEnabled: true, appium:locationContextEnabled: false, appium:networkConnectionEnabled: true, appium:noReset: true, appium:pixelRatio: 2.75, appium:platformVersion: 14, appium:statBarHeight: 88, appium:takesScreenshot: true, appium:viewportRect: {height: 2138, left: 0, top: 88, width: 1080}, appium:warnings: {}, appium:webStorageEnabled: false, platformName: ANDROID}
Session ID: 2b6a0a45-5ae2-4158-8710-35fa72efe1da
at org.openqa.selenium.support.ui.WebDriverWait.timeoutException(WebDriverWait.java:84)
at org.openqa.selenium.support.ui.FluentWait.until(FluentWait.java:229)
at Trial.Functions.clickAndWaitForElementWithXpath1(Functions.java:53)
at Trial.Functions.OpenTaskPage(Functions.java:517)
at Trial.TaskPage_Script.Taskpage1(TaskPage_Script.java:69)
at java.base/java.util.ArrayList.forEach(ArrayList.java:1511)
... Removed 27 stack frames]]>
    </failure>
  </testcase> <!-- Taskpage1 -->
  <testcase classname="Trial.Explorepage_Script" name="ExplorepageGameCenter01" time="100.338">
    <skipped/>
  </testcase> <!-- ExplorepageGameCenter01 -->
  <testcase classname="Trial.Explorepage_Script" name="ExplorepageGameCenter01" time="100.878">
    <failure type="org.openqa.selenium.TimeoutException" message="Expected condition failed: waiting for Trial.Functions$1@5319d5f5 (tried for 100 second(s) with 500 milliseconds interval)
Build info: version: &amp;apos;4.16.1&amp;apos;, revision: &amp;apos;9b4c83354e&amp;apos;
System info: os.name: &amp;apos;Mac OS X&amp;apos;, os.arch: &amp;apos;x86_64&amp;apos;, os.version: &amp;apos;14.6.1&amp;apos;, java.version: &amp;apos;17.0.7&amp;apos;
Driver info: io.appium.java_client.android.AndroidDriver
Capabilities {appium:appActivity: com.threesixteen.app.ui.act..., appium:appPackage: com.threesixteen.app, appium:autoGrantPermissions: true, appium:databaseEnabled: false, appium:desired: {appActivity: com.threesixteen.app.ui.act..., appPackage: com.threesixteen.app, autoGrantPermissions: true, ignoreHiddenApiPolicyError: true, noReset: true, platformName: ANDROID, platformVersion: 14}, appium:deviceApiLevel: 34, appium:deviceManufacturer: vivo, appium:deviceModel: I2127, appium:deviceName: 13793294180004Z, appium:deviceScreenDensity: 440, appium:deviceScreenSize: 1080x2408, appium:deviceUDID: 13793294180004Z, appium:ignoreHiddenApiPolicyError: true, appium:javascriptEnabled: true, appium:locationContextEnabled: false, appium:networkConnectionEnabled: true, appium:noReset: true, appium:pixelRatio: 2.75, appium:platformVersion: 14, appium:statBarHeight: 88, appium:takesScreenshot: true, appium:viewportRect: {height: 2138, left: 0, top: 88, width: 1080}, appium:warnings: {}, appium:webStorageEnabled: false, platformName: ANDROID}
Session ID: 645c79be-1c63-481f-90c7-bf567197ef1c">
      <![CDATA[org.openqa.selenium.TimeoutException: Expected condition failed: waiting for Trial.Functions$1@5319d5f5 (tried for 100 second(s) with 500 milliseconds interval)
Build info: version: '4.16.1', revision: '9b4c83354e'
System info: os.name: 'Mac OS X', os.arch: 'x86_64', os.version: '14.6.1', java.version: '17.0.7'
Driver info: io.appium.java_client.android.AndroidDriver
Capabilities {appium:appActivity: com.threesixteen.app.ui.act..., appium:appPackage: com.threesixteen.app, appium:autoGrantPermissions: true, appium:databaseEnabled: false, appium:desired: {appActivity: com.threesixteen.app.ui.act..., appPackage: com.threesixteen.app, autoGrantPermissions: true, ignoreHiddenApiPolicyError: true, noReset: true, platformName: ANDROID, platformVersion: 14}, appium:deviceApiLevel: 34, appium:deviceManufacturer: vivo, appium:deviceModel: I2127, appium:deviceName: 13793294180004Z, appium:deviceScreenDensity: 440, appium:deviceScreenSize: 1080x2408, appium:deviceUDID: 13793294180004Z, appium:ignoreHiddenApiPolicyError: true, appium:javascriptEnabled: true, appium:locationContextEnabled: false, appium:networkConnectionEnabled: true, appium:noReset: true, appium:pixelRatio: 2.75, appium:platformVersion: 14, appium:statBarHeight: 88, appium:takesScreenshot: true, appium:viewportRect: {height: 2138, left: 0, top: 88, width: 1080}, appium:warnings: {}, appium:webStorageEnabled: false, platformName: ANDROID}
Session ID: 645c79be-1c63-481f-90c7-bf567197ef1c
at org.openqa.selenium.support.ui.WebDriverWait.timeoutException(WebDriverWait.java:84)
at org.openqa.selenium.support.ui.FluentWait.until(FluentWait.java:229)
at Trial.Functions.clickAndWaitForElementWithXpath1(Functions.java:53)
at Trial.Functions.OpenExplorePage(Functions.java:548)
at Trial.Explorepage_Script.ExplorepageGameCenter01(Explorepage_Script.java:46)
at java.base/java.util.ArrayList.forEach(ArrayList.java:1511)
... Removed 27 stack frames]]>
    </failure>
  </testcase> <!-- ExplorepageGameCenter01 -->
  <testcase classname="Trial.Explorepage_Script" name="ExplorePageMineCraftAnimation05" time="100.775">
    <skipped/>
  </testcase> <!-- ExplorePageMineCraftAnimation05 -->
  <testcase classname="Trial.Explorepage_Script" name="ExplorePageMineCraftAnimation05" time="100.299">
    <failure type="org.openqa.selenium.TimeoutException" message="Expected condition failed: waiting for Trial.Functions$1@47815bf7 (tried for 100 second(s) with 500 milliseconds interval)
Build info: version: &amp;apos;4.16.1&amp;apos;, revision: &amp;apos;9b4c83354e&amp;apos;
System info: os.name: &amp;apos;Mac OS X&amp;apos;, os.arch: &amp;apos;x86_64&amp;apos;, os.version: &amp;apos;14.6.1&amp;apos;, java.version: &amp;apos;17.0.7&amp;apos;
Driver info: io.appium.java_client.android.AndroidDriver
Capabilities {appium:appActivity: com.threesixteen.app.ui.act..., appium:appPackage: com.threesixteen.app, appium:autoGrantPermissions: true, appium:databaseEnabled: false, appium:desired: {appActivity: com.threesixteen.app.ui.act..., appPackage: com.threesixteen.app, autoGrantPermissions: true, ignoreHiddenApiPolicyError: true, noReset: true, platformName: ANDROID, platformVersion: 14}, appium:deviceApiLevel: 34, appium:deviceManufacturer: vivo, appium:deviceModel: I2127, appium:deviceName: 13793294180004Z, appium:deviceScreenDensity: 440, appium:deviceScreenSize: 1080x2408, appium:deviceUDID: 13793294180004Z, appium:ignoreHiddenApiPolicyError: true, appium:javascriptEnabled: true, appium:locationContextEnabled: false, appium:networkConnectionEnabled: true, appium:noReset: true, appium:pixelRatio: 2.75, appium:platformVersion: 14, appium:statBarHeight: 88, appium:takesScreenshot: true, appium:viewportRect: {height: 2138, left: 0, top: 88, width: 1080}, appium:warnings: {}, appium:webStorageEnabled: false, platformName: ANDROID}
Session ID: 219f315d-6bef-4a4e-abe6-78dda28564f9">
      <![CDATA[org.openqa.selenium.TimeoutException: Expected condition failed: waiting for Trial.Functions$1@47815bf7 (tried for 100 second(s) with 500 milliseconds interval)
Build info: version: '4.16.1', revision: '9b4c83354e'
System info: os.name: 'Mac OS X', os.arch: 'x86_64', os.version: '14.6.1', java.version: '17.0.7'
Driver info: io.appium.java_client.android.AndroidDriver
Capabilities {appium:appActivity: com.threesixteen.app.ui.act..., appium:appPackage: com.threesixteen.app, appium:autoGrantPermissions: true, appium:databaseEnabled: false, appium:desired: {appActivity: com.threesixteen.app.ui.act..., appPackage: com.threesixteen.app, autoGrantPermissions: true, ignoreHiddenApiPolicyError: true, noReset: true, platformName: ANDROID, platformVersion: 14}, appium:deviceApiLevel: 34, appium:deviceManufacturer: vivo, appium:deviceModel: I2127, appium:deviceName: 13793294180004Z, appium:deviceScreenDensity: 440, appium:deviceScreenSize: 1080x2408, appium:deviceUDID: 13793294180004Z, appium:ignoreHiddenApiPolicyError: true, appium:javascriptEnabled: true, appium:locationContextEnabled: false, appium:networkConnectionEnabled: true, appium:noReset: true, appium:pixelRatio: 2.75, appium:platformVersion: 14, appium:statBarHeight: 88, appium:takesScreenshot: true, appium:viewportRect: {height: 2138, left: 0, top: 88, width: 1080}, appium:warnings: {}, appium:webStorageEnabled: false, platformName: ANDROID}
Session ID: 219f315d-6bef-4a4e-abe6-78dda28564f9
at org.openqa.selenium.support.ui.WebDriverWait.timeoutException(WebDriverWait.java:84)
at org.openqa.selenium.support.ui.FluentWait.until(FluentWait.java:229)
at Trial.Functions.clickAndWaitForElementWithXpath1(Functions.java:53)
at Trial.Functions.OpenExplorePage(Functions.java:548)
at Trial.Explorepage_Script.ExplorePageMineCraftAnimation05(Explorepage_Script.java:140)
at java.base/java.util.ArrayList.forEach(ArrayList.java:1511)
... Removed 27 stack frames]]>
    </failure>
  </testcase> <!-- ExplorePageMineCraftAnimation05 -->
  <testcase classname="Trial.Explorepage_Script" name="ExplorePageFFEventUpdates7" time="100.36">
    <skipped/>
  </testcase> <!-- ExplorePageFFEventUpdates7 -->
  <testcase classname="Trial.Explorepage_Script" name="ExplorePageFFEventUpdates7" time="100.564">
    <failure type="org.openqa.selenium.TimeoutException" message="Expected condition failed: waiting for Trial.Functions$1@213c3af5 (tried for 100 second(s) with 500 milliseconds interval)
Build info: version: &amp;apos;4.16.1&amp;apos;, revision: &amp;apos;9b4c83354e&amp;apos;
System info: os.name: &amp;apos;Mac OS X&amp;apos;, os.arch: &amp;apos;x86_64&amp;apos;, os.version: &amp;apos;14.6.1&amp;apos;, java.version: &amp;apos;17.0.7&amp;apos;
Driver info: io.appium.java_client.android.AndroidDriver
Capabilities {appium:appActivity: com.threesixteen.app.ui.act..., appium:appPackage: com.threesixteen.app, appium:autoGrantPermissions: true, appium:databaseEnabled: false, appium:desired: {appActivity: com.threesixteen.app.ui.act..., appPackage: com.threesixteen.app, autoGrantPermissions: true, ignoreHiddenApiPolicyError: true, noReset: true, platformName: ANDROID, platformVersion: 14}, appium:deviceApiLevel: 34, appium:deviceManufacturer: vivo, appium:deviceModel: I2127, appium:deviceName: 13793294180004Z, appium:deviceScreenDensity: 440, appium:deviceScreenSize: 1080x2408, appium:deviceUDID: 13793294180004Z, appium:ignoreHiddenApiPolicyError: true, appium:javascriptEnabled: true, appium:locationContextEnabled: false, appium:networkConnectionEnabled: true, appium:noReset: true, appium:pixelRatio: 2.75, appium:platformVersion: 14, appium:statBarHeight: 88, appium:takesScreenshot: true, appium:viewportRect: {height: 2138, left: 0, top: 88, width: 1080}, appium:warnings: {}, appium:webStorageEnabled: false, platformName: ANDROID}
Session ID: ea33d826-0feb-4f41-aeb3-0a85d95fcabf">
      <![CDATA[org.openqa.selenium.TimeoutException: Expected condition failed: waiting for Trial.Functions$1@213c3af5 (tried for 100 second(s) with 500 milliseconds interval)
Build info: version: '4.16.1', revision: '9b4c83354e'
System info: os.name: 'Mac OS X', os.arch: 'x86_64', os.version: '14.6.1', java.version: '17.0.7'
Driver info: io.appium.java_client.android.AndroidDriver
Capabilities {appium:appActivity: com.threesixteen.app.ui.act..., appium:appPackage: com.threesixteen.app, appium:autoGrantPermissions: true, appium:databaseEnabled: false, appium:desired: {appActivity: com.threesixteen.app.ui.act..., appPackage: com.threesixteen.app, autoGrantPermissions: true, ignoreHiddenApiPolicyError: true, noReset: true, platformName: ANDROID, platformVersion: 14}, appium:deviceApiLevel: 34, appium:deviceManufacturer: vivo, appium:deviceModel: I2127, appium:deviceName: 13793294180004Z, appium:deviceScreenDensity: 440, appium:deviceScreenSize: 1080x2408, appium:deviceUDID: 13793294180004Z, appium:ignoreHiddenApiPolicyError: true, appium:javascriptEnabled: true, appium:locationContextEnabled: false, appium:networkConnectionEnabled: true, appium:noReset: true, appium:pixelRatio: 2.75, appium:platformVersion: 14, appium:statBarHeight: 88, appium:takesScreenshot: true, appium:viewportRect: {height: 2138, left: 0, top: 88, width: 1080}, appium:warnings: {}, appium:webStorageEnabled: false, platformName: ANDROID}
Session ID: ea33d826-0feb-4f41-aeb3-0a85d95fcabf
at org.openqa.selenium.support.ui.WebDriverWait.timeoutException(WebDriverWait.java:84)
at org.openqa.selenium.support.ui.FluentWait.until(FluentWait.java:229)
at Trial.Functions.clickAndWaitForElementWithXpath1(Functions.java:53)
at Trial.Functions.OpenExplorePage(Functions.java:548)
at Trial.Explorepage_Script.ExplorePageFFEventUpdates7(Explorepage_Script.java:203)
at java.base/java.util.ArrayList.forEach(ArrayList.java:1511)
... Removed 27 stack frames]]>
    </failure>
  </testcase> <!-- ExplorePageFFEventUpdates7 -->
  <testcase classname="Trial.Explorepage_Script" name="ExplorePageGTARP8" time="100.502">
    <skipped/>
  </testcase> <!-- ExplorePageGTARP8 -->
  <testcase classname="Trial.Explorepage_Script" name="ExplorePageGTARP8" time="100.57">
    <failure type="org.openqa.selenium.TimeoutException" message="Expected condition failed: waiting for Trial.Functions$1@6a883776 (tried for 100 second(s) with 500 milliseconds interval)
Build info: version: &amp;apos;4.16.1&amp;apos;, revision: &amp;apos;9b4c83354e&amp;apos;
System info: os.name: &amp;apos;Mac OS X&amp;apos;, os.arch: &amp;apos;x86_64&amp;apos;, os.version: &amp;apos;14.6.1&amp;apos;, java.version: &amp;apos;17.0.7&amp;apos;
Driver info: io.appium.java_client.android.AndroidDriver
Capabilities {appium:appActivity: com.threesixteen.app.ui.act..., appium:appPackage: com.threesixteen.app, appium:autoGrantPermissions: true, appium:databaseEnabled: false, appium:desired: {appActivity: com.threesixteen.app.ui.act..., appPackage: com.threesixteen.app, autoGrantPermissions: true, ignoreHiddenApiPolicyError: true, noReset: true, platformName: ANDROID, platformVersion: 14}, appium:deviceApiLevel: 34, appium:deviceManufacturer: vivo, appium:deviceModel: I2127, appium:deviceName: 13793294180004Z, appium:deviceScreenDensity: 440, appium:deviceScreenSize: 1080x2408, appium:deviceUDID: 13793294180004Z, appium:ignoreHiddenApiPolicyError: true, appium:javascriptEnabled: true, appium:locationContextEnabled: false, appium:networkConnectionEnabled: true, appium:noReset: true, appium:pixelRatio: 2.75, appium:platformVersion: 14, appium:statBarHeight: 88, appium:takesScreenshot: true, appium:viewportRect: {height: 2138, left: 0, top: 88, width: 1080}, appium:warnings: {}, appium:webStorageEnabled: false, platformName: ANDROID}
Session ID: 71af0f77-c9e0-4ff7-9aae-e0f8f75668e9">
      <![CDATA[org.openqa.selenium.TimeoutException: Expected condition failed: waiting for Trial.Functions$1@6a883776 (tried for 100 second(s) with 500 milliseconds interval)
Build info: version: '4.16.1', revision: '9b4c83354e'
System info: os.name: 'Mac OS X', os.arch: 'x86_64', os.version: '14.6.1', java.version: '17.0.7'
Driver info: io.appium.java_client.android.AndroidDriver
Capabilities {appium:appActivity: com.threesixteen.app.ui.act..., appium:appPackage: com.threesixteen.app, appium:autoGrantPermissions: true, appium:databaseEnabled: false, appium:desired: {appActivity: com.threesixteen.app.ui.act..., appPackage: com.threesixteen.app, autoGrantPermissions: true, ignoreHiddenApiPolicyError: true, noReset: true, platformName: ANDROID, platformVersion: 14}, appium:deviceApiLevel: 34, appium:deviceManufacturer: vivo, appium:deviceModel: I2127, appium:deviceName: 13793294180004Z, appium:deviceScreenDensity: 440, appium:deviceScreenSize: 1080x2408, appium:deviceUDID: 13793294180004Z, appium:ignoreHiddenApiPolicyError: true, appium:javascriptEnabled: true, appium:locationContextEnabled: false, appium:networkConnectionEnabled: true, appium:noReset: true, appium:pixelRatio: 2.75, appium:platformVersion: 14, appium:statBarHeight: 88, appium:takesScreenshot: true, appium:viewportRect: {height: 2138, left: 0, top: 88, width: 1080}, appium:warnings: {}, appium:webStorageEnabled: false, platformName: ANDROID}
Session ID: 71af0f77-c9e0-4ff7-9aae-e0f8f75668e9
at org.openqa.selenium.support.ui.WebDriverWait.timeoutException(WebDriverWait.java:84)
at org.openqa.selenium.support.ui.FluentWait.until(FluentWait.java:229)
at Trial.Functions.clickAndWaitForElementWithXpath1(Functions.java:53)
at Trial.Functions.OpenExplorePage(Functions.java:548)
at Trial.Explorepage_Script.ExplorePageGTARP8(Explorepage_Script.java:235)
at java.base/java.util.ArrayList.forEach(ArrayList.java:1511)
... Removed 27 stack frames]]>
    </failure>
  </testcase> <!-- ExplorePageGTARP8 -->
  <testcase classname="Trial.Explorepage_Script" name="ExplorePageTrendingVideosOnRotter9" time="0.0">
    <skipped/>
  </testcase> <!-- ExplorePageTrendingVideosOnRotter9 -->
  <testcase classname="Trial.Explorepage_Script" name="ExplorePageViralReels10" time="0.0">
    <skipped/>
  </testcase> <!-- ExplorePageViralReels10 -->
  <testcase classname="Trial.Explorepage_Script" name="ExplorePageBGMIingameupdates11" time="0.0">
    <skipped/>
  </testcase> <!-- ExplorePageBGMIingameupdates11 -->
  <testcase classname="Trial.Explorepage_Script" name="ExplorePageFFTipsnTricks12" time="0.0">
    <skipped/>
  </testcase> <!-- ExplorePageFFTipsnTricks12 -->
  <testcase classname="Trial.InAppNotification_Script" name="InAppNotificationActivityTab3" time="0.0">
    <skipped/>
  </testcase> <!-- InAppNotificationActivityTab3 -->
  <testcase classname="Trial.InAppNotification_Script" name="InAppNotificationHiostory6" time="0.0">
    <skipped/>
  </testcase> <!-- InAppNotificationHiostory6 -->
  <testcase classname="Trial.Coin_Count" name="CoinsCount02" time="0.0">
    <skipped/>
  </testcase> <!-- CoinsCount02 -->
  <testcase classname="Trial.Coin_Count" name="CoinsCount03" time="0.0">
    <skipped/>
  </testcase> <!-- CoinsCount03 -->
  <testcase classname="Trial.Pro" name="ScoutOPRecordedStreamPro15" time="0.0">
    <ignored/>
  </testcase> <!-- ScoutOPRecordedStreamPro15 -->
  <testcase classname="Trial.Reel_Script" name="ReelTestAfterVideoMiniPlayer12" time="0.0">
    <ignored/>
  </testcase> <!-- ReelTestAfterVideoMiniPlayer12 -->
  <testcase classname="Trial.TaskPage_Script" name="Taskdone4" time="0.0">
    <ignored/>
  </testcase> <!-- Taskdone4 -->
  <testcase classname="Trial.Pro" name="ProStreamComment02" time="0.0">
    <ignored/>
  </testcase> <!-- ProStreamComment02 -->
  <testcase classname="Trial.Pro" name="LidomaAsiaRecordedStreamTest37" time="0.0">
    <ignored/>
  </testcase> <!-- LidomaAsiaRecordedStreamTest37 -->
  <testcase classname="Trial.Pro" name="RAWSOMERecordedstreampro24" time="0.0">
    <ignored/>
  </testcase> <!-- RAWSOMERecordedstreampro24 -->
  <testcase classname="Trial.Pro" name="ProRecordedStreamForProUsers9" time="0.0">
    <ignored/>
  </testcase> <!-- ProRecordedStreamForProUsers9 -->
  <testcase classname="Trial.Pro" name="Rusherw0w8bitRecordedstreampro17" time="0.0">
    <ignored/>
  </testcase> <!-- Rusherw0w8bitRecordedstreampro17 -->
  <testcase classname="Trial.InAppNotification_Script" name="InAppNotificationTest1" time="0.0">
    <ignored/>
  </testcase> <!-- InAppNotificationTest1 -->
  <testcase classname="Trial.Explorepage_Script" name="ExplorePageBGMIEsportsHighlights04" time="0.0">
    <ignored/>
  </testcase> <!-- ExplorePageBGMIEsportsHighlights04 -->
  <testcase classname="Trial.InAppNotification_Script" name="InAppNotificationTab5" time="0.0">
    <ignored/>
  </testcase> <!-- InAppNotificationTab5 -->
  <testcase classname="Trial.InAppNotification_Script" name="InAppNotificationUpdatesTab2" time="0.0">
    <ignored/>
  </testcase> <!-- InAppNotificationUpdatesTab2 -->
  <testcase classname="Trial.Pro" name="Mafia8BitRecordedStreamPro26" time="0.0">
    <ignored/>
  </testcase> <!-- Mafia8BitRecordedStreamPro26 -->
  <testcase classname="Trial.Pro" name="KeizerRecordedStreamPro32" time="0.0">
    <ignored/>
  </testcase> <!-- KeizerRecordedStreamPro32 -->
  <testcase classname="Trial.Pro" name="ProStreamOpenedFanRank5" time="0.0">
    <ignored/>
  </testcase> <!-- ProStreamOpenedFanRank5 -->
  <testcase classname="Trial.InAppNotification_Script" name="InAppNotificationUpdateTab4" time="0.0">
    <ignored/>
  </testcase> <!-- InAppNotificationUpdateTab4 -->
  <testcase classname="Trial.Reel_Script" name="CentralReelMuteUnmute4" time="0.0">
    <ignored/>
  </testcase> <!-- CentralReelMuteUnmute4 -->
  <testcase classname="Trial.Pro" name="Protabliveplayerrortate06" time="0.0">
    <ignored/>
  </testcase> <!-- Protabliveplayerrortate06 -->
  <testcase classname="Trial.Explorepage_Script" name="ExplorePageMontageReel06" time="0.0">
    <ignored/>
  </testcase> <!-- ExplorePageMontageReel06 -->
  <testcase classname="Trial.Pro" name="ProBagesTet01" time="0.0">
    <ignored/>
  </testcase> <!-- ProBagesTet01 -->
  <testcase classname="Trial.TaskPage_Script" name="Taskpagequestions3" time="0.0">
    <ignored/>
  </testcase> <!-- Taskpagequestions3 -->
  <testcase classname="Trial.Reel_Script" name="ReelsTestAfterTabsSwitch7" time="0.0">
    <ignored/>
  </testcase> <!-- ReelsTestAfterTabsSwitch7 -->
  <testcase classname="Trial.Reel_Script" name="CentralReelTest1" time="0.0">
    <ignored/>
  </testcase> <!-- CentralReelTest1 -->
  <testcase classname="Trial.Pro" name="ProCreatorlist04" time="0.0">
    <ignored/>
  </testcase> <!-- ProCreatorlist04 -->
  <testcase classname="Trial.TaskPage_Script" name="Taskpagecoincollect2" time="0.0">
    <ignored/>
  </testcase> <!-- Taskpagecoincollect2 -->
  <testcase classname="Trial.Pro" name="MidtioerRecordedStreamForProUsers11" time="0.0">
    <ignored/>
  </testcase> <!-- MidtioerRecordedStreamForProUsers11 -->
  <testcase classname="Trial.Coin_Count" name="CoinsCount01" time="0.0">
    <ignored/>
  </testcase> <!-- CoinsCount01 -->
  <testcase classname="Trial.Pro" name="ZainabRecordedStreamPro25" time="0.0">
    <ignored/>
  </testcase> <!-- ZainabRecordedStreamPro25 -->
  <testcase classname="Trial.Pro" name="UpthrustEsportsRecordedStreamPro33" time="0.0">
    <ignored/>
  </testcase> <!-- UpthrustEsportsRecordedStreamPro33 -->
  <testcase classname="Trial.Reel_Script" name="SearchReelTest2" time="0.0">
    <ignored/>
  </testcase> <!-- SearchReelTest2 -->
  <testcase classname="Trial.Pro" name="SoulViperRecordedStreamPro19" time="0.0">
    <ignored/>
  </testcase> <!-- SoulViperRecordedStreamPro19 -->
  <testcase classname="Trial.Reel_Script" name="ReelTestonSeachAllTab11" time="0.0">
    <ignored/>
  </testcase> <!-- ReelTestonSeachAllTab11 -->
  <testcase classname="Trial.Explorepage_Script" name="ExplorePageFFDiamondsHacks02" time="0.0">
    <ignored/>
  </testcase> <!-- ExplorePageFFDiamondsHacks02 -->
  <testcase classname="Trial.Pro" name="ProCreatorTagOnJonthanTest08" time="0.0">
    <ignored/>
  </testcase> <!-- ProCreatorTagOnJonthanTest08 -->
  <testcase classname="Trial.Pro" name="LidomaAsiaBahasaRecordedStreamTest36" time="0.0">
    <ignored/>
  </testcase> <!-- LidomaAsiaBahasaRecordedStreamTest36 -->
  <testcase classname="Trial.Pro" name="SoulSidRecordedStreamPro20" time="0.0">
    <ignored/>
  </testcase> <!-- SoulSidRecordedStreamPro20 -->
  <testcase classname="Trial.Pro" name="RAESportsRecordedStreamPro22" time="0.0">
    <ignored/>
  </testcase> <!-- RAESportsRecordedStreamPro22 -->
  <testcase classname="Trial.Pro" name="Binks698bitRecordedStreamPro18" time="0.0">
    <ignored/>
  </testcase> <!-- Binks698bitRecordedStreamPro18 -->
  <testcase classname="Trial.Pro" name="RegaltosRecordedStreamPro12" time="0.0">
    <ignored/>
  </testcase> <!-- RegaltosRecordedStreamPro12 -->
  <testcase classname="Trial.Reel_Script" name="OthersPofileReelScroll10" time="0.0">
    <ignored/>
  </testcase> <!-- OthersPofileReelScroll10 -->
  <testcase classname="Trial.Pro" name="Mamba8bitRecordedstreamPro16" time="0.0">
    <ignored/>
  </testcase> <!-- Mamba8bitRecordedstreamPro16 -->
  <testcase classname="Trial.Pro" name="BitRebelRecordedStreamPro31" time="0.0">
    <ignored/>
  </testcase> <!-- BitRebelRecordedStreamPro31 -->
  <testcase classname="Trial.Pro" name="ProCreatorTagoProfileTest03" time="0.0">
    <ignored/>
  </testcase> <!-- ProCreatorTagoProfileTest03 -->
  <testcase classname="Trial.Reel_Script" name="OthersProfileReellTest6" time="0.0">
    <ignored/>
  </testcase> <!-- OthersProfileReellTest6 -->
  <testcase classname="Trial.Pro" name="nightmmareesportsRecordedStreamPro35" time="0.0">
    <ignored/>
  </testcase> <!-- nightmmareesportsRecordedStreamPro35 -->
  <testcase classname="Trial.Pro" name="FreePreviewTimerForPro07" time="0.0">
    <ignored/>
  </testcase> <!-- FreePreviewTimerForPro07 -->
  <testcase classname="Trial.Pro" name="GamersFleetRecordedStreamPro34" time="0.0">
    <ignored/>
  </testcase> <!-- GamersFleetRecordedStreamPro34 -->
  <testcase classname="Trial.Explorepage_Script" name="ExplorePageGTAHightlights03" time="0.0">
    <ignored/>
  </testcase> <!-- ExplorePageGTAHightlights03 -->
  <testcase classname="Trial.Pro" name="SoulOxyRecordedStreamPro21" time="0.0">
    <ignored/>
  </testcase> <!-- SoulOxyRecordedStreamPro21 -->
  <testcase classname="Trial.Pro" name="HeadFlicker8bitRecordedStreamPro22" time="0.0">
    <ignored/>
  </testcase> <!-- HeadFlicker8bitRecordedStreamPro22 -->
  <testcase classname="Trial.Reel_Script" name="CentralReelsScroll50TimesAndTest8" time="0.0">
    <ignored/>
  </testcase> <!-- CentralReelsScroll50TimesAndTest8 -->
  <testcase classname="Trial.Pro" name="RecordedstreamUIcheck29" time="0.0">
    <ignored/>
  </testcase> <!-- RecordedstreamUIcheck29 -->
</testsuite> <!-- Default Test(failed)(failed) -->
