<?xml version="1.0" encoding="UTF-8"?>
<!-- Generated by org.testng.reporters.JUnitXMLReporter -->
<testsuite ignored="110" hostname="ip-192-168-10-73.ap-south-1.compute.internal" failures="0" tests="28" name="Default Test(failed)(failed)(failed)" time="1.442" errors="0" timestamp="2024-08-27T15:26:59 IST">
  <testcase classname="Trial.Functions" name="@BeforeMethod setup" time="0.658">
    <failure type="org.openqa.selenium.SessionNotCreatedException" message="Could not start a new session. Response code 500. Message: An unknown server-side error occurred while processing the command. Original error: Error getting device API level. Original error: Error executing adbExec. Original error: &amp;apos;Command &amp;apos;/Users/rooter/Library/Android/sdk/platform-tools/adb -P 5037 -s 13793294180004Z shell getprop ro.build.version.sdk&amp;apos; exited with code 1&amp;apos;; Command output: adb: device unauthorized.
This adb server&amp;apos;s $ADB_VENDOR_KEYS is not set
Try &amp;apos;adb kill-server&amp;apos; if that seems wrong.
Otherwise check for a confirmation dialog on your device.
 
Host info: host: &amp;apos;ip-192-168-10-73.ap-south-1.compute.internal&amp;apos;, ip: &amp;apos;fe80:0:0:0:4d8:4580:9f58:c5cb%en0&amp;apos;
Build info: version: &amp;apos;4.16.1&amp;apos;, revision: &amp;apos;9b4c83354e&amp;apos;
System info: os.name: &amp;apos;Mac OS X&amp;apos;, os.arch: &amp;apos;x86_64&amp;apos;, os.version: &amp;apos;14.6.1&amp;apos;, java.version: &amp;apos;17.0.7&amp;apos;
Driver info: io.appium.java_client.android.AndroidDriver
Command: [null, newSession {desiredCapabilities=Capabilities {platformName: ANDROID}, capabilities=[{platformName=ANDROID}]}]
Capabilities {platformName: ANDROID}">
      <![CDATA[org.openqa.selenium.SessionNotCreatedException: Could not start a new session. Response code 500. Message: An unknown server-side error occurred while processing the command. Original error: Error getting device API level. Original error: Error executing adbExec. Original error: 'Command '/Users/rooter/Library/Android/sdk/platform-tools/adb -P 5037 -s 13793294180004Z shell getprop ro.build.version.sdk' exited with code 1'; Command output: adb: device unauthorized.
This adb server's $ADB_VENDOR_KEYS is not set
Try 'adb kill-server' if that seems wrong.
Otherwise check for a confirmation dialog on your device.
 
Host info: host: 'ip-192-168-10-73.ap-south-1.compute.internal', ip: 'fe80:0:0:0:4d8:4580:9f58:c5cb%en0'
Build info: version: '4.16.1', revision: '9b4c83354e'
System info: os.name: 'Mac OS X', os.arch: 'x86_64', os.version: '14.6.1', java.version: '17.0.7'
Driver info: io.appium.java_client.android.AndroidDriver
Command: [null, newSession {desiredCapabilities=Capabilities {platformName: ANDROID}, capabilities=[{platformName=ANDROID}]}]
Capabilities {platformName: ANDROID}
at org.openqa.selenium.remote.ProtocolHandshake.createSession(ProtocolHandshake.java:140)
at io.appium.java_client.remote.AppiumProtocolHandshake.createSession(AppiumProtocolHandshake.java:133)
at io.appium.java_client.remote.AppiumProtocolHandshake.createSession(AppiumProtocolHandshake.java:102)
at io.appium.java_client.remote.AppiumCommandExecutor.createSession(AppiumCommandExecutor.java:176)
at io.appium.java_client.remote.AppiumCommandExecutor.execute(AppiumCommandExecutor.java:237)
at org.openqa.selenium.remote.RemoteWebDriver.execute(RemoteWebDriver.java:523)
at io.appium.java_client.AppiumDriver.startSession(AppiumDriver.java:268)
at org.openqa.selenium.remote.RemoteWebDriver.<init>(RemoteWebDriver.java:164)
at io.appium.java_client.AppiumDriver.<init>(AppiumDriver.java:90)
at io.appium.java_client.AppiumDriver.<init>(AppiumDriver.java:102)
at io.appium.java_client.android.AndroidDriver.<init>(AndroidDriver.java:109)
at Trial.Functions.setup(Functions.java:974)
at java.base/java.util.ArrayList.forEach(ArrayList.java:1511)
... Removed 35 stack frames]]>
    </failure>
  </testcase> <!-- @BeforeMethod setup -->
  <testcase classname="Trial.Video_Script" name="@AfterMethod tearDown" time="0.0">
    <skipped/>
  </testcase> <!-- @AfterMethod tearDown -->
  <testcase classname="Trial.Functions" name="@BeforeMethod setup" time="0.0">
    <skipped/>
  </testcase> <!-- @BeforeMethod setup -->
  <testcase classname="Trial.Video_Script" name="@AfterMethod tearDown" time="0.0">
    <skipped/>
  </testcase> <!-- @AfterMethod tearDown -->
  <testcase classname="Trial.Functions" name="@BeforeMethod setup" time="0.169">
    <failure type="org.openqa.selenium.SessionNotCreatedException" message="Could not start a new session. Response code 500. Message: An unknown server-side error occurred while processing the command. Original error: Error getting device API level. Original error: Error executing adbExec. Original error: &amp;apos;Command &amp;apos;/Users/rooter/Library/Android/sdk/platform-tools/adb -P 5037 -s 13793294180004Z shell getprop ro.build.version.sdk&amp;apos; exited with code 1&amp;apos;; Command output: adb: device unauthorized.
This adb server&amp;apos;s $ADB_VENDOR_KEYS is not set
Try &amp;apos;adb kill-server&amp;apos; if that seems wrong.
Otherwise check for a confirmation dialog on your device.
 
Host info: host: &amp;apos;ip-192-168-10-73.ap-south-1.compute.internal&amp;apos;, ip: &amp;apos;fe80:0:0:0:4d8:4580:9f58:c5cb%en0&amp;apos;
Build info: version: &amp;apos;4.16.1&amp;apos;, revision: &amp;apos;9b4c83354e&amp;apos;
System info: os.name: &amp;apos;Mac OS X&amp;apos;, os.arch: &amp;apos;x86_64&amp;apos;, os.version: &amp;apos;14.6.1&amp;apos;, java.version: &amp;apos;17.0.7&amp;apos;
Driver info: io.appium.java_client.android.AndroidDriver
Command: [null, newSession {desiredCapabilities=Capabilities {platformName: ANDROID}, capabilities=[{platformName=ANDROID}]}]
Capabilities {platformName: ANDROID}">
      <![CDATA[org.openqa.selenium.SessionNotCreatedException: Could not start a new session. Response code 500. Message: An unknown server-side error occurred while processing the command. Original error: Error getting device API level. Original error: Error executing adbExec. Original error: 'Command '/Users/rooter/Library/Android/sdk/platform-tools/adb -P 5037 -s 13793294180004Z shell getprop ro.build.version.sdk' exited with code 1'; Command output: adb: device unauthorized.
This adb server's $ADB_VENDOR_KEYS is not set
Try 'adb kill-server' if that seems wrong.
Otherwise check for a confirmation dialog on your device.
 
Host info: host: 'ip-192-168-10-73.ap-south-1.compute.internal', ip: 'fe80:0:0:0:4d8:4580:9f58:c5cb%en0'
Build info: version: '4.16.1', revision: '9b4c83354e'
System info: os.name: 'Mac OS X', os.arch: 'x86_64', os.version: '14.6.1', java.version: '17.0.7'
Driver info: io.appium.java_client.android.AndroidDriver
Command: [null, newSession {desiredCapabilities=Capabilities {platformName: ANDROID}, capabilities=[{platformName=ANDROID}]}]
Capabilities {platformName: ANDROID}
at org.openqa.selenium.remote.ProtocolHandshake.createSession(ProtocolHandshake.java:140)
at io.appium.java_client.remote.AppiumProtocolHandshake.createSession(AppiumProtocolHandshake.java:133)
at io.appium.java_client.remote.AppiumProtocolHandshake.createSession(AppiumProtocolHandshake.java:102)
at io.appium.java_client.remote.AppiumCommandExecutor.createSession(AppiumCommandExecutor.java:176)
at io.appium.java_client.remote.AppiumCommandExecutor.execute(AppiumCommandExecutor.java:237)
at org.openqa.selenium.remote.RemoteWebDriver.execute(RemoteWebDriver.java:523)
at io.appium.java_client.AppiumDriver.startSession(AppiumDriver.java:268)
at org.openqa.selenium.remote.RemoteWebDriver.<init>(RemoteWebDriver.java:164)
at io.appium.java_client.AppiumDriver.<init>(AppiumDriver.java:90)
at io.appium.java_client.AppiumDriver.<init>(AppiumDriver.java:102)
at io.appium.java_client.android.AndroidDriver.<init>(AndroidDriver.java:109)
at Trial.Functions.setup(Functions.java:974)
at java.base/java.util.ArrayList.forEach(ArrayList.java:1511)
... Removed 35 stack frames]]>
    </failure>
  </testcase> <!-- @BeforeMethod setup -->
  <testcase classname="Trial.BuyDiamondUI_Script" name="@AfterMethod tearDown" time="0.0">
    <skipped/>
  </testcase> <!-- @AfterMethod tearDown -->
  <testcase classname="Trial.Functions" name="@BeforeMethod setup" time="0.136">
    <failure type="org.openqa.selenium.SessionNotCreatedException" message="Could not start a new session. Response code 500. Message: An unknown server-side error occurred while processing the command. Original error: Error getting device API level. Original error: Error executing adbExec. Original error: &amp;apos;Command &amp;apos;/Users/rooter/Library/Android/sdk/platform-tools/adb -P 5037 -s 13793294180004Z shell getprop ro.build.version.sdk&amp;apos; exited with code 1&amp;apos;; Command output: adb: device unauthorized.
This adb server&amp;apos;s $ADB_VENDOR_KEYS is not set
Try &amp;apos;adb kill-server&amp;apos; if that seems wrong.
Otherwise check for a confirmation dialog on your device.
 
Host info: host: &amp;apos;ip-192-168-10-73.ap-south-1.compute.internal&amp;apos;, ip: &amp;apos;fe80:0:0:0:4d8:4580:9f58:c5cb%en0&amp;apos;
Build info: version: &amp;apos;4.16.1&amp;apos;, revision: &amp;apos;9b4c83354e&amp;apos;
System info: os.name: &amp;apos;Mac OS X&amp;apos;, os.arch: &amp;apos;x86_64&amp;apos;, os.version: &amp;apos;14.6.1&amp;apos;, java.version: &amp;apos;17.0.7&amp;apos;
Driver info: io.appium.java_client.android.AndroidDriver
Command: [null, newSession {desiredCapabilities=Capabilities {platformName: ANDROID}, capabilities=[{platformName=ANDROID}]}]
Capabilities {platformName: ANDROID}">
      <![CDATA[org.openqa.selenium.SessionNotCreatedException: Could not start a new session. Response code 500. Message: An unknown server-side error occurred while processing the command. Original error: Error getting device API level. Original error: Error executing adbExec. Original error: 'Command '/Users/rooter/Library/Android/sdk/platform-tools/adb -P 5037 -s 13793294180004Z shell getprop ro.build.version.sdk' exited with code 1'; Command output: adb: device unauthorized.
This adb server's $ADB_VENDOR_KEYS is not set
Try 'adb kill-server' if that seems wrong.
Otherwise check for a confirmation dialog on your device.
 
Host info: host: 'ip-192-168-10-73.ap-south-1.compute.internal', ip: 'fe80:0:0:0:4d8:4580:9f58:c5cb%en0'
Build info: version: '4.16.1', revision: '9b4c83354e'
System info: os.name: 'Mac OS X', os.arch: 'x86_64', os.version: '14.6.1', java.version: '17.0.7'
Driver info: io.appium.java_client.android.AndroidDriver
Command: [null, newSession {desiredCapabilities=Capabilities {platformName: ANDROID}, capabilities=[{platformName=ANDROID}]}]
Capabilities {platformName: ANDROID}
at org.openqa.selenium.remote.ProtocolHandshake.createSession(ProtocolHandshake.java:140)
at io.appium.java_client.remote.AppiumProtocolHandshake.createSession(AppiumProtocolHandshake.java:133)
at io.appium.java_client.remote.AppiumProtocolHandshake.createSession(AppiumProtocolHandshake.java:102)
at io.appium.java_client.remote.AppiumCommandExecutor.createSession(AppiumCommandExecutor.java:176)
at io.appium.java_client.remote.AppiumCommandExecutor.execute(AppiumCommandExecutor.java:237)
at org.openqa.selenium.remote.RemoteWebDriver.execute(RemoteWebDriver.java:523)
at io.appium.java_client.AppiumDriver.startSession(AppiumDriver.java:268)
at org.openqa.selenium.remote.RemoteWebDriver.<init>(RemoteWebDriver.java:164)
at io.appium.java_client.AppiumDriver.<init>(AppiumDriver.java:90)
at io.appium.java_client.AppiumDriver.<init>(AppiumDriver.java:102)
at io.appium.java_client.android.AndroidDriver.<init>(AndroidDriver.java:109)
at Trial.Functions.setup(Functions.java:974)
at java.base/java.util.ArrayList.forEach(ArrayList.java:1511)
... Removed 35 stack frames]]>
    </failure>
  </testcase> <!-- @BeforeMethod setup -->
  <testcase classname="Trial.LikesCount_Script" name="@AfterMethod tearDown" time="0.0">
    <skipped/>
  </testcase> <!-- @AfterMethod tearDown -->
  <testcase classname="Trial.Functions" name="@BeforeMethod setup" time="0.0">
    <skipped/>
  </testcase> <!-- @BeforeMethod setup -->
  <testcase classname="Trial.LikesCount_Script" name="@AfterMethod tearDown" time="0.0">
    <skipped/>
  </testcase> <!-- @AfterMethod tearDown -->
  <testcase classname="Trial.Functions" name="@BeforeMethod setup" time="0.145">
    <failure type="org.openqa.selenium.SessionNotCreatedException" message="Could not start a new session. Response code 500. Message: An unknown server-side error occurred while processing the command. Original error: Error getting device API level. Original error: Error executing adbExec. Original error: &amp;apos;Command &amp;apos;/Users/rooter/Library/Android/sdk/platform-tools/adb -P 5037 -s 13793294180004Z shell getprop ro.build.version.sdk&amp;apos; exited with code 1&amp;apos;; Command output: adb: device unauthorized.
This adb server&amp;apos;s $ADB_VENDOR_KEYS is not set
Try &amp;apos;adb kill-server&amp;apos; if that seems wrong.
Otherwise check for a confirmation dialog on your device.
 
Host info: host: &amp;apos;ip-192-168-10-73.ap-south-1.compute.internal&amp;apos;, ip: &amp;apos;fe80:0:0:0:4d8:4580:9f58:c5cb%en0&amp;apos;
Build info: version: &amp;apos;4.16.1&amp;apos;, revision: &amp;apos;9b4c83354e&amp;apos;
System info: os.name: &amp;apos;Mac OS X&amp;apos;, os.arch: &amp;apos;x86_64&amp;apos;, os.version: &amp;apos;14.6.1&amp;apos;, java.version: &amp;apos;17.0.7&amp;apos;
Driver info: io.appium.java_client.android.AndroidDriver
Command: [null, newSession {desiredCapabilities=Capabilities {platformName: ANDROID}, capabilities=[{platformName=ANDROID}]}]
Capabilities {platformName: ANDROID}">
      <![CDATA[org.openqa.selenium.SessionNotCreatedException: Could not start a new session. Response code 500. Message: An unknown server-side error occurred while processing the command. Original error: Error getting device API level. Original error: Error executing adbExec. Original error: 'Command '/Users/rooter/Library/Android/sdk/platform-tools/adb -P 5037 -s 13793294180004Z shell getprop ro.build.version.sdk' exited with code 1'; Command output: adb: device unauthorized.
This adb server's $ADB_VENDOR_KEYS is not set
Try 'adb kill-server' if that seems wrong.
Otherwise check for a confirmation dialog on your device.
 
Host info: host: 'ip-192-168-10-73.ap-south-1.compute.internal', ip: 'fe80:0:0:0:4d8:4580:9f58:c5cb%en0'
Build info: version: '4.16.1', revision: '9b4c83354e'
System info: os.name: 'Mac OS X', os.arch: 'x86_64', os.version: '14.6.1', java.version: '17.0.7'
Driver info: io.appium.java_client.android.AndroidDriver
Command: [null, newSession {desiredCapabilities=Capabilities {platformName: ANDROID}, capabilities=[{platformName=ANDROID}]}]
Capabilities {platformName: ANDROID}
at org.openqa.selenium.remote.ProtocolHandshake.createSession(ProtocolHandshake.java:140)
at io.appium.java_client.remote.AppiumProtocolHandshake.createSession(AppiumProtocolHandshake.java:133)
at io.appium.java_client.remote.AppiumProtocolHandshake.createSession(AppiumProtocolHandshake.java:102)
at io.appium.java_client.remote.AppiumCommandExecutor.createSession(AppiumCommandExecutor.java:176)
at io.appium.java_client.remote.AppiumCommandExecutor.execute(AppiumCommandExecutor.java:237)
at org.openqa.selenium.remote.RemoteWebDriver.execute(RemoteWebDriver.java:523)
at io.appium.java_client.AppiumDriver.startSession(AppiumDriver.java:268)
at org.openqa.selenium.remote.RemoteWebDriver.<init>(RemoteWebDriver.java:164)
at io.appium.java_client.AppiumDriver.<init>(AppiumDriver.java:90)
at io.appium.java_client.AppiumDriver.<init>(AppiumDriver.java:102)
at io.appium.java_client.android.AndroidDriver.<init>(AndroidDriver.java:109)
at Trial.Functions.setup(Functions.java:974)
at java.base/java.util.ArrayList.forEach(ArrayList.java:1511)
... Removed 35 stack frames]]>
    </failure>
  </testcase> <!-- @BeforeMethod setup -->
  <testcase classname="Trial.Pro" name="@AfterMethod tearDown" time="0.0">
    <skipped/>
  </testcase> <!-- @AfterMethod tearDown -->
  <testcase classname="Trial.Functions" name="@BeforeMethod setup" time="0.0">
    <skipped/>
  </testcase> <!-- @BeforeMethod setup -->
  <testcase classname="Trial.Pro" name="@AfterMethod tearDown" time="0.0">
    <skipped/>
  </testcase> <!-- @AfterMethod tearDown -->
  <testcase classname="Trial.Functions" name="@BeforeMethod setup" time="0.0">
    <skipped/>
  </testcase> <!-- @BeforeMethod setup -->
  <testcase classname="Trial.Pro" name="@AfterMethod tearDown" time="0.0">
    <skipped/>
  </testcase> <!-- @AfterMethod tearDown -->
  <testcase classname="Trial.Functions" name="@BeforeMethod setup" time="0.0">
    <skipped/>
  </testcase> <!-- @BeforeMethod setup -->
  <testcase classname="Trial.Pro" name="@AfterMethod tearDown" time="0.0">
    <skipped/>
  </testcase> <!-- @AfterMethod tearDown -->
  <testcase classname="Trial.Functions" name="@BeforeMethod setup" time="0.0">
    <skipped/>
  </testcase> <!-- @BeforeMethod setup -->
  <testcase classname="Trial.Pro" name="@AfterMethod tearDown" time="0.0">
    <skipped/>
  </testcase> <!-- @AfterMethod tearDown -->
  <testcase classname="Trial.Functions" name="@BeforeMethod setup" time="0.0">
    <skipped/>
  </testcase> <!-- @BeforeMethod setup -->
  <testcase classname="Trial.Pro" name="@AfterMethod tearDown" time="0.0">
    <skipped/>
  </testcase> <!-- @AfterMethod tearDown -->
  <testcase classname="Trial.Functions" name="@BeforeMethod setup" time="0.0">
    <skipped/>
  </testcase> <!-- @BeforeMethod setup -->
  <testcase classname="Trial.Pro" name="@AfterMethod tearDown" time="0.0">
    <skipped/>
  </testcase> <!-- @AfterMethod tearDown -->
  <testcase classname="Trial.Functions" name="@BeforeMethod setup" time="0.0">
    <skipped/>
  </testcase> <!-- @BeforeMethod setup -->
  <testcase classname="Trial.Pro" name="@AfterMethod tearDown" time="0.0">
    <skipped/>
  </testcase> <!-- @AfterMethod tearDown -->
  <testcase classname="Trial.Functions" name="@BeforeMethod setup" time="0.0">
    <skipped/>
  </testcase> <!-- @BeforeMethod setup -->
  <testcase classname="Trial.Pro" name="@AfterMethod tearDown" time="0.0">
    <skipped/>
  </testcase> <!-- @AfterMethod tearDown -->
  <testcase classname="Trial.Functions" name="@BeforeMethod setup" time="0.0">
    <skipped/>
  </testcase> <!-- @BeforeMethod setup -->
  <testcase classname="Trial.Pro" name="@AfterMethod tearDown" time="0.0">
    <skipped/>
  </testcase> <!-- @AfterMethod tearDown -->
  <testcase classname="Trial.Functions" name="@BeforeMethod setup" time="0.0">
    <skipped/>
  </testcase> <!-- @BeforeMethod setup -->
  <testcase classname="Trial.Pro" name="@AfterMethod tearDown" time="0.0">
    <skipped/>
  </testcase> <!-- @AfterMethod tearDown -->
  <testcase classname="Trial.Functions" name="@BeforeMethod setup" time="0.0">
    <skipped/>
  </testcase> <!-- @BeforeMethod setup -->
  <testcase classname="Trial.Pro" name="@AfterMethod tearDown" time="0.0">
    <skipped/>
  </testcase> <!-- @AfterMethod tearDown -->
  <testcase classname="Trial.Functions" name="@BeforeMethod setup" time="0.0">
    <skipped/>
  </testcase> <!-- @BeforeMethod setup -->
  <testcase classname="Trial.Pro" name="@AfterMethod tearDown" time="0.0">
    <skipped/>
  </testcase> <!-- @AfterMethod tearDown -->
  <testcase classname="Trial.Functions" name="@BeforeMethod setup" time="0.0">
    <skipped/>
  </testcase> <!-- @BeforeMethod setup -->
  <testcase classname="Trial.Pro" name="@AfterMethod tearDown" time="0.0">
    <skipped/>
  </testcase> <!-- @AfterMethod tearDown -->
  <testcase classname="Trial.Functions" name="@BeforeMethod setup" time="0.0">
    <skipped/>
  </testcase> <!-- @BeforeMethod setup -->
  <testcase classname="Trial.Pro" name="@AfterMethod tearDown" time="0.0">
    <skipped/>
  </testcase> <!-- @AfterMethod tearDown -->
  <testcase classname="Trial.Functions" name="@BeforeMethod setup" time="0.0">
    <skipped/>
  </testcase> <!-- @BeforeMethod setup -->
  <testcase classname="Trial.Pro" name="@AfterMethod tearDown" time="0.0">
    <skipped/>
  </testcase> <!-- @AfterMethod tearDown -->
  <testcase classname="Trial.Functions" name="@BeforeMethod setup" time="0.0">
    <skipped/>
  </testcase> <!-- @BeforeMethod setup -->
  <testcase classname="Trial.Pro" name="@AfterMethod tearDown" time="0.0">
    <skipped/>
  </testcase> <!-- @AfterMethod tearDown -->
  <testcase classname="Trial.Functions" name="@BeforeMethod setup" time="0.0">
    <skipped/>
  </testcase> <!-- @BeforeMethod setup -->
  <testcase classname="Trial.Pro" name="@AfterMethod tearDown" time="0.0">
    <skipped/>
  </testcase> <!-- @AfterMethod tearDown -->
  <testcase classname="Trial.Functions" name="@BeforeMethod setup" time="0.0">
    <skipped/>
  </testcase> <!-- @BeforeMethod setup -->
  <testcase classname="Trial.Pro" name="@AfterMethod tearDown" time="0.0">
    <skipped/>
  </testcase> <!-- @AfterMethod tearDown -->
  <testcase classname="Trial.Functions" name="@BeforeMethod setup" time="0.0">
    <skipped/>
  </testcase> <!-- @BeforeMethod setup -->
  <testcase classname="Trial.Pro" name="@AfterMethod tearDown" time="0.0">
    <skipped/>
  </testcase> <!-- @AfterMethod tearDown -->
  <testcase classname="Trial.Functions" name="@BeforeMethod setup" time="0.187">
    <failure type="org.openqa.selenium.SessionNotCreatedException" message="Could not start a new session. Response code 500. Message: An unknown server-side error occurred while processing the command. Original error: Error getting device API level. Original error: Error executing adbExec. Original error: &amp;apos;Command &amp;apos;/Users/rooter/Library/Android/sdk/platform-tools/adb -P 5037 -s 13793294180004Z shell getprop ro.build.version.sdk&amp;apos; exited with code 1&amp;apos;; Command output: adb: device unauthorized.
This adb server&amp;apos;s $ADB_VENDOR_KEYS is not set
Try &amp;apos;adb kill-server&amp;apos; if that seems wrong.
Otherwise check for a confirmation dialog on your device.
 
Host info: host: &amp;apos;ip-192-168-10-73.ap-south-1.compute.internal&amp;apos;, ip: &amp;apos;fe80:0:0:0:4d8:4580:9f58:c5cb%en0&amp;apos;
Build info: version: &amp;apos;4.16.1&amp;apos;, revision: &amp;apos;9b4c83354e&amp;apos;
System info: os.name: &amp;apos;Mac OS X&amp;apos;, os.arch: &amp;apos;x86_64&amp;apos;, os.version: &amp;apos;14.6.1&amp;apos;, java.version: &amp;apos;17.0.7&amp;apos;
Driver info: io.appium.java_client.android.AndroidDriver
Command: [null, newSession {desiredCapabilities=Capabilities {platformName: ANDROID}, capabilities=[{platformName=ANDROID}]}]
Capabilities {platformName: ANDROID}">
      <![CDATA[org.openqa.selenium.SessionNotCreatedException: Could not start a new session. Response code 500. Message: An unknown server-side error occurred while processing the command. Original error: Error getting device API level. Original error: Error executing adbExec. Original error: 'Command '/Users/rooter/Library/Android/sdk/platform-tools/adb -P 5037 -s 13793294180004Z shell getprop ro.build.version.sdk' exited with code 1'; Command output: adb: device unauthorized.
This adb server's $ADB_VENDOR_KEYS is not set
Try 'adb kill-server' if that seems wrong.
Otherwise check for a confirmation dialog on your device.
 
Host info: host: 'ip-192-168-10-73.ap-south-1.compute.internal', ip: 'fe80:0:0:0:4d8:4580:9f58:c5cb%en0'
Build info: version: '4.16.1', revision: '9b4c83354e'
System info: os.name: 'Mac OS X', os.arch: 'x86_64', os.version: '14.6.1', java.version: '17.0.7'
Driver info: io.appium.java_client.android.AndroidDriver
Command: [null, newSession {desiredCapabilities=Capabilities {platformName: ANDROID}, capabilities=[{platformName=ANDROID}]}]
Capabilities {platformName: ANDROID}
at org.openqa.selenium.remote.ProtocolHandshake.createSession(ProtocolHandshake.java:140)
at io.appium.java_client.remote.AppiumProtocolHandshake.createSession(AppiumProtocolHandshake.java:133)
at io.appium.java_client.remote.AppiumProtocolHandshake.createSession(AppiumProtocolHandshake.java:102)
at io.appium.java_client.remote.AppiumCommandExecutor.createSession(AppiumCommandExecutor.java:176)
at io.appium.java_client.remote.AppiumCommandExecutor.execute(AppiumCommandExecutor.java:237)
at org.openqa.selenium.remote.RemoteWebDriver.execute(RemoteWebDriver.java:523)
at io.appium.java_client.AppiumDriver.startSession(AppiumDriver.java:268)
at org.openqa.selenium.remote.RemoteWebDriver.<init>(RemoteWebDriver.java:164)
at io.appium.java_client.AppiumDriver.<init>(AppiumDriver.java:90)
at io.appium.java_client.AppiumDriver.<init>(AppiumDriver.java:102)
at io.appium.java_client.android.AndroidDriver.<init>(AndroidDriver.java:109)
at Trial.Functions.setup(Functions.java:974)
at java.base/java.util.ArrayList.forEach(ArrayList.java:1511)
... Removed 35 stack frames]]>
    </failure>
  </testcase> <!-- @BeforeMethod setup -->
  <testcase classname="Trial.Reel_Script" name="@AfterMethod tearDown" time="0.0">
    <skipped/>
  </testcase> <!-- @AfterMethod tearDown -->
  <testcase classname="Trial.Functions" name="@BeforeMethod setup" time="0.0">
    <skipped/>
  </testcase> <!-- @BeforeMethod setup -->
  <testcase classname="Trial.Reel_Script" name="@AfterMethod tearDown" time="0.0">
    <skipped/>
  </testcase> <!-- @AfterMethod tearDown -->
  <testcase classname="Trial.Functions" name="@BeforeMethod setup" time="0.0">
    <skipped/>
  </testcase> <!-- @BeforeMethod setup -->
  <testcase classname="Trial.Reel_Script" name="@AfterMethod tearDown" time="0.0">
    <skipped/>
  </testcase> <!-- @AfterMethod tearDown -->
  <testcase classname="Trial.Video_Script" name="videoplayerQualitychangeminiplayertofull01" time="0.0">
    <skipped/>
  </testcase> <!-- videoplayerQualitychangeminiplayertofull01 -->
  <testcase classname="Trial.Video_Script" name="VideoPlayerTimerMuteButton18" time="0.0">
    <skipped/>
  </testcase> <!-- VideoPlayerTimerMuteButton18 -->
  <testcase classname="Trial.BuyDiamondUI_Script" name="SideNavigationDiamond1" time="0.0">
    <skipped/>
  </testcase> <!-- SideNavigationDiamond1 -->
  <testcase classname="Trial.LikesCount_Script" name="LikesCountOnReel01" time="0.0">
    <skipped/>
  </testcase> <!-- LikesCountOnReel01 -->
  <testcase classname="Trial.LikesCount_Script" name="LikesCountOnVideo02" time="0.0">
    <skipped/>
  </testcase> <!-- LikesCountOnVideo02 -->
  <testcase classname="Trial.Pro" name="DemondproXRecordedStreamPro41" time="0.0">
    <skipped/>
  </testcase> <!-- DemondproXRecordedStreamPro41 -->
  <testcase classname="Trial.Pro" name="FEARLESSESPORTSRecordedStreamPro44" time="0.0">
    <skipped/>
  </testcase> <!-- FEARLESSESPORTSRecordedStreamPro44 -->
  <testcase classname="Trial.Pro" name="sp4hariRecordedStreamPro60" time="0.0">
    <skipped/>
  </testcase> <!-- sp4hariRecordedStreamPro60 -->
  <testcase classname="Trial.Pro" name="KIARAAGAMINGRecordedStreamPro65" time="0.0">
    <skipped/>
  </testcase> <!-- KIARAAGAMINGRecordedStreamPro65 -->
  <testcase classname="Trial.Pro" name="PIPPAPORecordedStreamPr078" time="0.0">
    <skipped/>
  </testcase> <!-- PIPPAPORecordedStreamPr078 -->
  <testcase classname="Trial.Pro" name="JokerKiHveliRecordedStreamPro79" time="0.0">
    <skipped/>
  </testcase> <!-- JokerKiHveliRecordedStreamPro79 -->
  <testcase classname="Trial.Pro" name="JB10RecordedStreamPro80" time="0.0">
    <skipped/>
  </testcase> <!-- JB10RecordedStreamPro80 -->
  <testcase classname="Trial.Pro" name="GIGIGONEMADRecordedStreamPro81" time="0.0">
    <skipped/>
  </testcase> <!-- GIGIGONEMADRecordedStreamPro81 -->
  <testcase classname="Trial.Pro" name="MissedTabContentisplaying81" time="0.0">
    <skipped/>
  </testcase> <!-- MissedTabContentisplaying81 -->
  <testcase classname="Trial.Pro" name="GiveawaysContentisplaying82" time="0.0">
    <skipped/>
  </testcase> <!-- GiveawaysContentisplaying82 -->
  <testcase classname="Trial.Pro" name="CYNTHIAISLIVERecordedStreamPro83" time="0.0">
    <skipped/>
  </testcase> <!-- CYNTHIAISLIVERecordedStreamPro83 -->
  <testcase classname="Trial.Pro" name="bit8beg4mercy84" time="0.0">
    <skipped/>
  </testcase> <!-- bit8beg4mercy84 -->
  <testcase classname="Trial.Pro" name="LETSGTAMERecordedStreamPro85" time="0.0">
    <skipped/>
  </testcase> <!-- LETSGTAMERecordedStreamPro85 -->
  <testcase classname="Trial.Pro" name="SubscriptioncancelledPack86" time="0.0">
    <skipped/>
  </testcase> <!-- SubscriptioncancelledPack86 -->
  <testcase classname="Trial.Pro" name="Subscriptioncancelled7daysPack87" time="0.0">
    <skipped/>
  </testcase> <!-- Subscriptioncancelled7daysPack87 -->
  <testcase classname="Trial.Pro" name="Subscriptioncancelled30DayPack88" time="0.0">
    <skipped/>
  </testcase> <!-- Subscriptioncancelled30DayPack88 -->
  <testcase classname="Trial.Pro" name="Subscriptioncancelled180DPack89" time="0.0">
    <skipped/>
  </testcase> <!-- Subscriptioncancelled180DPack89 -->
  <testcase classname="Trial.Pro" name="Subscriptioncancelled3365DayPack90" time="0.0">
    <skipped/>
  </testcase> <!-- Subscriptioncancelled3365DayPack90 -->
  <testcase classname="Trial.Pro" name="ProPurchasehistoryandTokenValidation91" time="0.0">
    <skipped/>
  </testcase> <!-- ProPurchasehistoryandTokenValidation91 -->
  <testcase classname="Trial.Pro" name="Logout110" time="0.0">
    <skipped/>
  </testcase> <!-- Logout110 -->
  <testcase classname="Trial.Reel_Script" name="SelfProfieReelTest3" time="0.0">
    <skipped/>
  </testcase> <!-- SelfProfieReelTest3 -->
  <testcase classname="Trial.Reel_Script" name="HorizontalReelTabTest5" time="0.0">
    <skipped/>
  </testcase> <!-- HorizontalReelTabTest5 -->
  <testcase classname="Trial.Reel_Script" name="HorizontalReelTestAfterMiniPlayer14" time="0.0">
    <skipped/>
  </testcase> <!-- HorizontalReelTestAfterMiniPlayer14 -->
  <testcase classname="Trial.Video_Script" name="VideoWatcchAndWinCoinsDetailsandRecommededVideo8" time="0.0">
    <ignored/>
  </testcase> <!-- VideoWatcchAndWinCoinsDetailsandRecommededVideo8 -->
  <testcase classname="Trial.Reel_Script" name="ReelTestAfterLiveStreamMiniPlayer13" time="0.0">
    <ignored/>
  </testcase> <!-- ReelTestAfterLiveStreamMiniPlayer13 -->
  <testcase classname="Trial.BuyDiamondUI_Script" name="DiamondPurchase4" time="0.0">
    <ignored/>
  </testcase> <!-- DiamondPurchase4 -->
  <testcase classname="Trial.Reel_Script" name="SearchReelTest2" time="0.0">
    <ignored/>
  </testcase> <!-- SearchReelTest2 -->
  <testcase classname="Trial.Pro" name="ProCreatorlist04" time="0.0">
    <ignored/>
  </testcase> <!-- ProCreatorlist04 -->
  <testcase classname="Trial.BuyDiamondUI_Script" name="DiamondPurchase7" time="0.0">
    <ignored/>
  </testcase> <!-- DiamondPurchase7 -->
  <testcase classname="Trial.Pro" name="RAWSOMERecordedstreampro24" time="0.0">
    <ignored/>
  </testcase> <!-- RAWSOMERecordedstreampro24 -->
  <testcase classname="Trial.Pro" name="IYDLazyRecordedStreamPro51" time="0.0">
    <ignored/>
  </testcase> <!-- IYDLazyRecordedStreamPro51 -->
  <testcase classname="Trial.Pro" name="RecordedstreamUIcheck29" time="0.0">
    <ignored/>
  </testcase> <!-- RecordedstreamUIcheck29 -->
  <testcase classname="Trial.Reel_Script" name="CentralReelTest1" time="0.0">
    <ignored/>
  </testcase> <!-- CentralReelTest1 -->
  <testcase classname="Trial.Video_Script" name="MinecraftSearchVideolikecommentandsharecount19" time="0.0">
    <ignored/>
  </testcase> <!-- MinecraftSearchVideolikecommentandsharecount19 -->
  <testcase classname="Trial.Pro" name="ShreemanlegendRecordedStreamPro71" time="0.0">
    <ignored/>
  </testcase> <!-- ShreemanlegendRecordedStreamPro71 -->
  <testcase classname="Trial.Reel_Script" name="OthersProfileReellTest6" time="0.0">
    <ignored/>
  </testcase> <!-- OthersProfileReellTest6 -->
  <testcase classname="Trial.BuyDiamondUI_Script" name="DiamondPackRepeation12" time="0.0">
    <ignored/>
  </testcase> <!-- DiamondPackRepeation12 -->
  <testcase classname="Trial.BuyDiamondUI_Script" name="DiamondPageUICheck11" time="0.0">
    <ignored/>
  </testcase> <!-- DiamondPageUICheck11 -->
  <testcase classname="Trial.Pro" name="ProBagesTet01" time="0.0">
    <ignored/>
  </testcase> <!-- ProBagesTet01 -->
  <testcase classname="Trial.Video_Script" name="VideomuteUnmuteAfterScreenRtoatatE20" time="0.0">
    <ignored/>
  </testcase> <!-- VideomuteUnmuteAfterScreenRtoatatE20 -->
  <testcase classname="Trial.BuyDiamondUI_Script" name="DiamondPurchase8" time="0.0">
    <ignored/>
  </testcase> <!-- DiamondPurchase8 -->
  <testcase classname="Trial.Pro" name="GamersFleetRecordedStreamPro34" time="0.0">
    <ignored/>
  </testcase> <!-- GamersFleetRecordedStreamPro34 -->
  <testcase classname="Trial.Video_Script" name="VideoqualityChangeAfterRotation23" time="0.0">
    <ignored/>
  </testcase> <!-- VideoqualityChangeAfterRotation23 -->
  <testcase classname="Trial.Pro" name="SoulSidRecordedStreamPro20" time="0.0">
    <ignored/>
  </testcase> <!-- SoulSidRecordedStreamPro20 -->
  <testcase classname="Trial.Reel_Script" name="OthersPofileReelScroll10" time="0.0">
    <ignored/>
  </testcase> <!-- OthersPofileReelScroll10 -->
  <testcase classname="Trial.Pro" name="IydmaxpllayzRecordedStreamPro74" time="0.0">
    <ignored/>
  </testcase> <!-- IydmaxpllayzRecordedStreamPro74 -->
  <testcase classname="Trial.Pro" name="ProCreatorTagOnJonthanTest08" time="0.0">
    <ignored/>
  </testcase> <!-- ProCreatorTagOnJonthanTest08 -->
  <testcase classname="Trial.Pro" name="RAOFFLIVERecordedStreamPro75" time="0.0">
    <ignored/>
  </testcase> <!-- RAOFFLIVERecordedStreamPro75 -->
  <testcase classname="Trial.Video_Script" name="SearchVideoRotate22" time="0.0">
    <ignored/>
  </testcase> <!-- SearchVideoRotate22 -->
  <testcase classname="Trial.Pro" name="ProRecordedStreamForProUsers9" time="0.0">
    <ignored/>
  </testcase> <!-- ProRecordedStreamForProUsers9 -->
  <testcase classname="Trial.Pro" name="SidenavExtendpro62" time="0.0">
    <ignored/>
  </testcase> <!-- SidenavExtendpro62 -->
  <testcase classname="Trial.Reel_Script" name="ReelTestAfterVideoMiniPlayer12" time="0.0">
    <ignored/>
  </testcase> <!-- ReelTestAfterVideoMiniPlayer12 -->
  <testcase classname="Trial.Pro" name="Mamba8bitRecordedstreamPro16" time="0.0">
    <ignored/>
  </testcase> <!-- Mamba8bitRecordedstreamPro16 -->
  <testcase classname="Trial.Pro" name="FreePreviewTimerForPro07" time="0.0">
    <ignored/>
  </testcase> <!-- FreePreviewTimerForPro07 -->
  <testcase classname="Trial.Reel_Script" name="ReelsTestAfterTabsSwitch7" time="0.0">
    <ignored/>
  </testcase> <!-- ReelsTestAfterTabsSwitch7 -->
  <testcase classname="Trial.Video_Script" name="VideoMiniPlayerTabSwittch9" time="0.0">
    <ignored/>
  </testcase> <!-- VideoMiniPlayerTabSwittch9 -->
  <testcase classname="Trial.Pro" name="CrockyMDRecordedStreamPro70" time="0.0">
    <ignored/>
  </testcase> <!-- CrockyMDRecordedStreamPro70 -->
  <testcase classname="Trial.Pro" name="RegaltosRecordedStreamPro12" time="0.0">
    <ignored/>
  </testcase> <!-- RegaltosRecordedStreamPro12 -->
  <testcase classname="Trial.Video_Script" name="VideoPlayerForwardBackward6" time="0.0">
    <ignored/>
  </testcase> <!-- VideoPlayerForwardBackward6 -->
  <testcase classname="Trial.Pro" name="MalluVinerGamingRecordedStreamPro77" time="0.0">
    <ignored/>
  </testcase> <!-- MalluVinerGamingRecordedStreamPro77 -->
  <testcase classname="Trial.Pro" name="GAmingPUJARecordedStreamPro47" time="0.0">
    <ignored/>
  </testcase> <!-- GAmingPUJARecordedStreamPro47 -->
  <testcase classname="Trial.Pro" name="SuRYanShExDRecordedStreamPro52" time="0.0">
    <ignored/>
  </testcase> <!-- SuRYanShExDRecordedStreamPro52 -->
  <testcase classname="Trial.Pro" name="ProStreamComment02" time="0.0">
    <ignored/>
  </testcase> <!-- ProStreamComment02 -->
  <testcase classname="Trial.Video_Script" name="Videoplayerplaybackspeed17" time="0.0">
    <ignored/>
  </testcase> <!-- Videoplayerplaybackspeed17 -->
  <testcase classname="Trial.Pro" name="SwasthiGAmingRecordedStreamPro73" time="0.0">
    <ignored/>
  </testcase> <!-- SwasthiGAmingRecordedStreamPro73 -->
  <testcase classname="Trial.Video_Script" name="SearcchVideoplayerComment10" time="0.0">
    <ignored/>
  </testcase> <!-- SearcchVideoplayerComment10 -->
  <testcase classname="Trial.Video_Script" name="Videoplayerrotate14" time="0.0">
    <ignored/>
  </testcase> <!-- Videoplayerrotate14 -->
  <testcase classname="Trial.Pro" name="ThoppiRecordedStreamPro55" time="0.0">
    <ignored/>
  </testcase> <!-- ThoppiRecordedStreamPro55 -->
  <testcase classname="Trial.Video_Script" name="VideoQualitychangeafterPIP5" time="0.0">
    <ignored/>
  </testcase> <!-- VideoQualitychangeafterPIP5 -->
  <testcase classname="Trial.Pro" name="SoulViperRecordedStreamPro19" time="0.0">
    <ignored/>
  </testcase> <!-- SoulViperRecordedStreamPro19 -->
  <testcase classname="Trial.Pro" name="KeizerRecordedStreamPro32" time="0.0">
    <ignored/>
  </testcase> <!-- KeizerRecordedStreamPro32 -->
  <testcase classname="Trial.Reel_Script" name="ReelTestonSeachAllTab11" time="0.0">
    <ignored/>
  </testcase> <!-- ReelTestonSeachAllTab11 -->
  <testcase classname="Trial.Video_Script" name="searchvideoplayerLikeWatchNWin11" time="0.0">
    <ignored/>
  </testcase> <!-- searchvideoplayerLikeWatchNWin11 -->
  <testcase classname="Trial.Video_Script" name="SearchVideoPIP21" time="0.0">
    <ignored/>
  </testcase> <!-- SearchVideoPIP21 -->
  <testcase classname="Trial.Pro" name="LidomaAsiaRecordedStreamTest37" time="0.0">
    <ignored/>
  </testcase> <!-- LidomaAsiaRecordedStreamTest37 -->
  <testcase classname="Trial.Pro" name="ScoutOPRecordedStreamPro15" time="0.0">
    <ignored/>
  </testcase> <!-- ScoutOPRecordedStreamPro15 -->
  <testcase classname="Trial.Pro" name="SIGIRecordedStreamPro43" time="0.0">
    <ignored/>
  </testcase> <!-- SIGIRecordedStreamPro43 -->
  <testcase classname="Trial.Pro" name="PitajiplayzRecordedStreamPro38" time="0.0">
    <ignored/>
  </testcase> <!-- PitajiplayzRecordedStreamPro38 -->
  <testcase classname="Trial.Pro" name="IGRIRecordedStreamPro39" time="0.0">
    <ignored/>
  </testcase> <!-- IGRIRecordedStreamPro39 -->
  <testcase classname="Trial.Pro" name="Rusherw0w8bitRecordedstreampro17" time="0.0">
    <ignored/>
  </testcase> <!-- Rusherw0w8bitRecordedstreampro17 -->
  <testcase classname="Trial.Pro" name="UltraOPRecordedStreamPro45" time="0.0">
    <ignored/>
  </testcase> <!-- UltraOPRecordedStreamPro45 -->
  <testcase classname="Trial.Pro" name="RepublicArmyRecordedStreamPro49" time="0.0">
    <ignored/>
  </testcase> <!-- RepublicArmyRecordedStreamPro49 -->
  <testcase classname="Trial.Pro" name="DataCheckHomePage58" time="0.0">
    <ignored/>
  </testcase> <!-- DataCheckHomePage58 -->
  <testcase classname="Trial.Pro" name="HeadFlicker8bitRecordedStreamPro22" time="0.0">
    <ignored/>
  </testcase> <!-- HeadFlicker8bitRecordedStreamPro22 -->
  <testcase classname="Trial.Reel_Script" name="CentralReelsScroll50TimesAndTest8" time="0.0">
    <ignored/>
  </testcase> <!-- CentralReelsScroll50TimesAndTest8 -->
  <testcase classname="Trial.Video_Script" name="VideoPlayerComment7" time="0.0">
    <ignored/>
  </testcase> <!-- VideoPlayerComment7 -->
  <testcase classname="Trial.Pro" name="livestreamGiftstickerINLANDSCAPE53" time="0.0">
    <ignored/>
  </testcase> <!-- livestreamGiftstickerINLANDSCAPE53 -->
  <testcase classname="Trial.BuyDiamondUI_Script" name="Diamond600Purchase9" time="0.0">
    <ignored/>
  </testcase> <!-- Diamond600Purchase9 -->
  <testcase classname="Trial.Pro" name="Bit8GoldyRecordedStreamPro14" time="0.0">
    <ignored/>
  </testcase> <!-- Bit8GoldyRecordedStreamPro14 -->
  <testcase classname="Trial.Pro" name="LidomaAsiaBahasaRecordedStreamTest36" time="0.0">
    <ignored/>
  </testcase> <!-- LidomaAsiaBahasaRecordedStreamTest36 -->
  <testcase classname="Trial.Video_Script" name="Videotagsandtimer191" time="0.0">
    <ignored/>
  </testcase> <!-- Videotagsandtimer191 -->
  <testcase classname="Trial.Video_Script" name="videoqualitychnage15" time="0.0">
    <ignored/>
  </testcase> <!-- videoqualitychnage15 -->
  <testcase classname="Trial.Pro" name="APLEsportsRecordedStreamPro51" time="0.0">
    <ignored/>
  </testcase> <!-- APLEsportsRecordedStreamPro51 -->
  <testcase classname="Trial.BuyDiamondUI_Script" name="DiamondPurchase5" time="0.0">
    <ignored/>
  </testcase> <!-- DiamondPurchase5 -->
  <testcase classname="Trial.BuyDiamondUI_Script" name="Diamondpurchase3" time="0.0">
    <ignored/>
  </testcase> <!-- Diamondpurchase3 -->
  <testcase classname="Trial.Pro" name="RAESportsRecordedStreamPro22" time="0.0">
    <ignored/>
  </testcase> <!-- RAESportsRecordedStreamPro22 -->
  <testcase classname="Trial.Pro" name="EXTROVERTOGRecordedStreamPro63" time="0.0">
    <ignored/>
  </testcase> <!-- EXTROVERTOGRecordedStreamPro63 -->
  <testcase classname="Trial.BuyDiamondUI_Script" name="DiamondPurchase2" time="0.0">
    <ignored/>
  </testcase> <!-- DiamondPurchase2 -->
  <testcase classname="Trial.Pro" name="AdenRecordedStreamPro46" time="0.0">
    <ignored/>
  </testcase> <!-- AdenRecordedStreamPro46 -->
  <testcase classname="Trial.Pro" name="kaztroRecordedStreamPro40" time="0.0">
    <ignored/>
  </testcase> <!-- kaztroRecordedStreamPro40 -->
  <testcase classname="Trial.Pro" name="Binks698bitRecordedStreamPro18" time="0.0">
    <ignored/>
  </testcase> <!-- Binks698bitRecordedStreamPro18 -->
  <testcase classname="Trial.Pro" name="BlackDaYGamingRecordedStreamPro64" time="0.0">
    <ignored/>
  </testcase> <!-- BlackDaYGamingRecordedStreamPro64 -->
  <testcase classname="Trial.Pro" name="DevilIsOnRecordedStreamPro76" time="0.0">
    <ignored/>
  </testcase> <!-- DevilIsOnRecordedStreamPro76 -->
  <testcase classname="Trial.Pro" name="YtbotfluxRecordedStreamPro69" time="0.0">
    <ignored/>
  </testcase> <!-- YtbotfluxRecordedStreamPro69 -->
  <testcase classname="Trial.Pro" name="FBDJAATGAMERRecordedStreamPro48" time="0.0">
    <ignored/>
  </testcase> <!-- FBDJAATGAMERRecordedStreamPro48 -->
  <testcase classname="Trial.Pro" name="AdiiPLaYZRecordedStreamPro66" time="0.0">
    <ignored/>
  </testcase> <!-- AdiiPLaYZRecordedStreamPro66 -->
  <testcase classname="Trial.BuyDiamondUI_Script" name="DiamondPurchase10" time="0.0">
    <ignored/>
  </testcase> <!-- DiamondPurchase10 -->
  <testcase classname="Trial.Pro" name="SnaxgamingRecordedStreamPro59" time="0.0">
    <ignored/>
  </testcase> <!-- SnaxgamingRecordedStreamPro59 -->
  <testcase classname="Trial.Pro" name="SoulZerefRecordedStreamPro13" time="0.0">
    <ignored/>
  </testcase> <!-- SoulZerefRecordedStreamPro13 -->
  <testcase classname="Trial.Pro" name="nightmmareesportsRecordedStreamPro35" time="0.0">
    <ignored/>
  </testcase> <!-- nightmmareesportsRecordedStreamPro35 -->
  <testcase classname="Trial.Pro" name="UpthrustEsportsRecordedStreamPro33" time="0.0">
    <ignored/>
  </testcase> <!-- UpthrustEsportsRecordedStreamPro33 -->
  <testcase classname="Trial.Video_Script" name="MinecraftSearchVideoTest13" time="0.0">
    <ignored/>
  </testcase> <!-- MinecraftSearchVideoTest13 -->
  <testcase classname="Trial.Pro" name="ProCreatorTagoProfileTest03" time="0.0">
    <ignored/>
  </testcase> <!-- ProCreatorTagoProfileTest03 -->
  <testcase classname="Trial.Pro" name="ZainabRecordedStreamPro25" time="0.0">
    <ignored/>
  </testcase> <!-- ZainabRecordedStreamPro25 -->
  <testcase classname="Trial.Pro" name="SoulOxyRecordedStreamPro21" time="0.0">
    <ignored/>
  </testcase> <!-- SoulOxyRecordedStreamPro21 -->
  <testcase classname="Trial.Video_Script" name="VideomuteunmuteafterPIP4" time="0.0">
    <ignored/>
  </testcase> <!-- VideomuteunmuteafterPIP4 -->
  <testcase classname="Trial.BuyDiamondUI_Script" name="DiamondPurchase6" time="0.0">
    <ignored/>
  </testcase> <!-- DiamondPurchase6 -->
  <testcase classname="Trial.Pro" name="Followingtabliveplayerrortate56" time="0.0">
    <ignored/>
  </testcase> <!-- Followingtabliveplayerrortate56 -->
  <testcase classname="Trial.Pro" name="QUEENNISLIVERecordedStreamPro72" time="0.0">
    <ignored/>
  </testcase> <!-- QUEENNISLIVERecordedStreamPro72 -->
  <testcase classname="Trial.Pro" name="LuciferSauravRecordedStreamPro50" time="0.0">
    <ignored/>
  </testcase> <!-- LuciferSauravRecordedStreamPro50 -->
  <testcase classname="Trial.Pro" name="MidtioerRecordedStreamForProUsers11" time="0.0">
    <ignored/>
  </testcase> <!-- MidtioerRecordedStreamForProUsers11 -->
  <testcase classname="Trial.Reel_Script" name="CentralReelMuteUnmute4" time="0.0">
    <ignored/>
  </testcase> <!-- CentralReelMuteUnmute4 -->
  <testcase classname="Trial.Pro" name="Mafia8BitRecordedStreamPro26" time="0.0">
    <ignored/>
  </testcase> <!-- Mafia8BitRecordedStreamPro26 -->
  <testcase classname="Trial.Pro" name="ProStreamPIP42" time="0.0">
    <ignored/>
  </testcase> <!-- ProStreamPIP42 -->
  <testcase classname="Trial.Video_Script" name="Videoplayermuteunute16" time="0.0">
    <ignored/>
  </testcase> <!-- Videoplayermuteunute16 -->
  <testcase classname="Trial.Video_Script" name="IRLSearchVideoTest12" time="0.0">
    <ignored/>
  </testcase> <!-- IRLSearchVideoTest12 -->
  <testcase classname="Trial.Pro" name="ProStreamOpenedFanRank5" time="0.0">
    <ignored/>
  </testcase> <!-- ProStreamOpenedFanRank5 -->
  <testcase classname="Trial.Pro" name="BitRebelRecordedStreamPro31" time="0.0">
    <ignored/>
  </testcase> <!-- BitRebelRecordedStreamPro31 -->
  <testcase classname="Trial.Video_Script" name="PIPtofullscreentest2" time="0.0">
    <ignored/>
  </testcase> <!-- PIPtofullscreentest2 -->
  <testcase classname="Trial.Pro" name="Protabliveplayerrortate06" time="0.0">
    <ignored/>
  </testcase> <!-- Protabliveplayerrortate06 -->
  <testcase classname="Trial.Pro" name="CaramelRecordedStreamPro67" time="0.0">
    <ignored/>
  </testcase> <!-- CaramelRecordedStreamPro67 -->
  <testcase classname="Trial.Pro" name="VENOMGAMINGRecordedStreamPro68" time="0.0">
    <ignored/>
  </testcase> <!-- VENOMGAMINGRecordedStreamPro68 -->
  <testcase classname="Trial.Pro" name="CalvinReyecordedStreamPro61" time="0.0">
    <ignored/>
  </testcase> <!-- CalvinReyecordedStreamPro61 -->
</testsuite> <!-- Default Test(failed)(failed)(failed) -->
