<?xml version="1.0" encoding="UTF-8"?>
<!-- Generated by org.testng.reporters.JUnitXMLReporter -->
<testsuite ignored="28" hostname="rooters-MacBook-Pro.local" failures="1" tests="1" name="Test(failed)(failed)(failed)(failed)(failed)(failed)(failed)(failed)" time="67.765" errors="0" timestamp="2024-05-01T12:18:25 IST">
  <testcase classname="Trial.Pro" name="RecordedStreamQlityChange27" time="34.937">
    <failure type="org.openqa.selenium.InvalidSelectorException" message="org.eclipse.wst.xml.xpath2.processor.XPathParserException: JFlex lexer error: Unknown character at line 1 col 44: \
For documentation on this error, please visit: https://selenium.dev/exceptions/#invalid_selector_exception
Build info: version: &amp;apos;4.9.1&amp;apos;, revision: &amp;apos;eb2032df7f&amp;apos;
System info: os.name: &amp;apos;Mac OS X&amp;apos;, os.arch: &amp;apos;x86_64&amp;apos;, os.version: &amp;apos;14.4.1&amp;apos;, java.version: &amp;apos;17.0.7&amp;apos;
Driver info: io.appium.java_client.AppiumDriver
Command: [53d5f389-c14b-4321-b697-7ed0bf668156, findElements {using=xpath, value=//android.widget.FrameLayout[@content-desc=\&amp;quot;Show player controls\&amp;quot;]/android.widget.FrameLayout[4]/android.view.ViewGroup/android.widget.ImageView[2]}]
Capabilities {appium:appActivity: com.threesixteen.app.ui.act..., appium:appPackage: com.threesixteen.app, appium:autoGrantPermissions: true, appium:databaseEnabled: false, appium:desired: {appActivity: com.threesixteen.app.ui.act..., appPackage: com.threesixteen.app, autoGrantPermissions: true, deviceName: RZ8T907T67Y, ignoreHiddenApiPolicyError: true, noReset: false, platformName: ANDROID, platformVersion: 14}, appium:deviceApiLevel: 34, appium:deviceManufacturer: samsung, appium:deviceModel: SM-M135FU, appium:deviceName: RZ8T907T67Y, appium:deviceScreenDensity: 450, appium:deviceScreenSize: 1080x2408, appium:deviceUDID: RZ8T907T67Y, appium:ignoreHiddenApiPolicyError: true, appium:javascriptEnabled: true, appium:locationContextEnabled: false, appium:networkConnectionEnabled: true, appium:noReset: false, appium:pixelRatio: 2.8125, appium:platformVersion: 14, appium:statBarHeight: 66, appium:takesScreenshot: true, appium:viewportRect: {height: 2141, left: 0, top: 66, width: 1080}, appium:warnings: {}, appium:webStorageEnabled: false, platformName: ANDROID}
Session ID: 53d5f389-c14b-4321-b697-7ed0bf668156">
      <![CDATA[org.openqa.selenium.InvalidSelectorException: org.eclipse.wst.xml.xpath2.processor.XPathParserException: JFlex lexer error: Unknown character at line 1 col 44: \
For documentation on this error, please visit: https://selenium.dev/exceptions/#invalid_selector_exception
Build info: version: '4.9.1', revision: 'eb2032df7f'
System info: os.name: 'Mac OS X', os.arch: 'x86_64', os.version: '14.4.1', java.version: '17.0.7'
Driver info: io.appium.java_client.AppiumDriver
Command: [53d5f389-c14b-4321-b697-7ed0bf668156, findElements {using=xpath, value=//android.widget.FrameLayout[@content-desc=\"Show player controls\"]/android.widget.FrameLayout[4]/android.view.ViewGroup/android.widget.ImageView[2]}]
Capabilities {appium:appActivity: com.threesixteen.app.ui.act..., appium:appPackage: com.threesixteen.app, appium:autoGrantPermissions: true, appium:databaseEnabled: false, appium:desired: {appActivity: com.threesixteen.app.ui.act..., appPackage: com.threesixteen.app, autoGrantPermissions: true, deviceName: RZ8T907T67Y, ignoreHiddenApiPolicyError: true, noReset: false, platformName: ANDROID, platformVersion: 14}, appium:deviceApiLevel: 34, appium:deviceManufacturer: samsung, appium:deviceModel: SM-M135FU, appium:deviceName: RZ8T907T67Y, appium:deviceScreenDensity: 450, appium:deviceScreenSize: 1080x2408, appium:deviceUDID: RZ8T907T67Y, appium:ignoreHiddenApiPolicyError: true, appium:javascriptEnabled: true, appium:locationContextEnabled: false, appium:networkConnectionEnabled: true, appium:noReset: false, appium:pixelRatio: 2.8125, appium:platformVersion: 14, appium:statBarHeight: 66, appium:takesScreenshot: true, appium:viewportRect: {height: 2141, left: 0, top: 66, width: 1080}, appium:warnings: {}, appium:webStorageEnabled: false, platformName: ANDROID}
Session ID: 53d5f389-c14b-4321-b697-7ed0bf668156
at org.openqa.selenium.remote.codec.w3c.W3CHttpResponseCodec.createException(W3CHttpResponseCodec.java:200)
at org.openqa.selenium.remote.codec.w3c.W3CHttpResponseCodec.decode(W3CHttpResponseCodec.java:133)
at org.openqa.selenium.remote.codec.w3c.W3CHttpResponseCodec.decode(W3CHttpResponseCodec.java:53)
at org.openqa.selenium.remote.HttpCommandExecutor.execute(HttpCommandExecutor.java:193)
at io.appium.java_client.remote.AppiumCommandExecutor.execute(AppiumCommandExecutor.java:250)
at org.openqa.selenium.remote.RemoteWebDriver.execute(RemoteWebDriver.java:543)
at org.openqa.selenium.remote.ElementLocation$ElementFinder$2.findElements(ElementLocation.java:179)
at org.openqa.selenium.remote.ElementLocation.findElements(ElementLocation.java:102)
at org.openqa.selenium.remote.RemoteWebDriver.findElements(RemoteWebDriver.java:367)
at org.openqa.selenium.remote.RemoteWebDriver.findElements(RemoteWebDriver.java:359)
at Trial.Pro.isVisibleWithXPath1(Pro.java:341)
at Trial.Pro.ExoQualityChnage(Pro.java:264)
at Trial.Pro.RecordedStreamQlityChange27(Pro.java:1121)
at java.base/java.util.ArrayList.forEach(ArrayList.java:1511)
... Removed 32 stack frames]]>
    </failure>
  </testcase> <!-- RecordedStreamQlityChange27 -->
  <testcase classname="Trial.Pro" name="Binks698bitRecordedStreamPro18" time="0.0">
    <ignored/>
  </testcase> <!-- Binks698bitRecordedStreamPro18 -->
  <testcase classname="Trial.Pro" name="RAESportsRecordedStreamPro22" time="0.0">
    <ignored/>
  </testcase> <!-- RAESportsRecordedStreamPro22 -->
  <testcase classname="Trial.Pro" name="ScoutOPRecordedStreamPro15" time="0.0">
    <ignored/>
  </testcase> <!-- ScoutOPRecordedStreamPro15 -->
  <testcase classname="Trial.Pro" name="SoulViperRecordedStreamPro19" time="0.0">
    <ignored/>
  </testcase> <!-- SoulViperRecordedStreamPro19 -->
  <testcase classname="Trial.Pro" name="ProCreatorlist04" time="0.0">
    <ignored/>
  </testcase> <!-- ProCreatorlist04 -->
  <testcase classname="Trial.Pro" name="ProStreamComment02" time="0.0">
    <ignored/>
  </testcase> <!-- ProStreamComment02 -->
  <testcase classname="Trial.Pro" name="ProRecordedStreamForProUsers9" time="0.0">
    <ignored/>
  </testcase> <!-- ProRecordedStreamForProUsers9 -->
  <testcase classname="Trial.Pro" name="ProCreatorTagOnJonthanTest08" time="0.0">
    <ignored/>
  </testcase> <!-- ProCreatorTagOnJonthanTest08 -->
  <testcase classname="Trial.Pro" name="SoulZerefRecordedStreamPro13" time="0.0">
    <ignored/>
  </testcase> <!-- SoulZerefRecordedStreamPro13 -->
  <testcase classname="Trial.Pro" name="RecordedstreamRotate28" time="0.0">
    <ignored/>
  </testcase> <!-- RecordedstreamRotate28 -->
  <testcase classname="Trial.Pro" name="Mafia8BitRecordedStreamPro26" time="0.0">
    <ignored/>
  </testcase> <!-- Mafia8BitRecordedStreamPro26 -->
  <testcase classname="Trial.Pro" name="ZainabRecordedStreamPro25" time="0.0">
    <ignored/>
  </testcase> <!-- ZainabRecordedStreamPro25 -->
  <testcase classname="Trial.Pro" name="liveplayerrortate06" time="0.0">
    <ignored/>
  </testcase> <!-- liveplayerrortate06 -->
  <testcase classname="Trial.Pro" name="MidtioerRecordedStreamForProUsers11" time="0.0">
    <ignored/>
  </testcase> <!-- MidtioerRecordedStreamForProUsers11 -->
  <testcase classname="Trial.Pro" name="HeadFlicker8bitRecordedStreamPro22" time="0.0">
    <ignored/>
  </testcase> <!-- HeadFlicker8bitRecordedStreamPro22 -->
  <testcase classname="Trial.Pro" name="ProStreamOpened5" time="0.0">
    <ignored/>
  </testcase> <!-- ProStreamOpened5 -->
  <testcase classname="Trial.Pro" name="SoulSidRecordedStreamPro20" time="0.0">
    <ignored/>
  </testcase> <!-- SoulSidRecordedStreamPro20 -->
  <testcase classname="Trial.Pro" name="Recordedstreamforwardbackward29" time="0.0">
    <ignored/>
  </testcase> <!-- Recordedstreamforwardbackward29 -->
  <testcase classname="Trial.Pro" name="RegaltosRecordedStreamPro12" time="0.0">
    <ignored/>
  </testcase> <!-- RegaltosRecordedStreamPro12 -->
  <testcase classname="Trial.Pro" name="Mamba8bitRecordedstreamPro16" time="0.0">
    <ignored/>
  </testcase> <!-- Mamba8bitRecordedstreamPro16 -->
  <testcase classname="Trial.Pro" name="SoulOxyRecordedStreamPro21" time="0.0">
    <ignored/>
  </testcase> <!-- SoulOxyRecordedStreamPro21 -->
  <testcase classname="Trial.Pro" name="RAWSOMERecordedstreampro24" time="0.0">
    <ignored/>
  </testcase> <!-- RAWSOMERecordedstreampro24 -->
  <testcase classname="Trial.Pro" name="Rusherw0w8bitRecordedstreampro17" time="0.0">
    <ignored/>
  </testcase> <!-- Rusherw0w8bitRecordedstreampro17 -->
  <testcase classname="Trial.Pro" name="ProCreatorTagoProfileTest03" time="0.0">
    <ignored/>
  </testcase> <!-- ProCreatorTagoProfileTest03 -->
  <testcase classname="Trial.Pro" name="ProBagesTet01" time="0.0">
    <ignored/>
  </testcase> <!-- ProBagesTet01 -->
  <testcase classname="Trial.Pro" name="Logout110" time="0.0">
    <ignored/>
  </testcase> <!-- Logout110 -->
  <testcase classname="Trial.Pro" name="FreePreviewTimerForPro07" time="0.0">
    <ignored/>
  </testcase> <!-- FreePreviewTimerForPro07 -->
  <testcase classname="Trial.Pro" name="Bit8GoldyRecordedStreamPro14" time="0.0">
    <ignored/>
  </testcase> <!-- Bit8GoldyRecordedStreamPro14 -->
</testsuite> <!-- Test(failed)(failed)(failed)(failed)(failed)(failed)(failed)(failed) -->
