<?xml version="1.0" encoding="UTF-8"?>
<!-- Generated by org.testng.reporters.JUnitXMLReporter -->
<testsuite ignored="59" hostname="ip-192-168-1-9.ap-south-1.compute.internal" failures="4" tests="10" name="Default Test(failed)(failed)(failed)(failed)(failed)(failed)(failed)(failed)(failed)(failed)(failed)" time="2192.636" errors="0" timestamp="2025-09-26T17:45:43 IST">
  <testcase classname="Trial.SideNav_Script" name="SideNavcreateBtn6" time="25.593"/>
  <testcase classname="Trial.SideNav_Script" name="SideNavCoinandDiamondlog27" time="70.647"/>
  <testcase classname="Trial.LiveStream_script" name="liveplayerFanrank4" time="250.093">
    <skipped/>
  </testcase> <!-- liveplayerFanrank4 -->
  <testcase classname="Trial.LiveStream_script" name="liveplayerFanrank4" time="249.941">
    <failure type="org.openqa.selenium.TimeoutException" message="Expected condition failed: waiting for Trial.Functions$2@1f48fa72 (tried for 200 second(s) with 500 milliseconds interval)
Build info: version: &amp;apos;4.16.1&amp;apos;, revision: &amp;apos;9b4c83354e&amp;apos;
System info: os.name: &amp;apos;Mac OS X&amp;apos;, os.arch: &amp;apos;x86_64&amp;apos;, os.version: &amp;apos;15.7&amp;apos;, java.version: &amp;apos;17.0.7&amp;apos;
Driver info: io.appium.java_client.android.AndroidDriver
Capabilities {appium:appActivity: com.threesixteen.app.ui.act..., appium:appPackage: com.threesixteen.app, appium:autoGrantPermissions: true, appium:automationName: UiAutomator2, appium:databaseEnabled: false, appium:desired: {appActivity: com.threesixteen.app.ui.act..., appPackage: com.threesixteen.app, autoGrantPermissions: true, automationName: UiAutomator2, disableSuppressAccessibilityService: true, ignoreHiddenApiPolicyError: true, noReset: true, platformName: ANDROID, platformVersion: 14}, appium:deviceApiLevel: 34, appium:deviceManufacturer: vivo, appium:deviceModel: I2127, appium:deviceName: 13793294180004Z, appium:deviceScreenDensity: 440, appium:deviceScreenSize: 1080x2408, appium:deviceUDID: 13793294180004Z, appium:disableSuppressAccessibilityService: true, appium:ignoreHiddenApiPolicyError: true, appium:javascriptEnabled: true, appium:locationContextEnabled: false, appium:networkConnectionEnabled: true, appium:noReset: true, appium:pixelRatio: 2.75, appium:platformVersion: 14, appium:statBarHeight: 88, appium:takesScreenshot: true, appium:viewportRect: {height: 2138, left: 0, top: 88, width: 1080}, appium:warnings: {}, appium:webStorageEnabled: false, platformName: ANDROID}
Session ID: 4106ea3d-50c2-4266-801b-25109eda8587">
      <![CDATA[org.openqa.selenium.TimeoutException: Expected condition failed: waiting for Trial.Functions$2@1f48fa72 (tried for 200 second(s) with 500 milliseconds interval)
Build info: version: '4.16.1', revision: '9b4c83354e'
System info: os.name: 'Mac OS X', os.arch: 'x86_64', os.version: '15.7', java.version: '17.0.7'
Driver info: io.appium.java_client.android.AndroidDriver
Capabilities {appium:appActivity: com.threesixteen.app.ui.act..., appium:appPackage: com.threesixteen.app, appium:autoGrantPermissions: true, appium:automationName: UiAutomator2, appium:databaseEnabled: false, appium:desired: {appActivity: com.threesixteen.app.ui.act..., appPackage: com.threesixteen.app, autoGrantPermissions: true, automationName: UiAutomator2, disableSuppressAccessibilityService: true, ignoreHiddenApiPolicyError: true, noReset: true, platformName: ANDROID, platformVersion: 14}, appium:deviceApiLevel: 34, appium:deviceManufacturer: vivo, appium:deviceModel: I2127, appium:deviceName: 13793294180004Z, appium:deviceScreenDensity: 440, appium:deviceScreenSize: 1080x2408, appium:deviceUDID: 13793294180004Z, appium:disableSuppressAccessibilityService: true, appium:ignoreHiddenApiPolicyError: true, appium:javascriptEnabled: true, appium:locationContextEnabled: false, appium:networkConnectionEnabled: true, appium:noReset: true, appium:pixelRatio: 2.75, appium:platformVersion: 14, appium:statBarHeight: 88, appium:takesScreenshot: true, appium:viewportRect: {height: 2138, left: 0, top: 88, width: 1080}, appium:warnings: {}, appium:webStorageEnabled: false, platformName: ANDROID}
Session ID: 4106ea3d-50c2-4266-801b-25109eda8587
at org.openqa.selenium.support.ui.WebDriverWait.timeoutException(WebDriverWait.java:84)
at org.openqa.selenium.support.ui.FluentWait.until(FluentWait.java:229)
at Trial.Functions.clickAndWaitForElementWithId(Functions.java:103)
at Trial.LiveStream_script.liveplayerFanrank4(LiveStream_script.java:218)
at java.base/java.util.ArrayList.forEach(ArrayList.java:1511)
... Removed 27 stack frames]]>
    </failure>
  </testcase> <!-- liveplayerFanrank4 -->
  <testcase classname="Trial.LiveStream_script" name="Protabliveplayerrortate23" time="203.585">
    <skipped/>
  </testcase> <!-- Protabliveplayerrortate23 -->
  <testcase classname="Trial.LiveStream_script" name="Protabliveplayerrortate23" time="203.705">
    <failure type="org.openqa.selenium.TimeoutException" message="Expected condition failed: waiting for Trial.Functions$2@2286dfcd (tried for 200 second(s) with 500 milliseconds interval)
Build info: version: &amp;apos;4.16.1&amp;apos;, revision: &amp;apos;9b4c83354e&amp;apos;
System info: os.name: &amp;apos;Mac OS X&amp;apos;, os.arch: &amp;apos;x86_64&amp;apos;, os.version: &amp;apos;15.7&amp;apos;, java.version: &amp;apos;17.0.7&amp;apos;
Driver info: io.appium.java_client.android.AndroidDriver
Capabilities {appium:appActivity: com.threesixteen.app.ui.act..., appium:appPackage: com.threesixteen.app, appium:autoGrantPermissions: true, appium:automationName: UiAutomator2, appium:databaseEnabled: false, appium:desired: {appActivity: com.threesixteen.app.ui.act..., appPackage: com.threesixteen.app, autoGrantPermissions: true, automationName: UiAutomator2, disableSuppressAccessibilityService: true, ignoreHiddenApiPolicyError: true, noReset: true, platformName: ANDROID, platformVersion: 14}, appium:deviceApiLevel: 34, appium:deviceManufacturer: vivo, appium:deviceModel: I2127, appium:deviceName: 13793294180004Z, appium:deviceScreenDensity: 440, appium:deviceScreenSize: 1080x2408, appium:deviceUDID: 13793294180004Z, appium:disableSuppressAccessibilityService: true, appium:ignoreHiddenApiPolicyError: true, appium:javascriptEnabled: true, appium:locationContextEnabled: false, appium:networkConnectionEnabled: true, appium:noReset: true, appium:pixelRatio: 2.75, appium:platformVersion: 14, appium:statBarHeight: 88, appium:takesScreenshot: true, appium:viewportRect: {height: 2138, left: 0, top: 88, width: 1080}, appium:warnings: {}, appium:webStorageEnabled: false, platformName: ANDROID}
Session ID: 87c5cbce-f4ee-4e0b-a973-f061a82af1e5">
      <![CDATA[org.openqa.selenium.TimeoutException: Expected condition failed: waiting for Trial.Functions$2@2286dfcd (tried for 200 second(s) with 500 milliseconds interval)
Build info: version: '4.16.1', revision: '9b4c83354e'
System info: os.name: 'Mac OS X', os.arch: 'x86_64', os.version: '15.7', java.version: '17.0.7'
Driver info: io.appium.java_client.android.AndroidDriver
Capabilities {appium:appActivity: com.threesixteen.app.ui.act..., appium:appPackage: com.threesixteen.app, appium:autoGrantPermissions: true, appium:automationName: UiAutomator2, appium:databaseEnabled: false, appium:desired: {appActivity: com.threesixteen.app.ui.act..., appPackage: com.threesixteen.app, autoGrantPermissions: true, automationName: UiAutomator2, disableSuppressAccessibilityService: true, ignoreHiddenApiPolicyError: true, noReset: true, platformName: ANDROID, platformVersion: 14}, appium:deviceApiLevel: 34, appium:deviceManufacturer: vivo, appium:deviceModel: I2127, appium:deviceName: 13793294180004Z, appium:deviceScreenDensity: 440, appium:deviceScreenSize: 1080x2408, appium:deviceUDID: 13793294180004Z, appium:disableSuppressAccessibilityService: true, appium:ignoreHiddenApiPolicyError: true, appium:javascriptEnabled: true, appium:locationContextEnabled: false, appium:networkConnectionEnabled: true, appium:noReset: true, appium:pixelRatio: 2.75, appium:platformVersion: 14, appium:statBarHeight: 88, appium:takesScreenshot: true, appium:viewportRect: {height: 2138, left: 0, top: 88, width: 1080}, appium:warnings: {}, appium:webStorageEnabled: false, platformName: ANDROID}
Session ID: 87c5cbce-f4ee-4e0b-a973-f061a82af1e5
at org.openqa.selenium.support.ui.WebDriverWait.timeoutException(WebDriverWait.java:84)
at org.openqa.selenium.support.ui.FluentWait.until(FluentWait.java:229)
at Trial.Functions.clickAndWaitForElementWithId(Functions.java:103)
at Trial.LiveStream_script.Protabliveplayerrortate23(LiveStream_script.java:1130)
at java.base/java.util.ArrayList.forEach(ArrayList.java:1511)
... Removed 27 stack frames]]>
    </failure>
  </testcase> <!-- Protabliveplayerrortate23 -->
  <testcase classname="Trial.LiveStream_script" name="ProStreamPIP24" time="223.08">
    <skipped/>
  </testcase> <!-- ProStreamPIP24 -->
  <testcase classname="Trial.LiveStream_script" name="ProStreamPIP24" time="222.826">
    <failure type="org.openqa.selenium.TimeoutException" message="Expected condition failed: waiting for Trial.Functions$2@238bec83 (tried for 200 second(s) with 500 milliseconds interval)
Build info: version: &amp;apos;4.16.1&amp;apos;, revision: &amp;apos;9b4c83354e&amp;apos;
System info: os.name: &amp;apos;Mac OS X&amp;apos;, os.arch: &amp;apos;x86_64&amp;apos;, os.version: &amp;apos;15.7&amp;apos;, java.version: &amp;apos;17.0.7&amp;apos;
Driver info: io.appium.java_client.android.AndroidDriver
Capabilities {appium:appActivity: com.threesixteen.app.ui.act..., appium:appPackage: com.threesixteen.app, appium:autoGrantPermissions: true, appium:automationName: UiAutomator2, appium:databaseEnabled: false, appium:desired: {appActivity: com.threesixteen.app.ui.act..., appPackage: com.threesixteen.app, autoGrantPermissions: true, automationName: UiAutomator2, disableSuppressAccessibilityService: true, ignoreHiddenApiPolicyError: true, noReset: true, platformName: ANDROID, platformVersion: 14}, appium:deviceApiLevel: 34, appium:deviceManufacturer: vivo, appium:deviceModel: I2127, appium:deviceName: 13793294180004Z, appium:deviceScreenDensity: 440, appium:deviceScreenSize: 1080x2408, appium:deviceUDID: 13793294180004Z, appium:disableSuppressAccessibilityService: true, appium:ignoreHiddenApiPolicyError: true, appium:javascriptEnabled: true, appium:locationContextEnabled: false, appium:networkConnectionEnabled: true, appium:noReset: true, appium:pixelRatio: 2.75, appium:platformVersion: 14, appium:statBarHeight: 88, appium:takesScreenshot: true, appium:viewportRect: {height: 2138, left: 0, top: 88, width: 1080}, appium:warnings: {}, appium:webStorageEnabled: false, platformName: ANDROID}
Session ID: f7cf0a1e-a612-456d-a224-c0016cf1c56b">
      <![CDATA[org.openqa.selenium.TimeoutException: Expected condition failed: waiting for Trial.Functions$2@238bec83 (tried for 200 second(s) with 500 milliseconds interval)
Build info: version: '4.16.1', revision: '9b4c83354e'
System info: os.name: 'Mac OS X', os.arch: 'x86_64', os.version: '15.7', java.version: '17.0.7'
Driver info: io.appium.java_client.android.AndroidDriver
Capabilities {appium:appActivity: com.threesixteen.app.ui.act..., appium:appPackage: com.threesixteen.app, appium:autoGrantPermissions: true, appium:automationName: UiAutomator2, appium:databaseEnabled: false, appium:desired: {appActivity: com.threesixteen.app.ui.act..., appPackage: com.threesixteen.app, autoGrantPermissions: true, automationName: UiAutomator2, disableSuppressAccessibilityService: true, ignoreHiddenApiPolicyError: true, noReset: true, platformName: ANDROID, platformVersion: 14}, appium:deviceApiLevel: 34, appium:deviceManufacturer: vivo, appium:deviceModel: I2127, appium:deviceName: 13793294180004Z, appium:deviceScreenDensity: 440, appium:deviceScreenSize: 1080x2408, appium:deviceUDID: 13793294180004Z, appium:disableSuppressAccessibilityService: true, appium:ignoreHiddenApiPolicyError: true, appium:javascriptEnabled: true, appium:locationContextEnabled: false, appium:networkConnectionEnabled: true, appium:noReset: true, appium:pixelRatio: 2.75, appium:platformVersion: 14, appium:statBarHeight: 88, appium:takesScreenshot: true, appium:viewportRect: {height: 2138, left: 0, top: 88, width: 1080}, appium:warnings: {}, appium:webStorageEnabled: false, platformName: ANDROID}
Session ID: f7cf0a1e-a612-456d-a224-c0016cf1c56b
at org.openqa.selenium.support.ui.WebDriverWait.timeoutException(WebDriverWait.java:84)
at org.openqa.selenium.support.ui.FluentWait.until(FluentWait.java:229)
at Trial.Functions.clickAndWaitForElementWithId(Functions.java:103)
at Trial.LiveStream_script.ProStreamPIP24(LiveStream_script.java:1294)
at java.base/java.util.ArrayList.forEach(ArrayList.java:1511)
... Removed 27 stack frames]]>
    </failure>
  </testcase> <!-- ProStreamPIP24 -->
  <testcase classname="Trial.LiveStream_script" name="FreePreviewTimerForPro31" time="202.754">
    <skipped/>
  </testcase> <!-- FreePreviewTimerForPro31 -->
  <testcase classname="Trial.LiveStream_script" name="FreePreviewTimerForPro31" time="202.629">
    <failure type="org.openqa.selenium.TimeoutException" message="Expected condition failed: waiting for Trial.Functions$2@2603ad0a (tried for 200 second(s) with 500 milliseconds interval)
Build info: version: &amp;apos;4.16.1&amp;apos;, revision: &amp;apos;9b4c83354e&amp;apos;
System info: os.name: &amp;apos;Mac OS X&amp;apos;, os.arch: &amp;apos;x86_64&amp;apos;, os.version: &amp;apos;15.7&amp;apos;, java.version: &amp;apos;17.0.7&amp;apos;
Driver info: io.appium.java_client.android.AndroidDriver
Capabilities {appium:appActivity: com.threesixteen.app.ui.act..., appium:appPackage: com.threesixteen.app, appium:autoGrantPermissions: true, appium:automationName: UiAutomator2, appium:databaseEnabled: false, appium:desired: {appActivity: com.threesixteen.app.ui.act..., appPackage: com.threesixteen.app, autoGrantPermissions: true, automationName: UiAutomator2, disableSuppressAccessibilityService: true, ignoreHiddenApiPolicyError: true, noReset: true, platformName: ANDROID, platformVersion: 14}, appium:deviceApiLevel: 34, appium:deviceManufacturer: vivo, appium:deviceModel: I2127, appium:deviceName: 13793294180004Z, appium:deviceScreenDensity: 440, appium:deviceScreenSize: 1080x2408, appium:deviceUDID: 13793294180004Z, appium:disableSuppressAccessibilityService: true, appium:ignoreHiddenApiPolicyError: true, appium:javascriptEnabled: true, appium:locationContextEnabled: false, appium:networkConnectionEnabled: true, appium:noReset: true, appium:pixelRatio: 2.75, appium:platformVersion: 14, appium:statBarHeight: 88, appium:takesScreenshot: true, appium:viewportRect: {height: 2138, left: 0, top: 88, width: 1080}, appium:warnings: {}, appium:webStorageEnabled: false, platformName: ANDROID}
Session ID: 4236c22f-034c-4282-bcf7-491273189b16">
      <![CDATA[org.openqa.selenium.TimeoutException: Expected condition failed: waiting for Trial.Functions$2@2603ad0a (tried for 200 second(s) with 500 milliseconds interval)
Build info: version: '4.16.1', revision: '9b4c83354e'
System info: os.name: 'Mac OS X', os.arch: 'x86_64', os.version: '15.7', java.version: '17.0.7'
Driver info: io.appium.java_client.android.AndroidDriver
Capabilities {appium:appActivity: com.threesixteen.app.ui.act..., appium:appPackage: com.threesixteen.app, appium:autoGrantPermissions: true, appium:automationName: UiAutomator2, appium:databaseEnabled: false, appium:desired: {appActivity: com.threesixteen.app.ui.act..., appPackage: com.threesixteen.app, autoGrantPermissions: true, automationName: UiAutomator2, disableSuppressAccessibilityService: true, ignoreHiddenApiPolicyError: true, noReset: true, platformName: ANDROID, platformVersion: 14}, appium:deviceApiLevel: 34, appium:deviceManufacturer: vivo, appium:deviceModel: I2127, appium:deviceName: 13793294180004Z, appium:deviceScreenDensity: 440, appium:deviceScreenSize: 1080x2408, appium:deviceUDID: 13793294180004Z, appium:disableSuppressAccessibilityService: true, appium:ignoreHiddenApiPolicyError: true, appium:javascriptEnabled: true, appium:locationContextEnabled: false, appium:networkConnectionEnabled: true, appium:noReset: true, appium:pixelRatio: 2.75, appium:platformVersion: 14, appium:statBarHeight: 88, appium:takesScreenshot: true, appium:viewportRect: {height: 2138, left: 0, top: 88, width: 1080}, appium:warnings: {}, appium:webStorageEnabled: false, platformName: ANDROID}
Session ID: 4236c22f-034c-4282-bcf7-491273189b16
at org.openqa.selenium.support.ui.WebDriverWait.timeoutException(WebDriverWait.java:84)
at org.openqa.selenium.support.ui.FluentWait.until(FluentWait.java:229)
at Trial.Functions.clickAndWaitForElementWithId(Functions.java:103)
at Trial.LiveStream_script.FreePreviewTimerForPro31(LiveStream_script.java:1748)
at java.base/java.util.ArrayList.forEach(ArrayList.java:1511)
... Removed 27 stack frames]]>
    </failure>
  </testcase> <!-- FreePreviewTimerForPro31 -->
  <testcase classname="Trial.SideNav_Script" name="SideNavCreateBtnReel20" time="0.0">
    <ignored/>
  </testcase> <!-- SideNavCreateBtnReel20 -->
  <testcase classname="Trial.LiveStream_script" name="LiveMiniplayertabswittch1" time="0.0">
    <ignored/>
  </testcase> <!-- LiveMiniplayertabswittch1 -->
  <testcase classname="Trial.LiveStream_script" name="liveplayercomennt3" time="0.0">
    <ignored/>
  </testcase> <!-- liveplayercomennt3 -->
  <testcase classname="Trial.SideNav_Script" name="SidenNavcChangeContentlocaleMarathi31" time="0.0">
    <ignored/>
  </testcase> <!-- SidenNavcChangeContentlocaleMarathi31 -->
  <testcase classname="Trial.LiveStream_script" name="GiveawaysContentisplaying27" time="0.0">
    <ignored/>
  </testcase> <!-- GiveawaysContentisplaying27 -->
  <testcase classname="Trial.SideNav_Script" name="day7buypro338" time="0.0">
    <ignored/>
  </testcase> <!-- day7buypro338 -->
  <testcase classname="Trial.SideNav_Script" name="RedeemCouponCopy22" time="0.0">
    <ignored/>
  </testcase> <!-- RedeemCouponCopy22 -->
  <testcase classname="Trial.LiveStream_script" name="ProCreatorTagOnJonthanTest28" time="0.0">
    <ignored/>
  </testcase> <!-- ProCreatorTagOnJonthanTest28 -->
  <testcase classname="Trial.SideNav_Script" name="NormalLiveStream18" time="0.0">
    <ignored/>
  </testcase> <!-- NormalLiveStream18 -->
  <testcase classname="Trial.LiveStream_script" name="ProCreatorlist21" time="0.0">
    <ignored/>
  </testcase> <!-- ProCreatorlist21 -->
  <testcase classname="Trial.SideNav_Script" name="SidenNavcChangeContentlocaleHindi33" time="0.0">
    <ignored/>
  </testcase> <!-- SidenNavcChangeContentlocaleHindi33 -->
  <testcase classname="Trial.LiveStream_script" name="MissedTabContentisplaying26" time="0.0">
    <ignored/>
  </testcase> <!-- MissedTabContentisplaying26 -->
  <testcase classname="Trial.SideNav_Script" name="SidenNavInviteAndWin11" time="0.0">
    <ignored/>
  </testcase> <!-- SidenNavInviteAndWin11 -->
  <testcase classname="Trial.SideNav_Script" name="ChangeCommunicationEmailId26" time="0.0">
    <ignored/>
  </testcase> <!-- ChangeCommunicationEmailId26 -->
  <testcase classname="Trial.SideNav_Script" name="SidenNavImageupload7" time="0.0">
    <ignored/>
  </testcase> <!-- SidenNavImageupload7 -->
  <testcase classname="Trial.SideNav_Script" name="SideNavCouponPageTopCarousal23" time="0.0">
    <ignored/>
  </testcase> <!-- SideNavCouponPageTopCarousal23 -->
  <testcase classname="Trial.SideNav_Script" name="SidenNavcChangeContentlocaleKannda32" time="0.0">
    <ignored/>
  </testcase> <!-- SidenNavcChangeContentlocaleKannda32 -->
  <testcase classname="Trial.LiveStream_script" name="ProStreamComment19" time="0.0">
    <ignored/>
  </testcase> <!-- ProStreamComment19 -->
  <testcase classname="Trial.LiveStream_script" name="livestreamwatchandwin6" time="0.0">
    <ignored/>
  </testcase> <!-- livestreamwatchandwin6 -->
  <testcase classname="Trial.SideNav_Script" name="SidenNavcChangeProfileName13" time="0.0">
    <ignored/>
  </testcase> <!-- SidenNavcChangeProfileName13 -->
  <testcase classname="Trial.LiveStream_script" name="MidtioerRecordedStreamForProUsers30" time="0.0">
    <ignored/>
  </testcase> <!-- MidtioerRecordedStreamForProUsers30 -->
  <testcase classname="Trial.SideNav_Script" name="SidenNavOffersTask10" time="0.0">
    <ignored/>
  </testcase> <!-- SidenNavOffersTask10 -->
  <testcase classname="Trial.SideNav_Script" name="SidenNavlightTheme16" time="0.0">
    <ignored/>
  </testcase> <!-- SidenNavlightTheme16 -->
  <testcase classname="Trial.SideNav_Script" name="day1buypro36" time="0.0">
    <ignored/>
  </testcase> <!-- day1buypro36 -->
  <testcase classname="Trial.LiveStream_script" name="LivebuttonotimeronstreamINSEARCH11" time="0.0">
    <ignored/>
  </testcase> <!-- LivebuttonotimeronstreamINSEARCH11 -->
  <testcase classname="Trial.SideNav_Script" name="CreatebtnIRL1" time="0.0">
    <ignored/>
  </testcase> <!-- CreatebtnIRL1 -->
  <testcase classname="Trial.SideNav_Script" name="SideNavRooterShop25" time="0.0">
    <ignored/>
  </testcase> <!-- SideNavRooterShop25 -->
  <testcase classname="Trial.LiveStream_script" name="ProRecordedStreamForProUsers29" time="0.0">
    <ignored/>
  </testcase> <!-- ProRecordedStreamForProUsers29 -->
  <testcase classname="Trial.LiveStream_script" name="livestreamwatccanwin2" time="0.0">
    <ignored/>
  </testcase> <!-- livestreamwatccanwin2 -->
  <testcase classname="Trial.SideNav_Script" name="SideNavBuyyPro24" time="0.0">
    <ignored/>
  </testcase> <!-- SideNavBuyyPro24 -->
  <testcase classname="Trial.LiveStream_script" name="liveplayershare12" time="0.0">
    <ignored/>
  </testcase> <!-- liveplayershare12 -->
  <testcase classname="Trial.LiveStream_script" name="liveStreaRecommendedFeed14" time="0.0">
    <ignored/>
  </testcase> <!-- liveStreaRecommendedFeed14 -->
  <testcase classname="Trial.SideNav_Script" name="SidenNavChangeBio15" time="0.0">
    <ignored/>
  </testcase> <!-- SidenNavChangeBio15 -->
  <testcase classname="Trial.SideNav_Script" name="SideNavRewards9" time="0.0">
    <ignored/>
  </testcase> <!-- SideNavRewards9 -->
  <testcase classname="Trial.SideNav_Script" name="SidenNavcChangeContentlocaleTelugu29" time="0.0">
    <ignored/>
  </testcase> <!-- SidenNavcChangeContentlocaleTelugu29 -->
  <testcase classname="Trial.SideNav_Script" name="SideNavContest5" time="0.0">
    <ignored/>
  </testcase> <!-- SideNavContest5 -->
  <testcase classname="Trial.SideNav_Script" name="DonationLeaderbaord39" time="0.0">
    <ignored/>
  </testcase> <!-- DonationLeaderbaord39 -->
  <testcase classname="Trial.LiveStream_script" name="livestreaminetractivepolls7" time="0.0">
    <ignored/>
  </testcase> <!-- livestreaminetractivepolls7 -->
  <testcase classname="Trial.LiveStream_script" name="ProCreatorTagoProfileTest20" time="0.0">
    <ignored/>
  </testcase> <!-- ProCreatorTagoProfileTest20 -->
  <testcase classname="Trial.SideNav_Script" name="SidenNavChangeLocation14" time="0.0">
    <ignored/>
  </testcase> <!-- SidenNavChangeLocation14 -->
  <testcase classname="Trial.SideNav_Script" name="GooglePlayCouponRedeem21" time="0.0">
    <ignored/>
  </testcase> <!-- GooglePlayCouponRedeem21 -->
  <testcase classname="Trial.LiveStream_script" name="Livebuttonotimeronstreaminprotab10" time="0.0">
    <ignored/>
  </testcase> <!-- Livebuttonotimeronstreaminprotab10 -->
  <testcase classname="Trial.SideNav_Script" name="SidenNavchnageFavoriteGame3" time="0.0">
    <ignored/>
  </testcase> <!-- SidenNavchnageFavoriteGame3 -->
  <testcase classname="Trial.SideNav_Script" name="SidenNavDarkTheme17" time="0.0">
    <ignored/>
  </testcase> <!-- SidenNavDarkTheme17 -->
  <testcase classname="Trial.SideNav_Script" name="SidenNavWatccchHistory12" time="0.0">
    <ignored/>
  </testcase> <!-- SidenNavWatccchHistory12 -->
  <testcase classname="Trial.LiveStream_script" name="DataCheckHomePage25" time="0.0">
    <ignored/>
  </testcase> <!-- DataCheckHomePage25 -->
  <testcase classname="Trial.SideNav_Script" name="SidenNavCreateVideo2" time="0.0">
    <ignored/>
  </testcase> <!-- SidenNavCreateVideo2 -->
  <testcase classname="Trial.SideNav_Script" name="RedeemedSectionBackRedirection40" time="0.0">
    <ignored/>
  </testcase> <!-- RedeemedSectionBackRedirection40 -->
  <testcase classname="Trial.LiveStream_script" name="livestreamGiftsticker15" time="0.0">
    <ignored/>
  </testcase> <!-- livestreamGiftsticker15 -->
  <testcase classname="Trial.SideNav_Script" name="SidenNavcChangeContentlocaleBengali30" time="0.0">
    <ignored/>
  </testcase> <!-- SidenNavcChangeContentlocaleBengali30 -->
  <testcase classname="Trial.LiveStream_script" name="livestreaminetractivemoreIRL8" time="0.0">
    <ignored/>
  </testcase> <!-- livestreaminetractivemoreIRL8 -->
  <testcase classname="Trial.SideNav_Script" name="day7buypro37" time="0.0">
    <ignored/>
  </testcase> <!-- day7buypro37 -->
  <testcase classname="Trial.LiveStream_script" name="liveStreamfreeStickerDonate16" time="0.0">
    <ignored/>
  </testcase> <!-- liveStreamfreeStickerDonate16 -->
  <testcase classname="Trial.LiveStream_script" name="livestreamGiftstickerINLANDSCAPE17" time="0.0">
    <ignored/>
  </testcase> <!-- livestreamGiftstickerINLANDSCAPE17 -->
  <testcase classname="Trial.LiveStream_script" name="ProStreamOpenedFanRank22" time="0.0">
    <ignored/>
  </testcase> <!-- ProStreamOpenedFanRank22 -->
  <testcase classname="Trial.LiveStream_script" name="livestreamemojis13" time="0.0">
    <ignored/>
  </testcase> <!-- livestreamemojis13 -->
  <testcase classname="Trial.SideNav_Script" name="SidenNavcChangeContentlocaleTamil28" time="0.0">
    <ignored/>
  </testcase> <!-- SidenNavcChangeContentlocaleTamil28 -->
  <testcase classname="Trial.SideNav_Script" name="SidenNavDataSaver4" time="0.0">
    <ignored/>
  </testcase> <!-- SidenNavDataSaver4 -->
  <testcase classname="Trial.LiveStream_script" name="ProBagesTet18" time="0.0">
    <ignored/>
  </testcase> <!-- ProBagesTet18 -->
</testsuite> <!-- Default Test(failed)(failed)(failed)(failed)(failed)(failed)(failed)(failed)(failed)(failed)(failed) -->
