<?xml version="1.0" encoding="UTF-8"?>
<!-- Generated by org.testng.reporters.JUnitXMLReporter -->
<testsuite ignored="17" hostname="Rooter-HarshitMishra.local" failures="4" tests="6" name="Test(failed)(failed)(failed)" time="1002.082" errors="0" timestamp="2024-07-12T18:58:08 IST">
  <testcase classname="Trial.Video_Script" name="PIPtofullscreentest2" time="206.635"/>
  <testcase classname="Trial.Video_Script" name="VideomuteunmuteafterPIP4" time="174.817">
    <failure type="org.openqa.selenium.TimeoutException" message="Expected condition failed: waiting for Trial.Video_Script$2@6ec63f8 (tried for 60 second(s) with 500 milliseconds interval)
Build info: version: &amp;apos;4.9.1&amp;apos;, revision: &amp;apos;eb2032df7f&amp;apos;
System info: os.name: &amp;apos;Mac OS X&amp;apos;, os.arch: &amp;apos;x86_64&amp;apos;, os.version: &amp;apos;14.5&amp;apos;, java.version: &amp;apos;17.0.7&amp;apos;
Driver info: io.appium.java_client.android.AndroidDriver
Capabilities {appium:appActivity: com.threesixteen.app.ui.act..., appium:appPackage: com.threesixteen.app, appium:autoGrantPermissions: true, appium:databaseEnabled: false, appium:desired: {appActivity: com.threesixteen.app.ui.act..., appPackage: com.threesixteen.app, autoGrantPermissions: true, ignoreHiddenApiPolicyError: true, noReset: true, platformName: ANDROID, platformVersion: 14}, appium:deviceApiLevel: 34, appium:deviceManufacturer: vivo, appium:deviceModel: I2127, appium:deviceName: 13793294180004Z, appium:deviceScreenDensity: 440, appium:deviceScreenSize: 1080x2408, appium:deviceUDID: 13793294180004Z, appium:ignoreHiddenApiPolicyError: true, appium:javascriptEnabled: true, appium:locationContextEnabled: false, appium:networkConnectionEnabled: true, appium:noReset: true, appium:pixelRatio: 2.75, appium:platformVersion: 14, appium:statBarHeight: 88, appium:takesScreenshot: true, appium:viewportRect: {height: 2138, left: 0, top: 88, width: 1080}, appium:warnings: {}, appium:webStorageEnabled: false, platformName: ANDROID}
Session ID: dfba7198-f42a-4405-9944-5cf0d9ecba88">
      <![CDATA[org.openqa.selenium.TimeoutException: Expected condition failed: waiting for Trial.Video_Script$2@6ec63f8 (tried for 60 second(s) with 500 milliseconds interval)
Build info: version: '4.9.1', revision: 'eb2032df7f'
System info: os.name: 'Mac OS X', os.arch: 'x86_64', os.version: '14.5', java.version: '17.0.7'
Driver info: io.appium.java_client.android.AndroidDriver
Capabilities {appium:appActivity: com.threesixteen.app.ui.act..., appium:appPackage: com.threesixteen.app, appium:autoGrantPermissions: true, appium:databaseEnabled: false, appium:desired: {appActivity: com.threesixteen.app.ui.act..., appPackage: com.threesixteen.app, autoGrantPermissions: true, ignoreHiddenApiPolicyError: true, noReset: true, platformName: ANDROID, platformVersion: 14}, appium:deviceApiLevel: 34, appium:deviceManufacturer: vivo, appium:deviceModel: I2127, appium:deviceName: 13793294180004Z, appium:deviceScreenDensity: 440, appium:deviceScreenSize: 1080x2408, appium:deviceUDID: 13793294180004Z, appium:ignoreHiddenApiPolicyError: true, appium:javascriptEnabled: true, appium:locationContextEnabled: false, appium:networkConnectionEnabled: true, appium:noReset: true, appium:pixelRatio: 2.75, appium:platformVersion: 14, appium:statBarHeight: 88, appium:takesScreenshot: true, appium:viewportRect: {height: 2138, left: 0, top: 88, width: 1080}, appium:warnings: {}, appium:webStorageEnabled: false, platformName: ANDROID}
Session ID: dfba7198-f42a-4405-9944-5cf0d9ecba88
at org.openqa.selenium.support.ui.WebDriverWait.timeoutException(WebDriverWait.java:87)
at org.openqa.selenium.support.ui.FluentWait.until(FluentWait.java:231)
at Trial.Video_Script.clickAndWaitForElementWithId(Video_Script.java:102)
at Trial.Video_Script.VideomuteunmuteafterPIP4(Video_Script.java:597)
at java.base/java.util.ArrayList.forEach(ArrayList.java:1511)
... Removed 27 stack frames]]>
    </failure>
  </testcase> <!-- VideomuteunmuteafterPIP4 -->
  <testcase classname="Trial.Video_Script" name="VideoQualitychangeafterPIP5" time="189.684">
    <failure type="org.openqa.selenium.TimeoutException" message="Expected condition failed: waiting for Trial.Video_Script$1@231b35fb (tried for 60 second(s) with 500 milliseconds interval)
Build info: version: &amp;apos;4.9.1&amp;apos;, revision: &amp;apos;eb2032df7f&amp;apos;
System info: os.name: &amp;apos;Mac OS X&amp;apos;, os.arch: &amp;apos;x86_64&amp;apos;, os.version: &amp;apos;14.5&amp;apos;, java.version: &amp;apos;17.0.7&amp;apos;
Driver info: io.appium.java_client.android.AndroidDriver
Capabilities {appium:appActivity: com.threesixteen.app.ui.act..., appium:appPackage: com.threesixteen.app, appium:autoGrantPermissions: true, appium:databaseEnabled: false, appium:desired: {appActivity: com.threesixteen.app.ui.act..., appPackage: com.threesixteen.app, autoGrantPermissions: true, ignoreHiddenApiPolicyError: true, noReset: true, platformName: ANDROID, platformVersion: 14}, appium:deviceApiLevel: 34, appium:deviceManufacturer: vivo, appium:deviceModel: I2127, appium:deviceName: 13793294180004Z, appium:deviceScreenDensity: 440, appium:deviceScreenSize: 1080x2408, appium:deviceUDID: 13793294180004Z, appium:ignoreHiddenApiPolicyError: true, appium:javascriptEnabled: true, appium:locationContextEnabled: false, appium:networkConnectionEnabled: true, appium:noReset: true, appium:pixelRatio: 2.75, appium:platformVersion: 14, appium:statBarHeight: 88, appium:takesScreenshot: true, appium:viewportRect: {height: 2138, left: 0, top: 88, width: 1080}, appium:warnings: {}, appium:webStorageEnabled: false, platformName: ANDROID}
Session ID: 5e5f9980-6966-42bd-80db-62fe2d853b56">
      <![CDATA[org.openqa.selenium.TimeoutException: Expected condition failed: waiting for Trial.Video_Script$1@231b35fb (tried for 60 second(s) with 500 milliseconds interval)
Build info: version: '4.9.1', revision: 'eb2032df7f'
System info: os.name: 'Mac OS X', os.arch: 'x86_64', os.version: '14.5', java.version: '17.0.7'
Driver info: io.appium.java_client.android.AndroidDriver
Capabilities {appium:appActivity: com.threesixteen.app.ui.act..., appium:appPackage: com.threesixteen.app, appium:autoGrantPermissions: true, appium:databaseEnabled: false, appium:desired: {appActivity: com.threesixteen.app.ui.act..., appPackage: com.threesixteen.app, autoGrantPermissions: true, ignoreHiddenApiPolicyError: true, noReset: true, platformName: ANDROID, platformVersion: 14}, appium:deviceApiLevel: 34, appium:deviceManufacturer: vivo, appium:deviceModel: I2127, appium:deviceName: 13793294180004Z, appium:deviceScreenDensity: 440, appium:deviceScreenSize: 1080x2408, appium:deviceUDID: 13793294180004Z, appium:ignoreHiddenApiPolicyError: true, appium:javascriptEnabled: true, appium:locationContextEnabled: false, appium:networkConnectionEnabled: true, appium:noReset: true, appium:pixelRatio: 2.75, appium:platformVersion: 14, appium:statBarHeight: 88, appium:takesScreenshot: true, appium:viewportRect: {height: 2138, left: 0, top: 88, width: 1080}, appium:warnings: {}, appium:webStorageEnabled: false, platformName: ANDROID}
Session ID: 5e5f9980-6966-42bd-80db-62fe2d853b56
at org.openqa.selenium.support.ui.WebDriverWait.timeoutException(WebDriverWait.java:87)
at org.openqa.selenium.support.ui.FluentWait.until(FluentWait.java:231)
at Trial.Video_Script.clickAndWaitForElementWithXpath1(Video_Script.java:83)
at Trial.Video_Script.ExoQualityChange(Video_Script.java:211)
at Trial.Video_Script.VideoQualitychangeafterPIP5(Video_Script.java:630)
at java.base/java.util.ArrayList.forEach(ArrayList.java:1511)
... Removed 27 stack frames]]>
    </failure>
  </testcase> <!-- VideoQualitychangeafterPIP5 -->
  <testcase classname="Trial.Video_Script" name="Videoplayerrotate14" time="67.234"/>
  <testcase classname="Trial.Video_Script" name="VideoPlayerTimerMuteButton18" time="87.81">
    <failure type="org.openqa.selenium.TimeoutException" message="Expected condition failed: waiting for Trial.Video_Script$1@2c9cafa5 (tried for 60 second(s) with 500 milliseconds interval)
Build info: version: &amp;apos;4.9.1&amp;apos;, revision: &amp;apos;eb2032df7f&amp;apos;
System info: os.name: &amp;apos;Mac OS X&amp;apos;, os.arch: &amp;apos;x86_64&amp;apos;, os.version: &amp;apos;14.5&amp;apos;, java.version: &amp;apos;17.0.7&amp;apos;
Driver info: io.appium.java_client.android.AndroidDriver
Capabilities {appium:appActivity: com.threesixteen.app.ui.act..., appium:appPackage: com.threesixteen.app, appium:autoGrantPermissions: true, appium:databaseEnabled: false, appium:desired: {appActivity: com.threesixteen.app.ui.act..., appPackage: com.threesixteen.app, autoGrantPermissions: true, ignoreHiddenApiPolicyError: true, noReset: true, platformName: ANDROID, platformVersion: 14}, appium:deviceApiLevel: 34, appium:deviceManufacturer: vivo, appium:deviceModel: I2127, appium:deviceName: 13793294180004Z, appium:deviceScreenDensity: 440, appium:deviceScreenSize: 1080x2408, appium:deviceUDID: 13793294180004Z, appium:ignoreHiddenApiPolicyError: true, appium:javascriptEnabled: true, appium:locationContextEnabled: false, appium:networkConnectionEnabled: true, appium:noReset: true, appium:pixelRatio: 2.75, appium:platformVersion: 14, appium:statBarHeight: 88, appium:takesScreenshot: true, appium:viewportRect: {height: 2138, left: 0, top: 88, width: 1080}, appium:warnings: {}, appium:webStorageEnabled: false, platformName: ANDROID}
Session ID: 35877ded-6af3-4f2b-acd6-2a1ddf606322">
      <![CDATA[org.openqa.selenium.TimeoutException: Expected condition failed: waiting for Trial.Video_Script$1@2c9cafa5 (tried for 60 second(s) with 500 milliseconds interval)
Build info: version: '4.9.1', revision: 'eb2032df7f'
System info: os.name: 'Mac OS X', os.arch: 'x86_64', os.version: '14.5', java.version: '17.0.7'
Driver info: io.appium.java_client.android.AndroidDriver
Capabilities {appium:appActivity: com.threesixteen.app.ui.act..., appium:appPackage: com.threesixteen.app, appium:autoGrantPermissions: true, appium:databaseEnabled: false, appium:desired: {appActivity: com.threesixteen.app.ui.act..., appPackage: com.threesixteen.app, autoGrantPermissions: true, ignoreHiddenApiPolicyError: true, noReset: true, platformName: ANDROID, platformVersion: 14}, appium:deviceApiLevel: 34, appium:deviceManufacturer: vivo, appium:deviceModel: I2127, appium:deviceName: 13793294180004Z, appium:deviceScreenDensity: 440, appium:deviceScreenSize: 1080x2408, appium:deviceUDID: 13793294180004Z, appium:ignoreHiddenApiPolicyError: true, appium:javascriptEnabled: true, appium:locationContextEnabled: false, appium:networkConnectionEnabled: true, appium:noReset: true, appium:pixelRatio: 2.75, appium:platformVersion: 14, appium:statBarHeight: 88, appium:takesScreenshot: true, appium:viewportRect: {height: 2138, left: 0, top: 88, width: 1080}, appium:warnings: {}, appium:webStorageEnabled: false, platformName: ANDROID}
Session ID: 35877ded-6af3-4f2b-acd6-2a1ddf606322
at org.openqa.selenium.support.ui.WebDriverWait.timeoutException(WebDriverWait.java:87)
at org.openqa.selenium.support.ui.FluentWait.until(FluentWait.java:231)
at Trial.Video_Script.clickAndWaitForElementWithXpath1(Video_Script.java:83)
at Trial.Video_Script.VideoPlayerTimerMuteButton18(Video_Script.java:1103)
at java.base/java.util.ArrayList.forEach(ArrayList.java:1511)
... Removed 27 stack frames]]>
    </failure>
  </testcase> <!-- VideoPlayerTimerMuteButton18 -->
  <testcase classname="Trial.Video_Script" name="SearchVideoPIP21" time="118.174">
    <failure type="org.openqa.selenium.TimeoutException" message="Expected condition failed: waiting for Trial.Video_Script$1@4213bc3e (tried for 60 second(s) with 500 milliseconds interval)
Build info: version: &amp;apos;4.9.1&amp;apos;, revision: &amp;apos;eb2032df7f&amp;apos;
System info: os.name: &amp;apos;Mac OS X&amp;apos;, os.arch: &amp;apos;x86_64&amp;apos;, os.version: &amp;apos;14.5&amp;apos;, java.version: &amp;apos;17.0.7&amp;apos;
Driver info: io.appium.java_client.android.AndroidDriver
Capabilities {appium:appActivity: com.threesixteen.app.ui.act..., appium:appPackage: com.threesixteen.app, appium:autoGrantPermissions: true, appium:databaseEnabled: false, appium:desired: {appActivity: com.threesixteen.app.ui.act..., appPackage: com.threesixteen.app, autoGrantPermissions: true, ignoreHiddenApiPolicyError: true, noReset: true, platformName: ANDROID, platformVersion: 14}, appium:deviceApiLevel: 34, appium:deviceManufacturer: vivo, appium:deviceModel: I2127, appium:deviceName: 13793294180004Z, appium:deviceScreenDensity: 440, appium:deviceScreenSize: 1080x2408, appium:deviceUDID: 13793294180004Z, appium:ignoreHiddenApiPolicyError: true, appium:javascriptEnabled: true, appium:locationContextEnabled: false, appium:networkConnectionEnabled: true, appium:noReset: true, appium:pixelRatio: 2.75, appium:platformVersion: 14, appium:statBarHeight: 88, appium:takesScreenshot: true, appium:viewportRect: {height: 2138, left: 0, top: 88, width: 1080}, appium:warnings: {}, appium:webStorageEnabled: false, platformName: ANDROID}
Session ID: e197e2df-7cb8-4f32-8635-bbd5ccfe7d69">
      <![CDATA[org.openqa.selenium.TimeoutException: Expected condition failed: waiting for Trial.Video_Script$1@4213bc3e (tried for 60 second(s) with 500 milliseconds interval)
Build info: version: '4.9.1', revision: 'eb2032df7f'
System info: os.name: 'Mac OS X', os.arch: 'x86_64', os.version: '14.5', java.version: '17.0.7'
Driver info: io.appium.java_client.android.AndroidDriver
Capabilities {appium:appActivity: com.threesixteen.app.ui.act..., appium:appPackage: com.threesixteen.app, appium:autoGrantPermissions: true, appium:databaseEnabled: false, appium:desired: {appActivity: com.threesixteen.app.ui.act..., appPackage: com.threesixteen.app, autoGrantPermissions: true, ignoreHiddenApiPolicyError: true, noReset: true, platformName: ANDROID, platformVersion: 14}, appium:deviceApiLevel: 34, appium:deviceManufacturer: vivo, appium:deviceModel: I2127, appium:deviceName: 13793294180004Z, appium:deviceScreenDensity: 440, appium:deviceScreenSize: 1080x2408, appium:deviceUDID: 13793294180004Z, appium:ignoreHiddenApiPolicyError: true, appium:javascriptEnabled: true, appium:locationContextEnabled: false, appium:networkConnectionEnabled: true, appium:noReset: true, appium:pixelRatio: 2.75, appium:platformVersion: 14, appium:statBarHeight: 88, appium:takesScreenshot: true, appium:viewportRect: {height: 2138, left: 0, top: 88, width: 1080}, appium:warnings: {}, appium:webStorageEnabled: false, platformName: ANDROID}
Session ID: e197e2df-7cb8-4f32-8635-bbd5ccfe7d69
at org.openqa.selenium.support.ui.WebDriverWait.timeoutException(WebDriverWait.java:87)
at org.openqa.selenium.support.ui.FluentWait.until(FluentWait.java:231)
at Trial.Video_Script.clickAndWaitForElementWithXpath1(Video_Script.java:83)
at Trial.Video_Script.SearchVideoPIP21(Video_Script.java:1357)
at java.base/java.util.ArrayList.forEach(ArrayList.java:1511)
... Removed 27 stack frames]]>
    </failure>
  </testcase> <!-- SearchVideoPIP21 -->
  <testcase classname="Trial.Video_Script" name="MinecraftSearchVideolikecommentandsharecount19" time="0.0">
    <ignored/>
  </testcase> <!-- MinecraftSearchVideolikecommentandsharecount19 -->
  <testcase classname="Trial.Video_Script" name="MinecraftSearchVideoTest13" time="0.0">
    <ignored/>
  </testcase> <!-- MinecraftSearchVideoTest13 -->
  <testcase classname="Trial.Video_Script" name="IRLSearchVideoTest12" time="0.0">
    <ignored/>
  </testcase> <!-- IRLSearchVideoTest12 -->
  <testcase classname="Trial.Video_Script" name="VideomuteUnmuteAfterScreenRtoatatE20" time="0.0">
    <ignored/>
  </testcase> <!-- VideomuteUnmuteAfterScreenRtoatatE20 -->
  <testcase classname="Trial.Video_Script" name="SearcchVideoplayerComment10" time="0.0">
    <ignored/>
  </testcase> <!-- SearcchVideoplayerComment10 -->
  <testcase classname="Trial.Video_Script" name="videoqualitychnage15" time="0.0">
    <ignored/>
  </testcase> <!-- videoqualitychnage15 -->
  <testcase classname="Trial.Video_Script" name="searchvideoplayerLikeWatchNWin11" time="0.0">
    <ignored/>
  </testcase> <!-- searchvideoplayerLikeWatchNWin11 -->
  <testcase classname="Trial.Video_Script" name="Videoplayerplaybackspeed17" time="0.0">
    <ignored/>
  </testcase> <!-- Videoplayerplaybackspeed17 -->
  <testcase classname="Trial.Video_Script" name="Videotagsandtimer191" time="0.0">
    <ignored/>
  </testcase> <!-- Videotagsandtimer191 -->
  <testcase classname="Trial.Video_Script" name="VideoqualityChangeAfterRotation23" time="0.0">
    <ignored/>
  </testcase> <!-- VideoqualityChangeAfterRotation23 -->
  <testcase classname="Trial.Video_Script" name="videoplayerQualitychangeminiplayertofull01" time="0.0">
    <ignored/>
  </testcase> <!-- videoplayerQualitychangeminiplayertofull01 -->
  <testcase classname="Trial.Video_Script" name="VideoPlayerForwardBackward6" time="0.0">
    <ignored/>
  </testcase> <!-- VideoPlayerForwardBackward6 -->
  <testcase classname="Trial.Video_Script" name="VideoPlayerComment7" time="0.0">
    <ignored/>
  </testcase> <!-- VideoPlayerComment7 -->
  <testcase classname="Trial.Video_Script" name="VideoMiniPlayerTabSwittch9" time="0.0">
    <ignored/>
  </testcase> <!-- VideoMiniPlayerTabSwittch9 -->
  <testcase classname="Trial.Video_Script" name="Videoplayermuteunute16" time="0.0">
    <ignored/>
  </testcase> <!-- Videoplayermuteunute16 -->
  <testcase classname="Trial.Video_Script" name="SearchVideoRotate22" time="0.0">
    <ignored/>
  </testcase> <!-- SearchVideoRotate22 -->
  <testcase classname="Trial.Video_Script" name="VideoWatcchAndWinCoinsDetailsandRecommededVideo8" time="0.0">
    <ignored/>
  </testcase> <!-- VideoWatcchAndWinCoinsDetailsandRecommededVideo8 -->
</testsuite> <!-- Test(failed)(failed)(failed) -->
